{"uid":"21a3e25d19f10e2","name":"LoginWithWrongUserNameOrPassword(\"e_liska@mail.ru\",\"12345\")","fullName":"TestRail:TestRail.Tests.UI.LoginTests.LoginWithWrongUserNameOrPassword(System.String,System.String)","historyId":"06de1abf5d3cd832c5579b74a3063162","time":{"start":1717983509308,"stop":1717983509407,"duration":99},"description":"Check the error messages if username or password are incorrect","descriptionHtml":"<p>Check the error messages if username or password are incorrect</p>\n","status":"broken","statusMessage":"System.Reflection.TargetInvocationException : Exception has been thrown by the target of an invocation.\n  ----> System.NullReferenceException : Object reference not set to an instance of an object.\nTearDown : System.Reflection.TargetInvocationException : Exception has been thrown by the target of an invocation.\n  ----> System.NullReferenceException : Object reference not set to an instance of an object.","statusTrace":"   at System.Reflection.MethodBaseInvoker.InvokeWithManyArgs(Object obj, BindingFlags invokeAttr, Binder binder, Object[] parameters, CultureInfo culture)\n   at Allure.Net.Commons.Steps.AllureStepAspectBase.Around(String name, Object[] args, Func`2 target, MethodBase metadata, Type returnType)\n   at TestRail.BaseEntities.BaseTest.__a$_around_SetupBaseTest_100663574_w_0(Object[])\n   at TestRail.BaseEntities.BaseTest.SetupBaseTest()\n   at InvokeStub_BaseTest.SetupBaseTest(Object, Object, IntPtr*)\n   at System.Reflection.MethodBaseInvoker.InvokeWithNoArgs(Object obj, BindingFlags invokeAttr)\n--NullReferenceException\n   at TestRail.Core.DriverFactory.GetFireFoxDriver() in /home/runner/work/TestRail/TestRail/Core/DriverFactory.cs:line 31\n   at TestRail.Core.Browser..ctor() in /home/runner/work/TestRail/TestRail/Core/Browser.cs:line 20\n   at TestRail.BaseEntities.BaseTest.__a$_around_SetupBaseTest_100663574_o() in /home/runner/work/TestRail/TestRail/BaseEntities/BaseTest.cs:line 30\n   at TestRail.BaseEntities.BaseTest.__a$_around_SetupBaseTest_100663574_u(Object[])\n   at Allure.Net.Commons.Steps.AllureAbstractStepAspect.WrapSyncVoid(Func`2 target, Object[] args, MethodBase metadata, String stepName, List`1 stepParameters)\n   at InvokeStub_AllureAbstractStepAspect.WrapSyncVoid(Object, Span`1)\n   at System.Reflection.MethodBaseInvoker.InvokeWithManyArgs(Object obj, BindingFlags invokeAttr, Binder binder, Object[] parameters, CultureInfo culture)\n--TearDown\n   at System.Reflection.MethodBaseInvoker.InvokeWithManyArgs(Object obj, BindingFlags invokeAttr, Binder binder, Object[] parameters, CultureInfo culture)\n   at Allure.Net.Commons.Steps.AllureStepAspectBase.Around(String name, Object[] args, Func`2 target, MethodBase metadata, Type returnType)\n   at TestRail.BaseEntities.BaseTest.__a$_around_TearDownBaseTest_100663575_w_1(Object[])\n   at Allure.NUnit.Internals.StopContainerAspect.StopTestContainerAfterTheLastOneTimeTearDown(Func`2 target, Object[] arguments, MethodBase metadata)\n   at TestRail.BaseEntities.BaseTest.__a$_around_TearDownBaseTest_100663575_w_0(Object[])\n   at TestRail.BaseEntities.BaseTest.TearDownBaseTest()\n   at System.RuntimeMethodHandle.InvokeMethod(Object target, Void** arguments, Signature sig, Boolean isConstructor)\n   at System.Reflection.MethodBaseInvoker.InvokeWithNoArgs(Object obj, BindingFlags invokeAttr)\n--NullReferenceException\n   at TestRail.BaseEntities.BaseTest.__a$_around_TearDownBaseTest_100663575_o() in /home/runner/work/TestRail/TestRail/BaseEntities/BaseTest.cs:line 64\n   at TestRail.BaseEntities.BaseTest.__a$_around_TearDownBaseTest_100663575_u(Object[])\n   at Allure.Net.Commons.Steps.AllureAbstractStepAspect.WrapSyncVoid(Func`2 target, Object[] args, MethodBase metadata, String stepName, List`1 stepParameters)\n   at InvokeStub_AllureAbstractStepAspect.WrapSyncVoid(Object, Span`1)\n   at System.Reflection.MethodBaseInvoker.InvokeWithManyArgs(Object obj, BindingFlags invokeAttr, Binder binder, Object[] parameters, CultureInfo culture)","flaky":false,"newFailed":false,"newBroken":true,"newPassed":false,"retriesCount":0,"retriesStatusChange":false,"beforeStages":[{"name":"Setup API client","time":{"start":1717983509323,"stop":1717983509356,"duration":33},"status":"passed","steps":[],"attachments":[],"parameters":[],"attachmentsCount":0,"shouldDisplayMessage":false,"stepsCount":0,"hasContent":false},{"name":"Setup driver","time":{"start":1717983509356,"stop":1717983509368,"duration":12},"status":"broken","statusMessage":"Object reference not set to an instance of an object.","statusTrace":"System.NullReferenceException: Object reference not set to an instance of an object.\n   at TestRail.Core.DriverFactory.GetFireFoxDriver() in /home/runner/work/TestRail/TestRail/Core/DriverFactory.cs:line 31\n   at TestRail.Core.Browser..ctor() in /home/runner/work/TestRail/TestRail/Core/Browser.cs:line 20\n   at TestRail.BaseEntities.BaseTest.__a$_around_SetupBaseTest_100663574_o() in /home/runner/work/TestRail/TestRail/BaseEntities/BaseTest.cs:line 30\n   at TestRail.BaseEntities.BaseTest.__a$_around_SetupBaseTest_100663574_u(Object[])\n   at Allure.Net.Commons.Steps.AllureAbstractStepAspect.WrapSyncVoid(Func`2 target, Object[] args, MethodBase metadata, String stepName, List`1 stepParameters)","steps":[],"attachments":[],"parameters":[],"attachmentsCount":0,"shouldDisplayMessage":true,"stepsCount":0,"hasContent":true}],"testStage":{"description":"Check the error messages if username or password are incorrect","status":"broken","statusMessage":"System.Reflection.TargetInvocationException : Exception has been thrown by the target of an invocation.\n  ----> System.NullReferenceException : Object reference not set to an instance of an object.\nTearDown : System.Reflection.TargetInvocationException : Exception has been thrown by the target of an invocation.\n  ----> System.NullReferenceException : Object reference not set to an instance of an object.","statusTrace":"   at System.Reflection.MethodBaseInvoker.InvokeWithManyArgs(Object obj, BindingFlags invokeAttr, Binder binder, Object[] parameters, CultureInfo culture)\n   at Allure.Net.Commons.Steps.AllureStepAspectBase.Around(String name, Object[] args, Func`2 target, MethodBase metadata, Type returnType)\n   at TestRail.BaseEntities.BaseTest.__a$_around_SetupBaseTest_100663574_w_0(Object[])\n   at TestRail.BaseEntities.BaseTest.SetupBaseTest()\n   at InvokeStub_BaseTest.SetupBaseTest(Object, Object, IntPtr*)\n   at System.Reflection.MethodBaseInvoker.InvokeWithNoArgs(Object obj, BindingFlags invokeAttr)\n--NullReferenceException\n   at TestRail.Core.DriverFactory.GetFireFoxDriver() in /home/runner/work/TestRail/TestRail/Core/DriverFactory.cs:line 31\n   at TestRail.Core.Browser..ctor() in /home/runner/work/TestRail/TestRail/Core/Browser.cs:line 20\n   at TestRail.BaseEntities.BaseTest.__a$_around_SetupBaseTest_100663574_o() in /home/runner/work/TestRail/TestRail/BaseEntities/BaseTest.cs:line 30\n   at TestRail.BaseEntities.BaseTest.__a$_around_SetupBaseTest_100663574_u(Object[])\n   at Allure.Net.Commons.Steps.AllureAbstractStepAspect.WrapSyncVoid(Func`2 target, Object[] args, MethodBase metadata, String stepName, List`1 stepParameters)\n   at InvokeStub_AllureAbstractStepAspect.WrapSyncVoid(Object, Span`1)\n   at System.Reflection.MethodBaseInvoker.InvokeWithManyArgs(Object obj, BindingFlags invokeAttr, Binder binder, Object[] parameters, CultureInfo culture)\n--TearDown\n   at System.Reflection.MethodBaseInvoker.InvokeWithManyArgs(Object obj, BindingFlags invokeAttr, Binder binder, Object[] parameters, CultureInfo culture)\n   at Allure.Net.Commons.Steps.AllureStepAspectBase.Around(String name, Object[] args, Func`2 target, MethodBase metadata, Type returnType)\n   at TestRail.BaseEntities.BaseTest.__a$_around_TearDownBaseTest_100663575_w_1(Object[])\n   at Allure.NUnit.Internals.StopContainerAspect.StopTestContainerAfterTheLastOneTimeTearDown(Func`2 target, Object[] arguments, MethodBase metadata)\n   at TestRail.BaseEntities.BaseTest.__a$_around_TearDownBaseTest_100663575_w_0(Object[])\n   at TestRail.BaseEntities.BaseTest.TearDownBaseTest()\n   at System.RuntimeMethodHandle.InvokeMethod(Object target, Void** arguments, Signature sig, Boolean isConstructor)\n   at System.Reflection.MethodBaseInvoker.InvokeWithNoArgs(Object obj, BindingFlags invokeAttr)\n--NullReferenceException\n   at TestRail.BaseEntities.BaseTest.__a$_around_TearDownBaseTest_100663575_o() in /home/runner/work/TestRail/TestRail/BaseEntities/BaseTest.cs:line 64\n   at TestRail.BaseEntities.BaseTest.__a$_around_TearDownBaseTest_100663575_u(Object[])\n   at Allure.Net.Commons.Steps.AllureAbstractStepAspect.WrapSyncVoid(Func`2 target, Object[] args, MethodBase metadata, String stepName, List`1 stepParameters)\n   at InvokeStub_AllureAbstractStepAspect.WrapSyncVoid(Object, Span`1)\n   at System.Reflection.MethodBaseInvoker.InvokeWithManyArgs(Object obj, BindingFlags invokeAttr, Binder binder, Object[] parameters, CultureInfo culture)","steps":[],"attachments":[{"uid":"b65b91e46168adb2","name":"Console Output","source":"b65b91e46168adb2.txt","type":"text/plain","size":484}],"parameters":[],"attachmentsCount":1,"shouldDisplayMessage":true,"stepsCount":0,"hasContent":true},"afterStages":[{"name":"Driver dispose","time":{"start":1717983509373,"stop":1717983509395,"duration":22},"status":"broken","statusMessage":"Object reference not set to an instance of an object.","statusTrace":"System.NullReferenceException: Object reference not set to an instance of an object.\n   at TestRail.BaseEntities.BaseTest.__a$_around_TearDownBaseTest_100663575_o() in /home/runner/work/TestRail/TestRail/BaseEntities/BaseTest.cs:line 64\n   at TestRail.BaseEntities.BaseTest.__a$_around_TearDownBaseTest_100663575_u(Object[])\n   at Allure.Net.Commons.Steps.AllureAbstractStepAspect.WrapSyncVoid(Func`2 target, Object[] args, MethodBase metadata, String stepName, List`1 stepParameters)","steps":[],"attachments":[],"parameters":[],"attachmentsCount":0,"shouldDisplayMessage":true,"stepsCount":0,"hasContent":true},{"name":"API client dispose","time":{"start":1717983509396,"stop":1717983509396,"duration":0},"status":"passed","steps":[],"attachments":[],"parameters":[],"attachmentsCount":0,"shouldDisplayMessage":false,"stepsCount":0,"hasContent":false}],"labels":[{"name":"thread","value":"ParallelWorker#3"},{"name":"host","value":"fv-az1432-738"},{"name":"language","value":"C#"},{"name":"framework","value":"NUnit 3"},{"name":"package","value":"TestRail.Tests.UI"},{"name":"testMethod","value":"LoginWithWrongUserNameOrPassword"},{"name":"testClass","value":"LoginTests"},{"name":"severity","value":"critical"},{"name":"feature","value":"LoginTests"},{"name":"owner","value":"EAntonova"},{"name":"epic","value":"TestRail"},{"name":"tag","value":"SmokeTests"},{"name":"tag","value":"LoginTests"},{"name":"resultFormat","value":"allure2"}],"parameters":[{"name":"password","value":"\"12345\""},{"name":"userName","value":"\"e_liska@mail.ru\""}],"links":[],"hidden":false,"retry":false,"extra":{"severity":"critical","owner":"EAntonova","retries":[],"categories":[{"name":"Test defects","matchedStatuses":[],"flaky":false}],"history":{"statistic":{"failed":0,"broken":2,"skipped":0,"passed":19,"unknown":0,"total":21},"items":[{"uid":"461f21f5d8b01e63","reportUrl":"https://Liska07.github.io/TestRail/40//#testresult/461f21f5d8b01e63","status":"passed","time":{"start":1717980768930,"stop":1717980771239,"duration":2309}},{"uid":"e21eddcc1412a30","reportUrl":"https://Liska07.github.io/TestRail/38//#testresult/e21eddcc1412a30","status":"passed","time":{"start":1717975895056,"stop":1717975897560,"duration":2504}},{"uid":"7e27056cb23608e9","reportUrl":"https://Liska07.github.io/TestRail/37//#testresult/7e27056cb23608e9","status":"passed","time":{"start":1717975602426,"stop":1717975604843,"duration":2417}},{"uid":"8d94d21adee3942a","reportUrl":"https://Liska07.github.io/TestRail/36//#testresult/8d94d21adee3942a","status":"passed","time":{"start":1717941383972,"stop":1717941385609,"duration":1637}},{"uid":"e3498ccf6f914989","reportUrl":"https://Liska07.github.io/TestRail/33//#testresult/e3498ccf6f914989","status":"passed","time":{"start":1717898199758,"stop":1717898202847,"duration":3089}},{"uid":"61c46b96c88e5f36","reportUrl":"https://Liska07.github.io/TestRail/32//#testresult/61c46b96c88e5f36","status":"passed","time":{"start":1717895594741,"stop":1717895597204,"duration":2463}},{"uid":"94775d761351ba71","reportUrl":"https://Liska07.github.io/TestRail/30//#testresult/94775d761351ba71","status":"passed","time":{"start":1717894545623,"stop":1717894548765,"duration":3142}},{"uid":"15708c686d2e78fd","reportUrl":"https://Liska07.github.io/TestRail/29//#testresult/15708c686d2e78fd","status":"passed","time":{"start":1717893958665,"stop":1717893960855,"duration":2190}},{"uid":"6c01de71d61afe3c","reportUrl":"https://Liska07.github.io/TestRail/28//#testresult/6c01de71d61afe3c","status":"passed","time":{"start":1717893701620,"stop":1717893703362,"duration":1742}},{"uid":"ae7f5b39bd218bb5","reportUrl":"https://Liska07.github.io/TestRail/25//#testresult/ae7f5b39bd218bb5","status":"passed","time":{"start":1717880903913,"stop":1717880906131,"duration":2218}},{"uid":"d8b912f6d17b04e2","reportUrl":"https://Liska07.github.io/TestRail/23//#testresult/d8b912f6d17b04e2","status":"passed","time":{"start":1717877009640,"stop":1717877011794,"duration":2154}},{"uid":"4963388cfd0a54c4","reportUrl":"https://Liska07.github.io/TestRail/22//#testresult/4963388cfd0a54c4","status":"passed","time":{"start":1717876688894,"stop":1717876691972,"duration":3078}},{"uid":"d64284dd8b1a166f","reportUrl":"https://Liska07.github.io/TestRail/20//#testresult/d64284dd8b1a166f","status":"passed","time":{"start":1717867200187,"stop":1717867202560,"duration":2373}},{"uid":"2923e619065e2a7f","reportUrl":"https://Liska07.github.io/TestRail/18//#testresult/2923e619065e2a7f","status":"passed","time":{"start":1717863669076,"stop":1717863672155,"duration":3079}},{"uid":"5cf4a1620b01df6a","reportUrl":"https://Liska07.github.io/TestRail/16//#testresult/5cf4a1620b01df6a","status":"broken","statusDetails":"System.Reflection.TargetInvocationException : Exception has been thrown by the target of an invocation.\n  ----> OpenQA.Selenium.WebDriverException : The HTTP request to the remote WebDriver server for URL http://localhost:46557/session timed out after 60 seconds.\n  ----> System.Threading.Tasks.TaskCanceledException : The request was canceled due to the configured HttpClient.Timeout of 60 seconds elapsing.\n  ----> System.TimeoutException : The operation was canceled.\n  ----> System.Threading.Tasks.TaskCanceledException : The operation was canceled.\n  ----> System.IO.IOException : Unable to read data from the transport connection: Operation canceled.\n  ----> System.Net.Sockets.SocketException : Operation canceled\nTearDown : System.Reflection.TargetInvocationException : Exception has been thrown by the target of an invocation.\n  ----> System.NullReferenceException : Object reference not set to an instance of an object.","time":{"start":1717859832368,"stop":1717859892520,"duration":60152}},{"uid":"9ea50da0d365a832","reportUrl":"https://Liska07.github.io/TestRail/15//#testresult/9ea50da0d365a832","status":"passed","time":{"start":1717855006068,"stop":1717855008532,"duration":2464}},{"uid":"ab90d264988a4e06","reportUrl":"https://Liska07.github.io/TestRail/14//#testresult/ab90d264988a4e06","status":"passed","time":{"start":1717768573049,"stop":1717768576017,"duration":2968}},{"uid":"273ed36d7c4b5b8b","reportUrl":"https://Liska07.github.io/TestRail/13//#testresult/273ed36d7c4b5b8b","status":"passed","time":{"start":1717682203301,"stop":1717682205274,"duration":1973}},{"uid":"27e3bb46ecf26f51","reportUrl":"https://Liska07.github.io/TestRail/12//#testresult/27e3bb46ecf26f51","status":"passed","time":{"start":1717595800544,"stop":1717595802794,"duration":2250}},{"uid":"7f45e85547621844","reportUrl":"https://Liska07.github.io/TestRail/10//#testresult/7f45e85547621844","status":"passed","time":{"start":1717526621918,"stop":1717526626031,"duration":4113}}]},"tags":["SmokeTests","LoginTests"]},"source":"21a3e25d19f10e2.json","parameterValues":["\"12345\"","\"e_liska@mail.ru\""]}