{"uid":"8788471ccdf91026","name":"LoginWithWrongUserNameOrPassword(\"' OR '1'='1\",\"' OR '1'='1\")","fullName":"TestRail:TestRail.Tests.UI.LoginTests.LoginWithWrongUserNameOrPassword(System.String,System.String)","historyId":"0644b35e97dfa47689acbb53c6a00ebd","time":{"start":1717983509435,"stop":1717983509441,"duration":6},"description":"Check the error messages if username or password are incorrect","descriptionHtml":"<p>Check the error messages if username or password are incorrect</p>\n","status":"broken","statusMessage":"System.Reflection.TargetInvocationException : Exception has been thrown by the target of an invocation.\n  ----> System.NullReferenceException : Object reference not set to an instance of an object.\nTearDown : System.Reflection.TargetInvocationException : Exception has been thrown by the target of an invocation.\n  ----> System.NullReferenceException : Object reference not set to an instance of an object.","statusTrace":"   at System.Reflection.MethodBaseInvoker.InvokeWithManyArgs(Object obj, BindingFlags invokeAttr, Binder binder, Object[] parameters, CultureInfo culture)\n   at Allure.Net.Commons.Steps.AllureStepAspectBase.Around(String name, Object[] args, Func`2 target, MethodBase metadata, Type returnType)\n   at TestRail.BaseEntities.BaseTest.__a$_around_SetupBaseTest_100663574_w_0(Object[])\n   at TestRail.BaseEntities.BaseTest.SetupBaseTest()\n   at InvokeStub_BaseTest.SetupBaseTest(Object, Object, IntPtr*)\n   at System.Reflection.MethodBaseInvoker.InvokeWithNoArgs(Object obj, BindingFlags invokeAttr)\n--NullReferenceException\n   at TestRail.Core.DriverFactory.GetFireFoxDriver() in /home/runner/work/TestRail/TestRail/Core/DriverFactory.cs:line 31\n   at TestRail.Core.Browser..ctor() in /home/runner/work/TestRail/TestRail/Core/Browser.cs:line 20\n   at TestRail.BaseEntities.BaseTest.__a$_around_SetupBaseTest_100663574_o() in /home/runner/work/TestRail/TestRail/BaseEntities/BaseTest.cs:line 30\n   at TestRail.BaseEntities.BaseTest.__a$_around_SetupBaseTest_100663574_u(Object[])\n   at Allure.Net.Commons.Steps.AllureAbstractStepAspect.WrapSyncVoid(Func`2 target, Object[] args, MethodBase metadata, String stepName, List`1 stepParameters)\n   at InvokeStub_AllureAbstractStepAspect.WrapSyncVoid(Object, Span`1)\n   at System.Reflection.MethodBaseInvoker.InvokeWithManyArgs(Object obj, BindingFlags invokeAttr, Binder binder, Object[] parameters, CultureInfo culture)\n--TearDown\n   at System.Reflection.MethodBaseInvoker.InvokeWithManyArgs(Object obj, BindingFlags invokeAttr, Binder binder, Object[] parameters, CultureInfo culture)\n   at Allure.Net.Commons.Steps.AllureStepAspectBase.Around(String name, Object[] args, Func`2 target, MethodBase metadata, Type returnType)\n   at TestRail.BaseEntities.BaseTest.__a$_around_TearDownBaseTest_100663575_w_1(Object[])\n   at Allure.NUnit.Internals.StopContainerAspect.StopTestContainerAfterTheLastOneTimeTearDown(Func`2 target, Object[] arguments, MethodBase metadata)\n   at TestRail.BaseEntities.BaseTest.__a$_around_TearDownBaseTest_100663575_w_0(Object[])\n   at TestRail.BaseEntities.BaseTest.TearDownBaseTest()\n   at InvokeStub_BaseTest.TearDownBaseTest(Object, Object, IntPtr*)\n   at System.Reflection.MethodBaseInvoker.InvokeWithNoArgs(Object obj, BindingFlags invokeAttr)\n--NullReferenceException\n   at TestRail.BaseEntities.BaseTest.__a$_around_TearDownBaseTest_100663575_o() in /home/runner/work/TestRail/TestRail/BaseEntities/BaseTest.cs:line 64\n   at TestRail.BaseEntities.BaseTest.__a$_around_TearDownBaseTest_100663575_u(Object[])\n   at Allure.Net.Commons.Steps.AllureAbstractStepAspect.WrapSyncVoid(Func`2 target, Object[] args, MethodBase metadata, String stepName, List`1 stepParameters)\n   at InvokeStub_AllureAbstractStepAspect.WrapSyncVoid(Object, Span`1)\n   at System.Reflection.MethodBaseInvoker.InvokeWithManyArgs(Object obj, BindingFlags invokeAttr, Binder binder, Object[] parameters, CultureInfo culture)","flaky":false,"newFailed":false,"newBroken":true,"newPassed":false,"retriesCount":0,"retriesStatusChange":false,"beforeStages":[{"name":"Setup API client","time":{"start":1717983509435,"stop":1717983509436,"duration":1},"status":"passed","steps":[],"attachments":[],"parameters":[],"attachmentsCount":0,"shouldDisplayMessage":false,"stepsCount":0,"hasContent":false},{"name":"Setup driver","time":{"start":1717983509436,"stop":1717983509436,"duration":0},"status":"broken","statusMessage":"Object reference not set to an instance of an object.","statusTrace":"System.NullReferenceException: Object reference not set to an instance of an object.\n   at TestRail.Core.DriverFactory.GetFireFoxDriver() in /home/runner/work/TestRail/TestRail/Core/DriverFactory.cs:line 31\n   at TestRail.Core.Browser..ctor() in /home/runner/work/TestRail/TestRail/Core/Browser.cs:line 20\n   at TestRail.BaseEntities.BaseTest.__a$_around_SetupBaseTest_100663574_o() in /home/runner/work/TestRail/TestRail/BaseEntities/BaseTest.cs:line 30\n   at TestRail.BaseEntities.BaseTest.__a$_around_SetupBaseTest_100663574_u(Object[])\n   at Allure.Net.Commons.Steps.AllureAbstractStepAspect.WrapSyncVoid(Func`2 target, Object[] args, MethodBase metadata, String stepName, List`1 stepParameters)","steps":[],"attachments":[],"parameters":[],"attachmentsCount":0,"shouldDisplayMessage":true,"stepsCount":0,"hasContent":true}],"testStage":{"description":"Check the error messages if username or password are incorrect","status":"broken","statusMessage":"System.Reflection.TargetInvocationException : Exception has been thrown by the target of an invocation.\n  ----> System.NullReferenceException : Object reference not set to an instance of an object.\nTearDown : System.Reflection.TargetInvocationException : Exception has been thrown by the target of an invocation.\n  ----> System.NullReferenceException : Object reference not set to an instance of an object.","statusTrace":"   at System.Reflection.MethodBaseInvoker.InvokeWithManyArgs(Object obj, BindingFlags invokeAttr, Binder binder, Object[] parameters, CultureInfo culture)\n   at Allure.Net.Commons.Steps.AllureStepAspectBase.Around(String name, Object[] args, Func`2 target, MethodBase metadata, Type returnType)\n   at TestRail.BaseEntities.BaseTest.__a$_around_SetupBaseTest_100663574_w_0(Object[])\n   at TestRail.BaseEntities.BaseTest.SetupBaseTest()\n   at InvokeStub_BaseTest.SetupBaseTest(Object, Object, IntPtr*)\n   at System.Reflection.MethodBaseInvoker.InvokeWithNoArgs(Object obj, BindingFlags invokeAttr)\n--NullReferenceException\n   at TestRail.Core.DriverFactory.GetFireFoxDriver() in /home/runner/work/TestRail/TestRail/Core/DriverFactory.cs:line 31\n   at TestRail.Core.Browser..ctor() in /home/runner/work/TestRail/TestRail/Core/Browser.cs:line 20\n   at TestRail.BaseEntities.BaseTest.__a$_around_SetupBaseTest_100663574_o() in /home/runner/work/TestRail/TestRail/BaseEntities/BaseTest.cs:line 30\n   at TestRail.BaseEntities.BaseTest.__a$_around_SetupBaseTest_100663574_u(Object[])\n   at Allure.Net.Commons.Steps.AllureAbstractStepAspect.WrapSyncVoid(Func`2 target, Object[] args, MethodBase metadata, String stepName, List`1 stepParameters)\n   at InvokeStub_AllureAbstractStepAspect.WrapSyncVoid(Object, Span`1)\n   at System.Reflection.MethodBaseInvoker.InvokeWithManyArgs(Object obj, BindingFlags invokeAttr, Binder binder, Object[] parameters, CultureInfo culture)\n--TearDown\n   at System.Reflection.MethodBaseInvoker.InvokeWithManyArgs(Object obj, BindingFlags invokeAttr, Binder binder, Object[] parameters, CultureInfo culture)\n   at Allure.Net.Commons.Steps.AllureStepAspectBase.Around(String name, Object[] args, Func`2 target, MethodBase metadata, Type returnType)\n   at TestRail.BaseEntities.BaseTest.__a$_around_TearDownBaseTest_100663575_w_1(Object[])\n   at Allure.NUnit.Internals.StopContainerAspect.StopTestContainerAfterTheLastOneTimeTearDown(Func`2 target, Object[] arguments, MethodBase metadata)\n   at TestRail.BaseEntities.BaseTest.__a$_around_TearDownBaseTest_100663575_w_0(Object[])\n   at TestRail.BaseEntities.BaseTest.TearDownBaseTest()\n   at InvokeStub_BaseTest.TearDownBaseTest(Object, Object, IntPtr*)\n   at System.Reflection.MethodBaseInvoker.InvokeWithNoArgs(Object obj, BindingFlags invokeAttr)\n--NullReferenceException\n   at TestRail.BaseEntities.BaseTest.__a$_around_TearDownBaseTest_100663575_o() in /home/runner/work/TestRail/TestRail/BaseEntities/BaseTest.cs:line 64\n   at TestRail.BaseEntities.BaseTest.__a$_around_TearDownBaseTest_100663575_u(Object[])\n   at Allure.Net.Commons.Steps.AllureAbstractStepAspect.WrapSyncVoid(Func`2 target, Object[] args, MethodBase metadata, String stepName, List`1 stepParameters)\n   at InvokeStub_AllureAbstractStepAspect.WrapSyncVoid(Object, Span`1)\n   at System.Reflection.MethodBaseInvoker.InvokeWithManyArgs(Object obj, BindingFlags invokeAttr, Binder binder, Object[] parameters, CultureInfo culture)","steps":[],"attachments":[{"uid":"caac1d15ff07595","name":"Console Output","source":"caac1d15ff07595.txt","type":"text/plain","size":484}],"parameters":[],"attachmentsCount":1,"shouldDisplayMessage":true,"stepsCount":0,"hasContent":true},"afterStages":[{"name":"Driver dispose","time":{"start":1717983509437,"stop":1717983509439,"duration":2},"status":"broken","statusMessage":"Object reference not set to an instance of an object.","statusTrace":"System.NullReferenceException: Object reference not set to an instance of an object.\n   at TestRail.BaseEntities.BaseTest.__a$_around_TearDownBaseTest_100663575_o() in /home/runner/work/TestRail/TestRail/BaseEntities/BaseTest.cs:line 64\n   at TestRail.BaseEntities.BaseTest.__a$_around_TearDownBaseTest_100663575_u(Object[])\n   at Allure.Net.Commons.Steps.AllureAbstractStepAspect.WrapSyncVoid(Func`2 target, Object[] args, MethodBase metadata, String stepName, List`1 stepParameters)","steps":[],"attachments":[],"parameters":[],"attachmentsCount":0,"shouldDisplayMessage":true,"stepsCount":0,"hasContent":true},{"name":"API client dispose","time":{"start":1717983509440,"stop":1717983509440,"duration":0},"status":"passed","steps":[],"attachments":[],"parameters":[],"attachmentsCount":0,"shouldDisplayMessage":false,"stepsCount":0,"hasContent":false}],"labels":[{"name":"thread","value":"ParallelWorker#1"},{"name":"host","value":"fv-az1432-738"},{"name":"language","value":"C#"},{"name":"framework","value":"NUnit 3"},{"name":"package","value":"TestRail.Tests.UI"},{"name":"testMethod","value":"LoginWithWrongUserNameOrPassword"},{"name":"testClass","value":"LoginTests"},{"name":"severity","value":"critical"},{"name":"feature","value":"LoginTests"},{"name":"owner","value":"EAntonova"},{"name":"epic","value":"TestRail"},{"name":"tag","value":"SmokeTests"},{"name":"tag","value":"LoginTests"},{"name":"resultFormat","value":"allure2"}],"parameters":[{"name":"password","value":"\"' OR '1'='1\""},{"name":"userName","value":"\"' OR '1'='1\""}],"links":[],"hidden":false,"retry":false,"extra":{"severity":"critical","owner":"EAntonova","retries":[],"categories":[{"name":"Test defects","matchedStatuses":[],"flaky":false}],"history":{"statistic":{"failed":0,"broken":3,"skipped":0,"passed":22,"unknown":0,"total":25},"items":[{"uid":"d936df3efeee280","reportUrl":"https://Liska07.github.io/TestRail/40//#testresult/d936df3efeee280","status":"passed","time":{"start":1717980770029,"stop":1717980772228,"duration":2199}},{"uid":"cf30b88fdf2bdd49","reportUrl":"https://Liska07.github.io/TestRail/38//#testresult/cf30b88fdf2bdd49","status":"passed","time":{"start":1717975897010,"stop":1717975899493,"duration":2483}},{"uid":"bd7251cdc44b774c","reportUrl":"https://Liska07.github.io/TestRail/37//#testresult/bd7251cdc44b774c","status":"passed","time":{"start":1717975604846,"stop":1717975607052,"duration":2206}},{"uid":"f2d78b4c25b2b77d","reportUrl":"https://Liska07.github.io/TestRail/36//#testresult/f2d78b4c25b2b77d","status":"passed","time":{"start":1717941386414,"stop":1717941388630,"duration":2216}},{"uid":"e255ea40c9361b3d","reportUrl":"https://Liska07.github.io/TestRail/33//#testresult/e255ea40c9361b3d","status":"passed","time":{"start":1717898200347,"stop":1717898203461,"duration":3114}},{"uid":"ad4fb5387b46328f","reportUrl":"https://Liska07.github.io/TestRail/32//#testresult/ad4fb5387b46328f","status":"passed","time":{"start":1717895597205,"stop":1717895599246,"duration":2041}},{"uid":"156eca468942894f","reportUrl":"https://Liska07.github.io/TestRail/30//#testresult/156eca468942894f","status":"passed","time":{"start":1717894547845,"stop":1717894550849,"duration":3004}},{"uid":"1073a8ec55cf93b6","reportUrl":"https://Liska07.github.io/TestRail/29//#testresult/1073a8ec55cf93b6","status":"passed","time":{"start":1717893959220,"stop":1717893961400,"duration":2180}},{"uid":"ffb056130f80866a","reportUrl":"https://Liska07.github.io/TestRail/28//#testresult/ffb056130f80866a","status":"passed","time":{"start":1717893702523,"stop":1717893704451,"duration":1928}},{"uid":"9181a09f55d1768a","reportUrl":"https://Liska07.github.io/TestRail/25//#testresult/9181a09f55d1768a","status":"passed","time":{"start":1717880906132,"stop":1717880908043,"duration":1911}},{"uid":"cfbe1f56fcd55f1b","reportUrl":"https://Liska07.github.io/TestRail/23//#testresult/cfbe1f56fcd55f1b","status":"passed","time":{"start":1717877009997,"stop":1717877012060,"duration":2063}},{"uid":"adf28ffc374a5538","reportUrl":"https://Liska07.github.io/TestRail/22//#testresult/adf28ffc374a5538","status":"passed","time":{"start":1717876689310,"stop":1717876692413,"duration":3103}},{"uid":"f9d45879bf7dcf43","reportUrl":"https://Liska07.github.io/TestRail/20//#testresult/f9d45879bf7dcf43","status":"passed","time":{"start":1717867202017,"stop":1717867203948,"duration":1931}},{"uid":"28fd858e2b5e36b","reportUrl":"https://Liska07.github.io/TestRail/18//#testresult/28fd858e2b5e36b","status":"passed","time":{"start":1717863672156,"stop":1717863675095,"duration":2939}},{"uid":"b9ffaf1c6c2cece2","reportUrl":"https://Liska07.github.io/TestRail/16//#testresult/b9ffaf1c6c2cece2","status":"broken","statusDetails":"System.Reflection.TargetInvocationException : Exception has been thrown by the target of an invocation.\n  ----> OpenQA.Selenium.WebDriverException : The HTTP request to the remote WebDriver server for URL http://localhost:41799/session timed out after 60 seconds.\n  ----> System.Threading.Tasks.TaskCanceledException : The request was canceled due to the configured HttpClient.Timeout of 60 seconds elapsing.\n  ----> System.TimeoutException : The operation was canceled.\n  ----> System.Threading.Tasks.TaskCanceledException : The operation was canceled.\n  ----> System.IO.IOException : Unable to read data from the transport connection: Operation canceled.\n  ----> System.Net.Sockets.SocketException : Operation canceled\nTearDown : System.Reflection.TargetInvocationException : Exception has been thrown by the target of an invocation.\n  ----> System.NullReferenceException : Object reference not set to an instance of an object.","time":{"start":1717859832583,"stop":1717859892753,"duration":60170}},{"uid":"3872be1f2254e6fe","reportUrl":"https://Liska07.github.io/TestRail/15//#testresult/3872be1f2254e6fe","status":"passed","time":{"start":1717855008535,"stop":1717855010984,"duration":2449}},{"uid":"4a3eac829c68c6ba","reportUrl":"https://Liska07.github.io/TestRail/14//#testresult/4a3eac829c68c6ba","status":"passed","time":{"start":1717768574391,"stop":1717768576649,"duration":2258}},{"uid":"dfdf5e1d76235dea","reportUrl":"https://Liska07.github.io/TestRail/13//#testresult/dfdf5e1d76235dea","status":"passed","time":{"start":1717682205276,"stop":1717682207175,"duration":1899}},{"uid":"76309a7ff087abc1","reportUrl":"https://Liska07.github.io/TestRail/12//#testresult/76309a7ff087abc1","status":"passed","time":{"start":1717595802338,"stop":1717595804487,"duration":2149}},{"uid":"347f2c15c2c304ce","reportUrl":"https://Liska07.github.io/TestRail/10//#testresult/347f2c15c2c304ce","status":"passed","time":{"start":1717526625924,"stop":1717526628462,"duration":2538}}]},"tags":["SmokeTests","LoginTests"]},"source":"8788471ccdf91026.json","parameterValues":["\"' OR '1'='1\"","\"' OR '1'='1\""]}