{"uid":"bff087f4ec63476c","name":"LoginWithoutUserNameAndPassword","fullName":"TestRail:TestRail.Tests.UI.LoginTests.LoginWithoutUserNameAndPassword()","historyId":"0afa39a055684ba4397630c8674d4953","time":{"start":1717983509308,"stop":1717983509400,"duration":92},"description":"Check the error messages if username and password are not entered","descriptionHtml":"<p>Check the error messages if username and password are not entered</p>\n","status":"broken","statusMessage":"System.Reflection.TargetInvocationException : Exception has been thrown by the target of an invocation.\n  ----> System.NullReferenceException : Object reference not set to an instance of an object.\nTearDown : System.Reflection.TargetInvocationException : Exception has been thrown by the target of an invocation.\n  ----> System.NullReferenceException : Object reference not set to an instance of an object.","statusTrace":"   at System.Reflection.MethodBaseInvoker.InvokeWithManyArgs(Object obj, BindingFlags invokeAttr, Binder binder, Object[] parameters, CultureInfo culture)\n   at Allure.Net.Commons.Steps.AllureStepAspectBase.Around(String name, Object[] args, Func`2 target, MethodBase metadata, Type returnType)\n   at TestRail.BaseEntities.BaseTest.__a$_around_SetupBaseTest_100663574_w_0(Object[])\n   at TestRail.BaseEntities.BaseTest.SetupBaseTest()\n   at InvokeStub_BaseTest.SetupBaseTest(Object, Object, IntPtr*)\n   at System.Reflection.MethodBaseInvoker.InvokeWithNoArgs(Object obj, BindingFlags invokeAttr)\n--NullReferenceException\n   at TestRail.Core.DriverFactory.GetFireFoxDriver() in /home/runner/work/TestRail/TestRail/Core/DriverFactory.cs:line 31\n   at TestRail.Core.Browser..ctor() in /home/runner/work/TestRail/TestRail/Core/Browser.cs:line 20\n   at TestRail.BaseEntities.BaseTest.__a$_around_SetupBaseTest_100663574_o() in /home/runner/work/TestRail/TestRail/BaseEntities/BaseTest.cs:line 30\n   at TestRail.BaseEntities.BaseTest.__a$_around_SetupBaseTest_100663574_u(Object[])\n   at Allure.Net.Commons.Steps.AllureAbstractStepAspect.WrapSyncVoid(Func`2 target, Object[] args, MethodBase metadata, String stepName, List`1 stepParameters)\n   at InvokeStub_AllureAbstractStepAspect.WrapSyncVoid(Object, Span`1)\n   at System.Reflection.MethodBaseInvoker.InvokeWithManyArgs(Object obj, BindingFlags invokeAttr, Binder binder, Object[] parameters, CultureInfo culture)\n--TearDown\n   at System.Reflection.MethodBaseInvoker.InvokeWithManyArgs(Object obj, BindingFlags invokeAttr, Binder binder, Object[] parameters, CultureInfo culture)\n   at Allure.Net.Commons.Steps.AllureStepAspectBase.Around(String name, Object[] args, Func`2 target, MethodBase metadata, Type returnType)\n   at TestRail.BaseEntities.BaseTest.__a$_around_TearDownBaseTest_100663575_w_1(Object[])\n   at Allure.NUnit.Internals.StopContainerAspect.StopTestContainerAfterTheLastOneTimeTearDown(Func`2 target, Object[] arguments, MethodBase metadata)\n   at TestRail.BaseEntities.BaseTest.__a$_around_TearDownBaseTest_100663575_w_0(Object[])\n   at TestRail.BaseEntities.BaseTest.TearDownBaseTest()\n   at InvokeStub_BaseTest.TearDownBaseTest(Object, Object, IntPtr*)\n   at System.Reflection.MethodBaseInvoker.InvokeWithNoArgs(Object obj, BindingFlags invokeAttr)\n--NullReferenceException\n   at TestRail.BaseEntities.BaseTest.__a$_around_TearDownBaseTest_100663575_o() in /home/runner/work/TestRail/TestRail/BaseEntities/BaseTest.cs:line 64\n   at TestRail.BaseEntities.BaseTest.__a$_around_TearDownBaseTest_100663575_u(Object[])\n   at Allure.Net.Commons.Steps.AllureAbstractStepAspect.WrapSyncVoid(Func`2 target, Object[] args, MethodBase metadata, String stepName, List`1 stepParameters)\n   at InvokeStub_AllureAbstractStepAspect.WrapSyncVoid(Object, Span`1)\n   at System.Reflection.MethodBaseInvoker.InvokeWithManyArgs(Object obj, BindingFlags invokeAttr, Binder binder, Object[] parameters, CultureInfo culture)","flaky":false,"newFailed":false,"newBroken":true,"newPassed":false,"retriesCount":0,"retriesStatusChange":false,"beforeStages":[{"name":"Setup API client","time":{"start":1717983509323,"stop":1717983509356,"duration":33},"status":"passed","steps":[],"attachments":[],"parameters":[],"attachmentsCount":0,"shouldDisplayMessage":false,"stepsCount":0,"hasContent":false},{"name":"Setup driver","time":{"start":1717983509356,"stop":1717983509372,"duration":16},"status":"broken","statusMessage":"Object reference not set to an instance of an object.","statusTrace":"System.NullReferenceException: Object reference not set to an instance of an object.\n   at TestRail.Core.DriverFactory.GetFireFoxDriver() in /home/runner/work/TestRail/TestRail/Core/DriverFactory.cs:line 31\n   at TestRail.Core.Browser..ctor() in /home/runner/work/TestRail/TestRail/Core/Browser.cs:line 20\n   at TestRail.BaseEntities.BaseTest.__a$_around_SetupBaseTest_100663574_o() in /home/runner/work/TestRail/TestRail/BaseEntities/BaseTest.cs:line 30\n   at TestRail.BaseEntities.BaseTest.__a$_around_SetupBaseTest_100663574_u(Object[])\n   at Allure.Net.Commons.Steps.AllureAbstractStepAspect.WrapSyncVoid(Func`2 target, Object[] args, MethodBase metadata, String stepName, List`1 stepParameters)","steps":[],"attachments":[],"parameters":[],"attachmentsCount":0,"shouldDisplayMessage":true,"stepsCount":0,"hasContent":true}],"testStage":{"description":"Check the error messages if username and password are not entered","status":"broken","statusMessage":"System.Reflection.TargetInvocationException : Exception has been thrown by the target of an invocation.\n  ----> System.NullReferenceException : Object reference not set to an instance of an object.\nTearDown : System.Reflection.TargetInvocationException : Exception has been thrown by the target of an invocation.\n  ----> System.NullReferenceException : Object reference not set to an instance of an object.","statusTrace":"   at System.Reflection.MethodBaseInvoker.InvokeWithManyArgs(Object obj, BindingFlags invokeAttr, Binder binder, Object[] parameters, CultureInfo culture)\n   at Allure.Net.Commons.Steps.AllureStepAspectBase.Around(String name, Object[] args, Func`2 target, MethodBase metadata, Type returnType)\n   at TestRail.BaseEntities.BaseTest.__a$_around_SetupBaseTest_100663574_w_0(Object[])\n   at TestRail.BaseEntities.BaseTest.SetupBaseTest()\n   at InvokeStub_BaseTest.SetupBaseTest(Object, Object, IntPtr*)\n   at System.Reflection.MethodBaseInvoker.InvokeWithNoArgs(Object obj, BindingFlags invokeAttr)\n--NullReferenceException\n   at TestRail.Core.DriverFactory.GetFireFoxDriver() in /home/runner/work/TestRail/TestRail/Core/DriverFactory.cs:line 31\n   at TestRail.Core.Browser..ctor() in /home/runner/work/TestRail/TestRail/Core/Browser.cs:line 20\n   at TestRail.BaseEntities.BaseTest.__a$_around_SetupBaseTest_100663574_o() in /home/runner/work/TestRail/TestRail/BaseEntities/BaseTest.cs:line 30\n   at TestRail.BaseEntities.BaseTest.__a$_around_SetupBaseTest_100663574_u(Object[])\n   at Allure.Net.Commons.Steps.AllureAbstractStepAspect.WrapSyncVoid(Func`2 target, Object[] args, MethodBase metadata, String stepName, List`1 stepParameters)\n   at InvokeStub_AllureAbstractStepAspect.WrapSyncVoid(Object, Span`1)\n   at System.Reflection.MethodBaseInvoker.InvokeWithManyArgs(Object obj, BindingFlags invokeAttr, Binder binder, Object[] parameters, CultureInfo culture)\n--TearDown\n   at System.Reflection.MethodBaseInvoker.InvokeWithManyArgs(Object obj, BindingFlags invokeAttr, Binder binder, Object[] parameters, CultureInfo culture)\n   at Allure.Net.Commons.Steps.AllureStepAspectBase.Around(String name, Object[] args, Func`2 target, MethodBase metadata, Type returnType)\n   at TestRail.BaseEntities.BaseTest.__a$_around_TearDownBaseTest_100663575_w_1(Object[])\n   at Allure.NUnit.Internals.StopContainerAspect.StopTestContainerAfterTheLastOneTimeTearDown(Func`2 target, Object[] arguments, MethodBase metadata)\n   at TestRail.BaseEntities.BaseTest.__a$_around_TearDownBaseTest_100663575_w_0(Object[])\n   at TestRail.BaseEntities.BaseTest.TearDownBaseTest()\n   at InvokeStub_BaseTest.TearDownBaseTest(Object, Object, IntPtr*)\n   at System.Reflection.MethodBaseInvoker.InvokeWithNoArgs(Object obj, BindingFlags invokeAttr)\n--NullReferenceException\n   at TestRail.BaseEntities.BaseTest.__a$_around_TearDownBaseTest_100663575_o() in /home/runner/work/TestRail/TestRail/BaseEntities/BaseTest.cs:line 64\n   at TestRail.BaseEntities.BaseTest.__a$_around_TearDownBaseTest_100663575_u(Object[])\n   at Allure.Net.Commons.Steps.AllureAbstractStepAspect.WrapSyncVoid(Func`2 target, Object[] args, MethodBase metadata, String stepName, List`1 stepParameters)\n   at InvokeStub_AllureAbstractStepAspect.WrapSyncVoid(Object, Span`1)\n   at System.Reflection.MethodBaseInvoker.InvokeWithManyArgs(Object obj, BindingFlags invokeAttr, Binder binder, Object[] parameters, CultureInfo culture)","steps":[],"attachments":[{"uid":"63ace3f4d3f2a7c4","name":"Console Output","source":"63ace3f4d3f2a7c4.txt","type":"text/plain","size":484}],"parameters":[],"attachmentsCount":1,"shouldDisplayMessage":true,"stepsCount":0,"hasContent":true},"afterStages":[{"name":"Driver dispose","time":{"start":1717983509373,"stop":1717983509396,"duration":23},"status":"broken","statusMessage":"Object reference not set to an instance of an object.","statusTrace":"System.NullReferenceException: Object reference not set to an instance of an object.\n   at TestRail.BaseEntities.BaseTest.__a$_around_TearDownBaseTest_100663575_o() in /home/runner/work/TestRail/TestRail/BaseEntities/BaseTest.cs:line 64\n   at TestRail.BaseEntities.BaseTest.__a$_around_TearDownBaseTest_100663575_u(Object[])\n   at Allure.Net.Commons.Steps.AllureAbstractStepAspect.WrapSyncVoid(Func`2 target, Object[] args, MethodBase metadata, String stepName, List`1 stepParameters)","steps":[],"attachments":[],"parameters":[],"attachmentsCount":0,"shouldDisplayMessage":true,"stepsCount":0,"hasContent":true},{"name":"API client dispose","time":{"start":1717983509396,"stop":1717983509396,"duration":0},"status":"passed","steps":[],"attachments":[],"parameters":[],"attachmentsCount":0,"shouldDisplayMessage":false,"stepsCount":0,"hasContent":false}],"labels":[{"name":"thread","value":"ParallelWorker#4"},{"name":"host","value":"fv-az1432-738"},{"name":"language","value":"C#"},{"name":"framework","value":"NUnit 3"},{"name":"package","value":"TestRail.Tests.UI"},{"name":"testMethod","value":"LoginWithoutUserNameAndPassword"},{"name":"testClass","value":"LoginTests"},{"name":"severity","value":"normal"},{"name":"feature","value":"LoginTests"},{"name":"owner","value":"EAntonova"},{"name":"epic","value":"TestRail"},{"name":"tag","value":"LoginTests"},{"name":"resultFormat","value":"allure2"}],"parameters":[],"links":[],"hidden":false,"retry":false,"extra":{"severity":"normal","owner":"EAntonova","retries":[],"categories":[{"name":"Test defects","matchedStatuses":[],"flaky":false}],"history":{"statistic":{"failed":0,"broken":3,"skipped":0,"passed":20,"unknown":0,"total":23},"items":[{"uid":"cae0cec51e2af1d4","reportUrl":"https://Liska07.github.io/TestRail/40//#testresult/cae0cec51e2af1d4","status":"passed","time":{"start":1717980762818,"stop":1717980764801,"duration":1983}},{"uid":"d7821cfee318e8d1","reportUrl":"https://Liska07.github.io/TestRail/38//#testresult/d7821cfee318e8d1","status":"passed","time":{"start":1717975882955,"stop":1717975886996,"duration":4041}},{"uid":"40ab14a84cc14399","reportUrl":"https://Liska07.github.io/TestRail/37//#testresult/40ab14a84cc14399","status":"passed","time":{"start":1717975586306,"stop":1717975595185,"duration":8879}},{"uid":"3ef019eb7eeccec9","reportUrl":"https://Liska07.github.io/TestRail/36//#testresult/3ef019eb7eeccec9","status":"passed","time":{"start":1717941379939,"stop":1717941381774,"duration":1835}},{"uid":"4747b5b528f41cfb","reportUrl":"https://Liska07.github.io/TestRail/33//#testresult/4747b5b528f41cfb","status":"passed","time":{"start":1717898173767,"stop":1717898187174,"duration":13407}},{"uid":"9ed6539517679a4d","reportUrl":"https://Liska07.github.io/TestRail/32//#testresult/9ed6539517679a4d","status":"passed","time":{"start":1717895589744,"stop":1717895591768,"duration":2024}},{"uid":"cb771149102b23ee","reportUrl":"https://Liska07.github.io/TestRail/30//#testresult/cb771149102b23ee","status":"passed","time":{"start":1717894539279,"stop":1717894541997,"duration":2718}},{"uid":"66ad044447095cb9","reportUrl":"https://Liska07.github.io/TestRail/29//#testresult/66ad044447095cb9","status":"passed","time":{"start":1717893956287,"stop":1717893958150,"duration":1863}},{"uid":"10c124eeceee1eef","reportUrl":"https://Liska07.github.io/TestRail/28//#testresult/10c124eeceee1eef","status":"passed","time":{"start":1717893699149,"stop":1717893700884,"duration":1735}},{"uid":"f5bb207758e756c8","reportUrl":"https://Liska07.github.io/TestRail/25//#testresult/f5bb207758e756c8","status":"passed","time":{"start":1717880893396,"stop":1717880897038,"duration":3642}},{"uid":"ecdb4ce1f8ba8ecb","reportUrl":"https://Liska07.github.io/TestRail/22//#testresult/ecdb4ce1f8ba8ecb","status":"passed","time":{"start":1717876684028,"stop":1717876686826,"duration":2798}},{"uid":"5a6fa59fa6fb2634","reportUrl":"https://Liska07.github.io/TestRail/20//#testresult/5a6fa59fa6fb2634","status":"passed","time":{"start":1717867198301,"stop":1717867200185,"duration":1884}},{"uid":"dd45b7a0894229d7","reportUrl":"https://Liska07.github.io/TestRail/18//#testresult/dd45b7a0894229d7","status":"passed","time":{"start":1717863652340,"stop":1717863663597,"duration":11257}},{"uid":"5cfa3d84e193e879","reportUrl":"https://Liska07.github.io/TestRail/17//#testresult/5cfa3d84e193e879","status":"broken","statusDetails":"System.Reflection.TargetInvocationException : Exception has been thrown by the target of an invocation.\n  ----> OpenQA.Selenium.WebDriverException : The HTTP request to the remote WebDriver server for URL http://localhost:33215/session timed out after 60 seconds.\n  ----> System.Threading.Tasks.TaskCanceledException : The request was canceled due to the configured HttpClient.Timeout of 60 seconds elapsing.\n  ----> System.TimeoutException : The operation was canceled.\n  ----> System.Threading.Tasks.TaskCanceledException : The operation was canceled.\n  ----> System.IO.IOException : Unable to read data from the transport connection: Operation canceled.\n  ----> System.Net.Sockets.SocketException : Operation canceled\nTearDown : System.Reflection.TargetInvocationException : Exception has been thrown by the target of an invocation.\n  ----> System.NullReferenceException : Object reference not set to an instance of an object.","time":{"start":1717863388166,"stop":1717863450975,"duration":62809}},{"uid":"3cef7112dd6e34d2","reportUrl":"https://Liska07.github.io/TestRail/16//#testresult/3cef7112dd6e34d2","status":"broken","statusDetails":"System.Reflection.TargetInvocationException : Exception has been thrown by the target of an invocation.\n  ----> OpenQA.Selenium.WebDriverException : The HTTP request to the remote WebDriver server for URL http://localhost:40601/session timed out after 60 seconds.\n  ----> System.Threading.Tasks.TaskCanceledException : The request was canceled due to the configured HttpClient.Timeout of 60 seconds elapsing.\n  ----> System.TimeoutException : The operation was canceled.\n  ----> System.Threading.Tasks.TaskCanceledException : The operation was canceled.\n  ----> System.IO.IOException : Unable to read data from the transport connection: Operation canceled.\n  ----> System.Net.Sockets.SocketException : Operation canceled\nTearDown : System.Reflection.TargetInvocationException : Exception has been thrown by the target of an invocation.\n  ----> System.NullReferenceException : Object reference not set to an instance of an object.","time":{"start":1717859772201,"stop":1717859832366,"duration":60165}},{"uid":"1acfd7ce61e13a09","reportUrl":"https://Liska07.github.io/TestRail/15//#testresult/1acfd7ce61e13a09","status":"passed","time":{"start":1717854987819,"stop":1717855000840,"duration":13021}},{"uid":"c2292fb5748e5d44","reportUrl":"https://Liska07.github.io/TestRail/14//#testresult/c2292fb5748e5d44","status":"passed","time":{"start":1717768568334,"stop":1717768573248,"duration":4914}},{"uid":"8f3cbfe22560f65","reportUrl":"https://Liska07.github.io/TestRail/13//#testresult/8f3cbfe22560f65","status":"passed","time":{"start":1717682188449,"stop":1717682197999,"duration":9550}},{"uid":"10f34687f4c0290f","reportUrl":"https://Liska07.github.io/TestRail/12//#testresult/10f34687f4c0290f","status":"passed","time":{"start":1717595787947,"stop":1717595800527,"duration":12580}},{"uid":"7806f8002df29817","reportUrl":"https://Liska07.github.io/TestRail/10//#testresult/7806f8002df29817","status":"passed","time":{"start":1717526621918,"stop":1717526625846,"duration":3928}}]},"tags":["LoginTests"]},"source":"bff087f4ec63476c.json","parameterValues":[]}