2024/06/10 15:09:37.042|INFO|Successful login     
2024/06/10 15:09:37.400|INFO|Added a project: {"id":904,"name":"EAntonova 45b8dbe7-b8ed-4c58-98c5-147af57a0f18","announcement":null,"show_announcement":false,"is_completed":false,"completed_on":null,"suite_mode":3,"default_role_id":null,"case_statuses_enabled":false,"url":"https:\/\/liska01.testrail.io\/index.php?\/projects\/overview\/904","users":[],"groups":[]}. StatusCode.OK     
2024/06/10 15:09:42.639|ERROR|'Add Milestone Button' on the 'Milestone List Page' is not  displayed! OpenQA.Selenium.NoSuchElementException: no such element: Unable to locate element: {"method":"css selector","selector":"#navigation\-milestones\-add"}
  (Session info: chrome-headless-shell=125.0.6422.141); For documentation on this error, please visit: https://www.selenium.dev/documentation/webdriver/troubleshooting/errors#no-such-element-exception
   at OpenQA.Selenium.WebDriver.UnpackAndThrowOnError(Response errorResponse, String commandToExecute)
   at OpenQA.Selenium.WebDriver.Execute(String driverCommandToExecute, Dictionary`2 parameters)
   at OpenQA.Selenium.WebDriver.FindElement(String mechanism, String value)
   at OpenQA.Selenium.By.<.ctor>b__11_0(ISearchContext context)
   at OpenQA.Selenium.By.FindElement(ISearchContext context)
   at OpenQA.Selenium.WebDriver.FindElement(By by)
   at TestRail.Elements.UiElement..ctor(IWebDriver driver, By locator) in /home/runner/work/TestRail/TestRail/Elements/UiElement.cs:line 54
   at TestRail.Elements.Button..ctor(IWebDriver driver, By locator) in /home/runner/work/TestRail/TestRail/Elements/Button.cs:line 12
   at TestRail.Pages.MilestonePages.MilestoneListPage.AddMilestoneButton() in /home/runner/work/TestRail/TestRail/Pages/MilestonePages/MilestoneListPage.cs:line 17
   at TestRail.Pages.MilestonePages.MilestoneListPage.EvaluateLoadedStatus() in /home/runner/work/TestRail/TestRail/Pages/MilestonePages/MilestoneListPage.cs:line 32     
2024/06/10 15:09:47.856|ERROR|'Add Milestone Button' on the 'Milestone List Page' is not  displayed! OpenQA.Selenium.NoSuchElementException: no such element: Unable to locate element: {"method":"css selector","selector":"#navigation\-milestones\-add"}
  (Session info: chrome-headless-shell=125.0.6422.141); For documentation on this error, please visit: https://www.selenium.dev/documentation/webdriver/troubleshooting/errors#no-such-element-exception
   at OpenQA.Selenium.WebDriver.UnpackAndThrowOnError(Response errorResponse, String commandToExecute)
   at OpenQA.Selenium.WebDriver.Execute(String driverCommandToExecute, Dictionary`2 parameters)
   at OpenQA.Selenium.WebDriver.FindElement(String mechanism, String value)
   at OpenQA.Selenium.By.<.ctor>b__11_0(ISearchContext context)
   at OpenQA.Selenium.By.FindElement(ISearchContext context)
   at OpenQA.Selenium.WebDriver.FindElement(By by)
   at TestRail.Elements.UiElement..ctor(IWebDriver driver, By locator) in /home/runner/work/TestRail/TestRail/Elements/UiElement.cs:line 54
   at TestRail.Elements.Button..ctor(IWebDriver driver, By locator) in /home/runner/work/TestRail/TestRail/Elements/Button.cs:line 12
   at TestRail.Pages.MilestonePages.MilestoneListPage.AddMilestoneButton() in /home/runner/work/TestRail/TestRail/Pages/MilestonePages/MilestoneListPage.cs:line 17
   at TestRail.Pages.MilestonePages.MilestoneListPage.EvaluateLoadedStatus() in /home/runner/work/TestRail/TestRail/Pages/MilestonePages/MilestoneListPage.cs:line 32     
2024/06/10 15:09:47.912|INFO|Attached a screenshot to Allure     
