{"uid":"17089112ea60835f","name":"LoginWithWrongUserNameOrPassword(\"<script>alert(1)</script>\",\"<script>alert(1)</script>\")","fullName":"TestRail:TestRail.Tests.UI.LoginTests.LoginWithWrongUserNameOrPassword(System.String,System.String)","historyId":"20b9310caabfe5a96e7c09c6b588ca9d","time":{"start":1717859832695,"stop":1717859892878,"duration":60183},"description":"Check the error messages if username or password are incorrect","descriptionHtml":"<p>Check the error messages if username or password are incorrect</p>\n","status":"broken","statusMessage":"System.Reflection.TargetInvocationException : Exception has been thrown by the target of an invocation.\n  ----> OpenQA.Selenium.WebDriverException : The HTTP request to the remote WebDriver server for URL http://localhost:41633/session timed out after 60 seconds.\n  ----> System.Threading.Tasks.TaskCanceledException : The request was canceled due to the configured HttpClient.Timeout of 60 seconds elapsing.\n  ----> System.TimeoutException : The operation was canceled.\n  ----> System.Threading.Tasks.TaskCanceledException : The operation was canceled.\n  ----> System.IO.IOException : Unable to read data from the transport connection: Operation canceled.\n  ----> System.Net.Sockets.SocketException : Operation canceled\nTearDown : System.Reflection.TargetInvocationException : Exception has been thrown by the target of an invocation.\n  ----> System.NullReferenceException : Object reference not set to an instance of an object.","statusTrace":"   at System.Reflection.MethodBaseInvoker.InvokeWithManyArgs(Object obj, BindingFlags invokeAttr, Binder binder, Object[] parameters, CultureInfo culture)\n   at Allure.Net.Commons.Steps.AllureStepAspectBase.Around(String name, Object[] args, Func`2 target, MethodBase metadata, Type returnType)\n   at TestRail.BaseEntities.BaseTest.__a$_around_Setup_100663460_w_0(Object[])\n   at TestRail.BaseEntities.BaseTest.Setup()\n   at InvokeStub_BaseTest.Setup(Object, Object, IntPtr*)\n   at System.Reflection.MethodBaseInvoker.InvokeWithNoArgs(Object obj, BindingFlags invokeAttr)\n--WebDriverException\n   at OpenQA.Selenium.Remote.HttpCommandExecutor.Execute(Command commandToExecute)\n   at OpenQA.Selenium.Remote.DriverServiceCommandExecutor.Execute(Command commandToExecute)\n   at OpenQA.Selenium.WebDriver.Execute(String driverCommandToExecute, Dictionary`2 parameters)\n   at OpenQA.Selenium.WebDriver.StartSession(ICapabilities capabilities)\n   at OpenQA.Selenium.WebDriver..ctor(ICommandExecutor executor, ICapabilities capabilities)\n   at OpenQA.Selenium.Chromium.ChromiumDriver..ctor(ChromiumDriverService service, ChromiumOptions options, TimeSpan commandTimeout)\n   at OpenQA.Selenium.Chrome.ChromeDriver..ctor(ChromeDriverService service, ChromeOptions options, TimeSpan commandTimeout)\n   at OpenQA.Selenium.Chrome.ChromeDriver..ctor(ChromeOptions options)\n   at TestRail.Core.DriverFactory.GetChromeDriver() in /home/runner/work/TestRail/TestRail/Core/DriverFactory.cs:line 23\n   at TestRail.Core.Browser..ctor() in /home/runner/work/TestRail/TestRail/Core/Browser.cs:line 17\n   at TestRail.BaseEntities.BaseTest.__a$_around_Setup_100663460_o() in /home/runner/work/TestRail/TestRail/BaseEntities/BaseTest.cs:line 45\n   at TestRail.BaseEntities.BaseTest.__a$_around_Setup_100663460_u(Object[])\n   at Allure.Net.Commons.Steps.AllureAbstractStepAspect.WrapSyncVoid(Func`2 target, Object[] args, MethodBase metadata, String stepName, List`1 stepParameters)\n   at InvokeStub_AllureAbstractStepAspect.WrapSyncVoid(Object, Span`1)\n   at System.Reflection.MethodBaseInvoker.InvokeWithManyArgs(Object obj, BindingFlags invokeAttr, Binder binder, Object[] parameters, CultureInfo culture)\n--TaskCanceledException\n   at System.Net.Http.HttpClient.HandleFailure(Exception e, Boolean telemetryStarted, HttpResponseMessage response, CancellationTokenSource cts, CancellationToken cancellationToken, CancellationTokenSource pendingRequestsCts)\n   at System.Net.Http.HttpClient.<SendAsync>g__Core|83_0(HttpRequestMessage request, HttpCompletionOption completionOption, CancellationTokenSource cts, Boolean disposeCts, CancellationTokenSource pendingRequestsCts, CancellationToken originalCancellationToken)\n   at OpenQA.Selenium.Remote.HttpCommandExecutor.MakeHttpRequest(HttpRequestInfo requestInfo)\n   at OpenQA.Selenium.Remote.HttpCommandExecutor.<>c__DisplayClass33_0.<<Execute>b__0>d.MoveNext()\n--- End of stack trace from previous location ---\n   at OpenQA.Selenium.Remote.HttpCommandExecutor.Execute(Command commandToExecute)\n--TimeoutException\n\n--TaskCanceledException\n   at System.Net.Http.HttpConnection.SendAsync(HttpRequestMessage request, Boolean async, CancellationToken cancellationToken)\n   at System.Net.Http.HttpConnectionPool.SendWithVersionDetectionAndRetryAsync(HttpRequestMessage request, Boolean async, Boolean doRequestAuth, CancellationToken cancellationToken)\n   at System.Net.Http.RedirectHandler.SendAsync(HttpRequestMessage request, Boolean async, CancellationToken cancellationToken)\n   at System.Net.Http.HttpClient.<SendAsync>g__Core|83_0(HttpRequestMessage request, HttpCompletionOption completionOption, CancellationTokenSource cts, Boolean disposeCts, CancellationTokenSource pendingRequestsCts, CancellationToken originalCancellationToken)\n--IOException\n   at System.Net.Sockets.Socket.AwaitableSocketAsyncEventArgs.ThrowException(SocketError error, CancellationToken cancellationToken)\n   at System.Net.Sockets.Socket.AwaitableSocketAsyncEventArgs.System.Threading.Tasks.Sources.IValueTaskSource<System.Int32>.GetResult(Int16 token)\n   at System.Net.Http.HttpConnection.InitialFillAsync(Boolean async)\n   at System.Net.Http.HttpConnection.SendAsync(HttpRequestMessage request, Boolean async, CancellationToken cancellationToken)\n--SocketException\n\n--TearDown\n   at System.Reflection.MethodBaseInvoker.InvokeWithManyArgs(Object obj, BindingFlags invokeAttr, Binder binder, Object[] parameters, CultureInfo culture)\n   at Allure.Net.Commons.Steps.AllureStepAspectBase.Around(String name, Object[] args, Func`2 target, MethodBase metadata, Type returnType)\n   at TestRail.BaseEntities.BaseTest.__a$_around_TearDown_100663461_w_1(Object[])\n   at Allure.NUnit.Internals.StopContainerAspect.StopTestContainerAfterTheLastOneTimeTearDown(Func`2 target, Object[] arguments, MethodBase metadata)\n   at TestRail.BaseEntities.BaseTest.__a$_around_TearDown_100663461_w_0(Object[])\n   at TestRail.BaseEntities.BaseTest.TearDown()\n   at InvokeStub_BaseTest.TearDown(Object, Object, IntPtr*)\n   at System.Reflection.MethodBaseInvoker.InvokeWithNoArgs(Object obj, BindingFlags invokeAttr)\n--NullReferenceException\n   at TestRail.BaseEntities.BaseTest.__a$_around_TearDown_100663461_o() in /home/runner/work/TestRail/TestRail/BaseEntities/BaseTest.cs:line 78\n   at TestRail.BaseEntities.BaseTest.__a$_around_TearDown_100663461_u(Object[])\n   at Allure.Net.Commons.Steps.AllureAbstractStepAspect.WrapSyncVoid(Func`2 target, Object[] args, MethodBase metadata, String stepName, List`1 stepParameters)\n   at InvokeStub_AllureAbstractStepAspect.WrapSyncVoid(Object, Span`1)\n   at System.Reflection.MethodBaseInvoker.InvokeWithManyArgs(Object obj, BindingFlags invokeAttr, Binder binder, Object[] parameters, CultureInfo culture)","flaky":false,"newFailed":false,"newBroken":true,"newPassed":false,"retriesCount":0,"retriesStatusChange":false,"beforeStages":[{"name":"Clear allure-results directory","time":{"start":1717859707627,"stop":1717859707628,"duration":1},"status":"passed","steps":[],"attachments":[],"parameters":[],"shouldDisplayMessage":false,"stepsCount":0,"attachmentsCount":0,"hasContent":false},{"name":"Set up driver","time":{"start":1717859832695,"stop":1717859892877,"duration":60182},"status":"broken","statusMessage":"The HTTP request to the remote WebDriver server for URL http://localhost:41633/session timed out after 60 seconds.","statusTrace":"OpenQA.Selenium.WebDriverException: The HTTP request to the remote WebDriver server for URL http://localhost:41633/session timed out after 60 seconds.\n ---> System.Threading.Tasks.TaskCanceledException: The request was canceled due to the configured HttpClient.Timeout of 60 seconds elapsing.\n ---> System.TimeoutException: The operation was canceled.\n ---> System.Threading.Tasks.TaskCanceledException: The operation was canceled.\n ---> System.IO.IOException: Unable to read data from the transport connection: Operation canceled.\n ---> System.Net.Sockets.SocketException (125): Operation canceled\n   --- End of inner exception stack trace ---\n   at System.Net.Sockets.Socket.AwaitableSocketAsyncEventArgs.ThrowException(SocketError error, CancellationToken cancellationToken)\n   at System.Net.Sockets.Socket.AwaitableSocketAsyncEventArgs.System.Threading.Tasks.Sources.IValueTaskSource<System.Int32>.GetResult(Int16 token)\n   at System.Net.Http.HttpConnection.InitialFillAsync(Boolean async)\n   at System.Net.Http.HttpConnection.SendAsync(HttpRequestMessage request, Boolean async, CancellationToken cancellationToken)\n   --- End of inner exception stack trace ---\n   at System.Net.Http.HttpConnection.SendAsync(HttpRequestMessage request, Boolean async, CancellationToken cancellationToken)\n   at System.Net.Http.HttpConnectionPool.SendWithVersionDetectionAndRetryAsync(HttpRequestMessage request, Boolean async, Boolean doRequestAuth, CancellationToken cancellationToken)\n   at System.Net.Http.RedirectHandler.SendAsync(HttpRequestMessage request, Boolean async, CancellationToken cancellationToken)\n   at System.Net.Http.HttpClient.<SendAsync>g__Core|83_0(HttpRequestMessage request, HttpCompletionOption completionOption, CancellationTokenSource cts, Boolean disposeCts, CancellationTokenSource pendingRequestsCts, CancellationToken originalCancellationToken)\n   --- End of inner exception stack trace ---\n   --- End of inner exception stack trace ---\n   at System.Net.Http.HttpClient.HandleFailure(Exception e, Boolean telemetryStarted, HttpResponseMessage response, CancellationTokenSource cts, CancellationToken cancellationToken, CancellationTokenSource pendingRequestsCts)\n   at System.Net.Http.HttpClient.<SendAsync>g__Core|83_0(HttpRequestMessage request, HttpCompletionOption completionOption, CancellationTokenSource cts, Boolean disposeCts, CancellationTokenSource pendingRequestsCts, CancellationToken originalCancellationToken)\n   at OpenQA.Selenium.Remote.HttpCommandExecutor.MakeHttpRequest(HttpRequestInfo requestInfo)\n   at OpenQA.Selenium.Remote.HttpCommandExecutor.<>c__DisplayClass33_0.<<Execute>b__0>d.MoveNext()\n--- End of stack trace from previous location ---\n   at OpenQA.Selenium.Remote.HttpCommandExecutor.Execute(Command commandToExecute)\n   --- End of inner exception stack trace ---\n   at OpenQA.Selenium.Remote.HttpCommandExecutor.Execute(Command commandToExecute)\n   at OpenQA.Selenium.Remote.DriverServiceCommandExecutor.Execute(Command commandToExecute)\n   at OpenQA.Selenium.WebDriver.Execute(String driverCommandToExecute, Dictionary`2 parameters)\n   at OpenQA.Selenium.WebDriver.StartSession(ICapabilities capabilities)\n   at OpenQA.Selenium.WebDriver..ctor(ICommandExecutor executor, ICapabilities capabilities)\n   at OpenQA.Selenium.Chromium.ChromiumDriver..ctor(ChromiumDriverService service, ChromiumOptions options, TimeSpan commandTimeout)\n   at OpenQA.Selenium.Chrome.ChromeDriver..ctor(ChromeDriverService service, ChromeOptions options, TimeSpan commandTimeout)\n   at OpenQA.Selenium.Chrome.ChromeDriver..ctor(ChromeOptions options)\n   at TestRail.Core.DriverFactory.GetChromeDriver() in /home/runner/work/TestRail/TestRail/Core/DriverFactory.cs:line 23\n   at TestRail.Core.Browser..ctor() in /home/runner/work/TestRail/TestRail/Core/Browser.cs:line 17\n   at TestRail.BaseEntities.BaseTest.__a$_around_Setup_100663460_o() in /home/runner/work/TestRail/TestRail/BaseEntities/BaseTest.cs:line 45\n   at TestRail.BaseEntities.BaseTest.__a$_around_Setup_100663460_u(Object[])\n   at Allure.Net.Commons.Steps.AllureAbstractStepAspect.WrapSyncVoid(Func`2 target, Object[] args, MethodBase metadata, String stepName, List`1 stepParameters)","steps":[],"attachments":[],"parameters":[],"shouldDisplayMessage":true,"stepsCount":0,"attachmentsCount":0,"hasContent":true}],"testStage":{"description":"Check the error messages if username or password are incorrect","status":"broken","statusMessage":"System.Reflection.TargetInvocationException : Exception has been thrown by the target of an invocation.\n  ----> OpenQA.Selenium.WebDriverException : The HTTP request to the remote WebDriver server for URL http://localhost:41633/session timed out after 60 seconds.\n  ----> System.Threading.Tasks.TaskCanceledException : The request was canceled due to the configured HttpClient.Timeout of 60 seconds elapsing.\n  ----> System.TimeoutException : The operation was canceled.\n  ----> System.Threading.Tasks.TaskCanceledException : The operation was canceled.\n  ----> System.IO.IOException : Unable to read data from the transport connection: Operation canceled.\n  ----> System.Net.Sockets.SocketException : Operation canceled\nTearDown : System.Reflection.TargetInvocationException : Exception has been thrown by the target of an invocation.\n  ----> System.NullReferenceException : Object reference not set to an instance of an object.","statusTrace":"   at System.Reflection.MethodBaseInvoker.InvokeWithManyArgs(Object obj, BindingFlags invokeAttr, Binder binder, Object[] parameters, CultureInfo culture)\n   at Allure.Net.Commons.Steps.AllureStepAspectBase.Around(String name, Object[] args, Func`2 target, MethodBase metadata, Type returnType)\n   at TestRail.BaseEntities.BaseTest.__a$_around_Setup_100663460_w_0(Object[])\n   at TestRail.BaseEntities.BaseTest.Setup()\n   at InvokeStub_BaseTest.Setup(Object, Object, IntPtr*)\n   at System.Reflection.MethodBaseInvoker.InvokeWithNoArgs(Object obj, BindingFlags invokeAttr)\n--WebDriverException\n   at OpenQA.Selenium.Remote.HttpCommandExecutor.Execute(Command commandToExecute)\n   at OpenQA.Selenium.Remote.DriverServiceCommandExecutor.Execute(Command commandToExecute)\n   at OpenQA.Selenium.WebDriver.Execute(String driverCommandToExecute, Dictionary`2 parameters)\n   at OpenQA.Selenium.WebDriver.StartSession(ICapabilities capabilities)\n   at OpenQA.Selenium.WebDriver..ctor(ICommandExecutor executor, ICapabilities capabilities)\n   at OpenQA.Selenium.Chromium.ChromiumDriver..ctor(ChromiumDriverService service, ChromiumOptions options, TimeSpan commandTimeout)\n   at OpenQA.Selenium.Chrome.ChromeDriver..ctor(ChromeDriverService service, ChromeOptions options, TimeSpan commandTimeout)\n   at OpenQA.Selenium.Chrome.ChromeDriver..ctor(ChromeOptions options)\n   at TestRail.Core.DriverFactory.GetChromeDriver() in /home/runner/work/TestRail/TestRail/Core/DriverFactory.cs:line 23\n   at TestRail.Core.Browser..ctor() in /home/runner/work/TestRail/TestRail/Core/Browser.cs:line 17\n   at TestRail.BaseEntities.BaseTest.__a$_around_Setup_100663460_o() in /home/runner/work/TestRail/TestRail/BaseEntities/BaseTest.cs:line 45\n   at TestRail.BaseEntities.BaseTest.__a$_around_Setup_100663460_u(Object[])\n   at Allure.Net.Commons.Steps.AllureAbstractStepAspect.WrapSyncVoid(Func`2 target, Object[] args, MethodBase metadata, String stepName, List`1 stepParameters)\n   at InvokeStub_AllureAbstractStepAspect.WrapSyncVoid(Object, Span`1)\n   at System.Reflection.MethodBaseInvoker.InvokeWithManyArgs(Object obj, BindingFlags invokeAttr, Binder binder, Object[] parameters, CultureInfo culture)\n--TaskCanceledException\n   at System.Net.Http.HttpClient.HandleFailure(Exception e, Boolean telemetryStarted, HttpResponseMessage response, CancellationTokenSource cts, CancellationToken cancellationToken, CancellationTokenSource pendingRequestsCts)\n   at System.Net.Http.HttpClient.<SendAsync>g__Core|83_0(HttpRequestMessage request, HttpCompletionOption completionOption, CancellationTokenSource cts, Boolean disposeCts, CancellationTokenSource pendingRequestsCts, CancellationToken originalCancellationToken)\n   at OpenQA.Selenium.Remote.HttpCommandExecutor.MakeHttpRequest(HttpRequestInfo requestInfo)\n   at OpenQA.Selenium.Remote.HttpCommandExecutor.<>c__DisplayClass33_0.<<Execute>b__0>d.MoveNext()\n--- End of stack trace from previous location ---\n   at OpenQA.Selenium.Remote.HttpCommandExecutor.Execute(Command commandToExecute)\n--TimeoutException\n\n--TaskCanceledException\n   at System.Net.Http.HttpConnection.SendAsync(HttpRequestMessage request, Boolean async, CancellationToken cancellationToken)\n   at System.Net.Http.HttpConnectionPool.SendWithVersionDetectionAndRetryAsync(HttpRequestMessage request, Boolean async, Boolean doRequestAuth, CancellationToken cancellationToken)\n   at System.Net.Http.RedirectHandler.SendAsync(HttpRequestMessage request, Boolean async, CancellationToken cancellationToken)\n   at System.Net.Http.HttpClient.<SendAsync>g__Core|83_0(HttpRequestMessage request, HttpCompletionOption completionOption, CancellationTokenSource cts, Boolean disposeCts, CancellationTokenSource pendingRequestsCts, CancellationToken originalCancellationToken)\n--IOException\n   at System.Net.Sockets.Socket.AwaitableSocketAsyncEventArgs.ThrowException(SocketError error, CancellationToken cancellationToken)\n   at System.Net.Sockets.Socket.AwaitableSocketAsyncEventArgs.System.Threading.Tasks.Sources.IValueTaskSource<System.Int32>.GetResult(Int16 token)\n   at System.Net.Http.HttpConnection.InitialFillAsync(Boolean async)\n   at System.Net.Http.HttpConnection.SendAsync(HttpRequestMessage request, Boolean async, CancellationToken cancellationToken)\n--SocketException\n\n--TearDown\n   at System.Reflection.MethodBaseInvoker.InvokeWithManyArgs(Object obj, BindingFlags invokeAttr, Binder binder, Object[] parameters, CultureInfo culture)\n   at Allure.Net.Commons.Steps.AllureStepAspectBase.Around(String name, Object[] args, Func`2 target, MethodBase metadata, Type returnType)\n   at TestRail.BaseEntities.BaseTest.__a$_around_TearDown_100663461_w_1(Object[])\n   at Allure.NUnit.Internals.StopContainerAspect.StopTestContainerAfterTheLastOneTimeTearDown(Func`2 target, Object[] arguments, MethodBase metadata)\n   at TestRail.BaseEntities.BaseTest.__a$_around_TearDown_100663461_w_0(Object[])\n   at TestRail.BaseEntities.BaseTest.TearDown()\n   at InvokeStub_BaseTest.TearDown(Object, Object, IntPtr*)\n   at System.Reflection.MethodBaseInvoker.InvokeWithNoArgs(Object obj, BindingFlags invokeAttr)\n--NullReferenceException\n   at TestRail.BaseEntities.BaseTest.__a$_around_TearDown_100663461_o() in /home/runner/work/TestRail/TestRail/BaseEntities/BaseTest.cs:line 78\n   at TestRail.BaseEntities.BaseTest.__a$_around_TearDown_100663461_u(Object[])\n   at Allure.Net.Commons.Steps.AllureAbstractStepAspect.WrapSyncVoid(Func`2 target, Object[] args, MethodBase metadata, String stepName, List`1 stepParameters)\n   at InvokeStub_AllureAbstractStepAspect.WrapSyncVoid(Object, Span`1)\n   at System.Reflection.MethodBaseInvoker.InvokeWithManyArgs(Object obj, BindingFlags invokeAttr, Binder binder, Object[] parameters, CultureInfo culture)","steps":[],"attachments":[{"uid":"ad546f03fedf917f","name":"Console Output","source":"ad546f03fedf917f.txt","type":"text/plain","size":476}],"parameters":[],"shouldDisplayMessage":true,"stepsCount":0,"attachmentsCount":1,"hasContent":true},"afterStages":[{"name":"Driver quite","time":{"start":1717859892878,"stop":1717859892878,"duration":0},"status":"broken","statusMessage":"Object reference not set to an instance of an object.","statusTrace":"System.NullReferenceException: Object reference not set to an instance of an object.\n   at TestRail.BaseEntities.BaseTest.__a$_around_TearDown_100663461_o() in /home/runner/work/TestRail/TestRail/BaseEntities/BaseTest.cs:line 78\n   at TestRail.BaseEntities.BaseTest.__a$_around_TearDown_100663461_u(Object[])\n   at Allure.Net.Commons.Steps.AllureAbstractStepAspect.WrapSyncVoid(Func`2 target, Object[] args, MethodBase metadata, String stepName, List`1 stepParameters)","steps":[],"attachments":[],"parameters":[],"shouldDisplayMessage":true,"stepsCount":0,"attachmentsCount":0,"hasContent":true}],"labels":[{"name":"thread","value":"ParallelWorker#4"},{"name":"host","value":"fv-az1242-534"},{"name":"language","value":"C#"},{"name":"framework","value":"NUnit 3"},{"name":"package","value":"TestRail.Tests.UI"},{"name":"testMethod","value":"LoginWithWrongUserNameOrPassword"},{"name":"testClass","value":"LoginTests"},{"name":"severity","value":"critical"},{"name":"feature","value":"Basic Functionality"},{"name":"story","value":"Login"},{"name":"owner","value":"EAntonova"},{"name":"epic","value":"TestRail"},{"name":"tag","value":"SmokeTests"},{"name":"tag","value":"LoginTests"},{"name":"resultFormat","value":"allure2"}],"parameters":[{"name":"password","value":"\"<script>alert(1)</script>\""},{"name":"userName","value":"\"<script>alert(1)</script>\""}],"links":[],"hidden":false,"retry":false,"extra":{"severity":"critical","owner":"EAntonova","retries":[],"categories":[{"name":"Test defects","matchedStatuses":[],"flaky":false}],"history":{"statistic":{"failed":0,"broken":2,"skipped":0,"passed":8,"unknown":0,"total":10},"items":[{"uid":"6e9171bddb70c535","reportUrl":"https://Liska07.github.io/TestRail/15//#testresult/6e9171bddb70c535","status":"passed","time":{"start":1717855010270,"stop":1717855012483,"duration":2213}},{"uid":"35acdf4c755fc307","reportUrl":"https://Liska07.github.io/TestRail/14//#testresult/35acdf4c755fc307","status":"passed","time":{"start":1717768575813,"stop":1717768577643,"duration":1830}},{"uid":"66fd4062d296819f","reportUrl":"https://Liska07.github.io/TestRail/13//#testresult/66fd4062d296819f","status":"passed","time":{"start":1717682206145,"stop":1717682207881,"duration":1736}},{"uid":"ee0452943de09458","reportUrl":"https://Liska07.github.io/TestRail/12//#testresult/ee0452943de09458","status":"passed","time":{"start":1717595802797,"stop":1717595804747,"duration":1950}},{"uid":"db537fcb5d4800ce","reportUrl":"https://Liska07.github.io/TestRail/10//#testresult/db537fcb5d4800ce","status":"passed","time":{"start":1717526626034,"stop":1717526628273,"duration":2239}},{"uid":"176764b5e4ae3569","reportUrl":"https://Liska07.github.io/TestRail/8//#testresult/176764b5e4ae3569","status":"passed","time":{"start":1717509726897,"stop":1717509728592,"duration":1695}},{"uid":"2e40b7434ae5e825","reportUrl":"https://Liska07.github.io/TestRail/7//#testresult/2e40b7434ae5e825","status":"passed","time":{"start":1717443375376,"stop":1717443377782,"duration":2406}},{"uid":"9d5e27b399dd26b","reportUrl":"https://Liska07.github.io/TestRail/6//#testresult/9d5e27b399dd26b","status":"broken","statusDetails":"System.Reflection.TargetInvocationException : Exception has been thrown by the target of an invocation.\n  ----> OpenQA.Selenium.WebDriverException : The HTTP request to the remote WebDriver server for URL http://localhost:45507/session timed out after 60 seconds.\n  ----> System.Threading.Tasks.TaskCanceledException : The request was canceled due to the configured HttpClient.Timeout of 60 seconds elapsing.\n  ----> System.TimeoutException : The operation was canceled.\n  ----> System.Threading.Tasks.TaskCanceledException : The operation was canceled.\n  ----> System.IO.IOException : Unable to read data from the transport connection: Operation canceled.\n  ----> System.Net.Sockets.SocketException : Operation canceled\nTearDown : System.Reflection.TargetInvocationException : Exception has been thrown by the target of an invocation.\n  ----> System.NullReferenceException : Object reference not set to an instance of an object.","time":{"start":1717442957301,"stop":1717443017516,"duration":60215}},{"uid":"a0caae77a9028d0d","reportUrl":"https://Liska07.github.io/TestRail/5//#testresult/a0caae77a9028d0d","status":"passed","time":{"start":1717423281488,"stop":1717423284646,"duration":3158}}]},"tags":["SmokeTests","LoginTests"]},"source":"17089112ea60835f.json","parameterValues":["\"<script>alert(1)</script>\"","\"<script>alert(1)</script>\""]}