{"uid":"3cef7112dd6e34d2","name":"LoginWithoutUserNameAndPassword","fullName":"TestRail:TestRail.Tests.UI.LoginTests.LoginWithoutUserNameAndPassword()","historyId":"0afa39a055684ba4397630c8674d4953","time":{"start":1717859772201,"stop":1717859832366,"duration":60165},"description":"Check the error messages if username and password are not entered","descriptionHtml":"<p>Check the error messages if username and password are not entered</p>\n","status":"broken","statusMessage":"System.Reflection.TargetInvocationException : Exception has been thrown by the target of an invocation.\n  ----> OpenQA.Selenium.WebDriverException : The HTTP request to the remote WebDriver server for URL http://localhost:40601/session timed out after 60 seconds.\n  ----> System.Threading.Tasks.TaskCanceledException : The request was canceled due to the configured HttpClient.Timeout of 60 seconds elapsing.\n  ----> System.TimeoutException : The operation was canceled.\n  ----> System.Threading.Tasks.TaskCanceledException : The operation was canceled.\n  ----> System.IO.IOException : Unable to read data from the transport connection: Operation canceled.\n  ----> System.Net.Sockets.SocketException : Operation canceled\nTearDown : System.Reflection.TargetInvocationException : Exception has been thrown by the target of an invocation.\n  ----> System.NullReferenceException : Object reference not set to an instance of an object.","statusTrace":"   at System.Reflection.MethodBaseInvoker.InvokeWithManyArgs(Object obj, BindingFlags invokeAttr, Binder binder, Object[] parameters, CultureInfo culture)\n   at Allure.Net.Commons.Steps.AllureStepAspectBase.Around(String name, Object[] args, Func`2 target, MethodBase metadata, Type returnType)\n   at TestRail.BaseEntities.BaseTest.__a$_around_Setup_100663460_w_0(Object[])\n   at TestRail.BaseEntities.BaseTest.Setup()\n   at InvokeStub_BaseTest.Setup(Object, Object, IntPtr*)\n   at System.Reflection.MethodBaseInvoker.InvokeWithNoArgs(Object obj, BindingFlags invokeAttr)\n--WebDriverException\n   at OpenQA.Selenium.Remote.HttpCommandExecutor.Execute(Command commandToExecute)\n   at OpenQA.Selenium.Remote.DriverServiceCommandExecutor.Execute(Command commandToExecute)\n   at OpenQA.Selenium.WebDriver.Execute(String driverCommandToExecute, Dictionary`2 parameters)\n   at OpenQA.Selenium.WebDriver.StartSession(ICapabilities capabilities)\n   at OpenQA.Selenium.WebDriver..ctor(ICommandExecutor executor, ICapabilities capabilities)\n   at OpenQA.Selenium.Chromium.ChromiumDriver..ctor(ChromiumDriverService service, ChromiumOptions options, TimeSpan commandTimeout)\n   at OpenQA.Selenium.Chrome.ChromeDriver..ctor(ChromeDriverService service, ChromeOptions options, TimeSpan commandTimeout)\n   at OpenQA.Selenium.Chrome.ChromeDriver..ctor(ChromeOptions options)\n   at TestRail.Core.DriverFactory.GetChromeDriver() in /home/runner/work/TestRail/TestRail/Core/DriverFactory.cs:line 23\n   at TestRail.Core.Browser..ctor() in /home/runner/work/TestRail/TestRail/Core/Browser.cs:line 17\n   at TestRail.BaseEntities.BaseTest.__a$_around_Setup_100663460_o() in /home/runner/work/TestRail/TestRail/BaseEntities/BaseTest.cs:line 45\n   at TestRail.BaseEntities.BaseTest.__a$_around_Setup_100663460_u(Object[])\n   at Allure.Net.Commons.Steps.AllureAbstractStepAspect.WrapSyncVoid(Func`2 target, Object[] args, MethodBase metadata, String stepName, List`1 stepParameters)\n   at InvokeStub_AllureAbstractStepAspect.WrapSyncVoid(Object, Span`1)\n   at System.Reflection.MethodBaseInvoker.InvokeWithManyArgs(Object obj, BindingFlags invokeAttr, Binder binder, Object[] parameters, CultureInfo culture)\n--TaskCanceledException\n   at System.Net.Http.HttpClient.HandleFailure(Exception e, Boolean telemetryStarted, HttpResponseMessage response, CancellationTokenSource cts, CancellationToken cancellationToken, CancellationTokenSource pendingRequestsCts)\n   at System.Net.Http.HttpClient.<SendAsync>g__Core|83_0(HttpRequestMessage request, HttpCompletionOption completionOption, CancellationTokenSource cts, Boolean disposeCts, CancellationTokenSource pendingRequestsCts, CancellationToken originalCancellationToken)\n   at OpenQA.Selenium.Remote.HttpCommandExecutor.MakeHttpRequest(HttpRequestInfo requestInfo)\n   at OpenQA.Selenium.Remote.HttpCommandExecutor.<>c__DisplayClass33_0.<<Execute>b__0>d.MoveNext()\n--- End of stack trace from previous location ---\n   at OpenQA.Selenium.Remote.HttpCommandExecutor.Execute(Command commandToExecute)\n--TimeoutException\n\n--TaskCanceledException\n   at System.Net.Http.HttpConnection.SendAsync(HttpRequestMessage request, Boolean async, CancellationToken cancellationToken)\n   at System.Net.Http.HttpConnectionPool.SendWithVersionDetectionAndRetryAsync(HttpRequestMessage request, Boolean async, Boolean doRequestAuth, CancellationToken cancellationToken)\n   at System.Net.Http.RedirectHandler.SendAsync(HttpRequestMessage request, Boolean async, CancellationToken cancellationToken)\n   at System.Net.Http.HttpClient.<SendAsync>g__Core|83_0(HttpRequestMessage request, HttpCompletionOption completionOption, CancellationTokenSource cts, Boolean disposeCts, CancellationTokenSource pendingRequestsCts, CancellationToken originalCancellationToken)\n--IOException\n   at System.Net.Sockets.Socket.AwaitableSocketAsyncEventArgs.ThrowException(SocketError error, CancellationToken cancellationToken)\n   at System.Net.Sockets.Socket.AwaitableSocketAsyncEventArgs.System.Threading.Tasks.Sources.IValueTaskSource<System.Int32>.GetResult(Int16 token)\n   at System.Net.Http.HttpConnection.InitialFillAsync(Boolean async)\n   at System.Net.Http.HttpConnection.SendAsync(HttpRequestMessage request, Boolean async, CancellationToken cancellationToken)\n--SocketException\n\n--TearDown\n   at System.Reflection.MethodBaseInvoker.InvokeWithManyArgs(Object obj, BindingFlags invokeAttr, Binder binder, Object[] parameters, CultureInfo culture)\n   at Allure.Net.Commons.Steps.AllureStepAspectBase.Around(String name, Object[] args, Func`2 target, MethodBase metadata, Type returnType)\n   at TestRail.BaseEntities.BaseTest.__a$_around_TearDown_100663461_w_1(Object[])\n   at Allure.NUnit.Internals.StopContainerAspect.StopTestContainerAfterTheLastOneTimeTearDown(Func`2 target, Object[] arguments, MethodBase metadata)\n   at TestRail.BaseEntities.BaseTest.__a$_around_TearDown_100663461_w_0(Object[])\n   at TestRail.BaseEntities.BaseTest.TearDown()\n   at InvokeStub_BaseTest.TearDown(Object, Object, IntPtr*)\n   at System.Reflection.MethodBaseInvoker.InvokeWithNoArgs(Object obj, BindingFlags invokeAttr)\n--NullReferenceException\n   at TestRail.BaseEntities.BaseTest.__a$_around_TearDown_100663461_o() in /home/runner/work/TestRail/TestRail/BaseEntities/BaseTest.cs:line 78\n   at TestRail.BaseEntities.BaseTest.__a$_around_TearDown_100663461_u(Object[])\n   at Allure.Net.Commons.Steps.AllureAbstractStepAspect.WrapSyncVoid(Func`2 target, Object[] args, MethodBase metadata, String stepName, List`1 stepParameters)\n   at InvokeStub_AllureAbstractStepAspect.WrapSyncVoid(Object, Span`1)\n   at System.Reflection.MethodBaseInvoker.InvokeWithManyArgs(Object obj, BindingFlags invokeAttr, Binder binder, Object[] parameters, CultureInfo culture)","flaky":false,"newFailed":false,"newBroken":true,"newPassed":false,"retriesCount":0,"retriesStatusChange":false,"beforeStages":[{"name":"Clear allure-results directory","time":{"start":1717859707627,"stop":1717859707628,"duration":1},"status":"passed","steps":[],"attachments":[],"parameters":[],"shouldDisplayMessage":false,"stepsCount":0,"attachmentsCount":0,"hasContent":false},{"name":"Set up driver","time":{"start":1717859772201,"stop":1717859832364,"duration":60163},"status":"broken","statusMessage":"The HTTP request to the remote WebDriver server for URL http://localhost:40601/session timed out after 60 seconds.","statusTrace":"OpenQA.Selenium.WebDriverException: The HTTP request to the remote WebDriver server for URL http://localhost:40601/session timed out after 60 seconds.\n ---> System.Threading.Tasks.TaskCanceledException: The request was canceled due to the configured HttpClient.Timeout of 60 seconds elapsing.\n ---> System.TimeoutException: The operation was canceled.\n ---> System.Threading.Tasks.TaskCanceledException: The operation was canceled.\n ---> System.IO.IOException: Unable to read data from the transport connection: Operation canceled.\n ---> System.Net.Sockets.SocketException (125): Operation canceled\n   --- End of inner exception stack trace ---\n   at System.Net.Sockets.Socket.AwaitableSocketAsyncEventArgs.ThrowException(SocketError error, CancellationToken cancellationToken)\n   at System.Net.Sockets.Socket.AwaitableSocketAsyncEventArgs.System.Threading.Tasks.Sources.IValueTaskSource<System.Int32>.GetResult(Int16 token)\n   at System.Net.Http.HttpConnection.InitialFillAsync(Boolean async)\n   at System.Net.Http.HttpConnection.SendAsync(HttpRequestMessage request, Boolean async, CancellationToken cancellationToken)\n   --- End of inner exception stack trace ---\n   at System.Net.Http.HttpConnection.SendAsync(HttpRequestMessage request, Boolean async, CancellationToken cancellationToken)\n   at System.Net.Http.HttpConnectionPool.SendWithVersionDetectionAndRetryAsync(HttpRequestMessage request, Boolean async, Boolean doRequestAuth, CancellationToken cancellationToken)\n   at System.Net.Http.RedirectHandler.SendAsync(HttpRequestMessage request, Boolean async, CancellationToken cancellationToken)\n   at System.Net.Http.HttpClient.<SendAsync>g__Core|83_0(HttpRequestMessage request, HttpCompletionOption completionOption, CancellationTokenSource cts, Boolean disposeCts, CancellationTokenSource pendingRequestsCts, CancellationToken originalCancellationToken)\n   --- End of inner exception stack trace ---\n   --- End of inner exception stack trace ---\n   at System.Net.Http.HttpClient.HandleFailure(Exception e, Boolean telemetryStarted, HttpResponseMessage response, CancellationTokenSource cts, CancellationToken cancellationToken, CancellationTokenSource pendingRequestsCts)\n   at System.Net.Http.HttpClient.<SendAsync>g__Core|83_0(HttpRequestMessage request, HttpCompletionOption completionOption, CancellationTokenSource cts, Boolean disposeCts, CancellationTokenSource pendingRequestsCts, CancellationToken originalCancellationToken)\n   at OpenQA.Selenium.Remote.HttpCommandExecutor.MakeHttpRequest(HttpRequestInfo requestInfo)\n   at OpenQA.Selenium.Remote.HttpCommandExecutor.<>c__DisplayClass33_0.<<Execute>b__0>d.MoveNext()\n--- End of stack trace from previous location ---\n   at OpenQA.Selenium.Remote.HttpCommandExecutor.Execute(Command commandToExecute)\n   --- End of inner exception stack trace ---\n   at OpenQA.Selenium.Remote.HttpCommandExecutor.Execute(Command commandToExecute)\n   at OpenQA.Selenium.Remote.DriverServiceCommandExecutor.Execute(Command commandToExecute)\n   at OpenQA.Selenium.WebDriver.Execute(String driverCommandToExecute, Dictionary`2 parameters)\n   at OpenQA.Selenium.WebDriver.StartSession(ICapabilities capabilities)\n   at OpenQA.Selenium.WebDriver..ctor(ICommandExecutor executor, ICapabilities capabilities)\n   at OpenQA.Selenium.Chromium.ChromiumDriver..ctor(ChromiumDriverService service, ChromiumOptions options, TimeSpan commandTimeout)\n   at OpenQA.Selenium.Chrome.ChromeDriver..ctor(ChromeDriverService service, ChromeOptions options, TimeSpan commandTimeout)\n   at OpenQA.Selenium.Chrome.ChromeDriver..ctor(ChromeOptions options)\n   at TestRail.Core.DriverFactory.GetChromeDriver() in /home/runner/work/TestRail/TestRail/Core/DriverFactory.cs:line 23\n   at TestRail.Core.Browser..ctor() in /home/runner/work/TestRail/TestRail/Core/Browser.cs:line 17\n   at TestRail.BaseEntities.BaseTest.__a$_around_Setup_100663460_o() in /home/runner/work/TestRail/TestRail/BaseEntities/BaseTest.cs:line 45\n   at TestRail.BaseEntities.BaseTest.__a$_around_Setup_100663460_u(Object[])\n   at Allure.Net.Commons.Steps.AllureAbstractStepAspect.WrapSyncVoid(Func`2 target, Object[] args, MethodBase metadata, String stepName, List`1 stepParameters)","steps":[],"attachments":[],"parameters":[],"shouldDisplayMessage":true,"stepsCount":0,"attachmentsCount":0,"hasContent":true}],"testStage":{"description":"Check the error messages if username and password are not entered","status":"broken","statusMessage":"System.Reflection.TargetInvocationException : Exception has been thrown by the target of an invocation.\n  ----> OpenQA.Selenium.WebDriverException : The HTTP request to the remote WebDriver server for URL http://localhost:40601/session timed out after 60 seconds.\n  ----> System.Threading.Tasks.TaskCanceledException : The request was canceled due to the configured HttpClient.Timeout of 60 seconds elapsing.\n  ----> System.TimeoutException : The operation was canceled.\n  ----> System.Threading.Tasks.TaskCanceledException : The operation was canceled.\n  ----> System.IO.IOException : Unable to read data from the transport connection: Operation canceled.\n  ----> System.Net.Sockets.SocketException : Operation canceled\nTearDown : System.Reflection.TargetInvocationException : Exception has been thrown by the target of an invocation.\n  ----> System.NullReferenceException : Object reference not set to an instance of an object.","statusTrace":"   at System.Reflection.MethodBaseInvoker.InvokeWithManyArgs(Object obj, BindingFlags invokeAttr, Binder binder, Object[] parameters, CultureInfo culture)\n   at Allure.Net.Commons.Steps.AllureStepAspectBase.Around(String name, Object[] args, Func`2 target, MethodBase metadata, Type returnType)\n   at TestRail.BaseEntities.BaseTest.__a$_around_Setup_100663460_w_0(Object[])\n   at TestRail.BaseEntities.BaseTest.Setup()\n   at InvokeStub_BaseTest.Setup(Object, Object, IntPtr*)\n   at System.Reflection.MethodBaseInvoker.InvokeWithNoArgs(Object obj, BindingFlags invokeAttr)\n--WebDriverException\n   at OpenQA.Selenium.Remote.HttpCommandExecutor.Execute(Command commandToExecute)\n   at OpenQA.Selenium.Remote.DriverServiceCommandExecutor.Execute(Command commandToExecute)\n   at OpenQA.Selenium.WebDriver.Execute(String driverCommandToExecute, Dictionary`2 parameters)\n   at OpenQA.Selenium.WebDriver.StartSession(ICapabilities capabilities)\n   at OpenQA.Selenium.WebDriver..ctor(ICommandExecutor executor, ICapabilities capabilities)\n   at OpenQA.Selenium.Chromium.ChromiumDriver..ctor(ChromiumDriverService service, ChromiumOptions options, TimeSpan commandTimeout)\n   at OpenQA.Selenium.Chrome.ChromeDriver..ctor(ChromeDriverService service, ChromeOptions options, TimeSpan commandTimeout)\n   at OpenQA.Selenium.Chrome.ChromeDriver..ctor(ChromeOptions options)\n   at TestRail.Core.DriverFactory.GetChromeDriver() in /home/runner/work/TestRail/TestRail/Core/DriverFactory.cs:line 23\n   at TestRail.Core.Browser..ctor() in /home/runner/work/TestRail/TestRail/Core/Browser.cs:line 17\n   at TestRail.BaseEntities.BaseTest.__a$_around_Setup_100663460_o() in /home/runner/work/TestRail/TestRail/BaseEntities/BaseTest.cs:line 45\n   at TestRail.BaseEntities.BaseTest.__a$_around_Setup_100663460_u(Object[])\n   at Allure.Net.Commons.Steps.AllureAbstractStepAspect.WrapSyncVoid(Func`2 target, Object[] args, MethodBase metadata, String stepName, List`1 stepParameters)\n   at InvokeStub_AllureAbstractStepAspect.WrapSyncVoid(Object, Span`1)\n   at System.Reflection.MethodBaseInvoker.InvokeWithManyArgs(Object obj, BindingFlags invokeAttr, Binder binder, Object[] parameters, CultureInfo culture)\n--TaskCanceledException\n   at System.Net.Http.HttpClient.HandleFailure(Exception e, Boolean telemetryStarted, HttpResponseMessage response, CancellationTokenSource cts, CancellationToken cancellationToken, CancellationTokenSource pendingRequestsCts)\n   at System.Net.Http.HttpClient.<SendAsync>g__Core|83_0(HttpRequestMessage request, HttpCompletionOption completionOption, CancellationTokenSource cts, Boolean disposeCts, CancellationTokenSource pendingRequestsCts, CancellationToken originalCancellationToken)\n   at OpenQA.Selenium.Remote.HttpCommandExecutor.MakeHttpRequest(HttpRequestInfo requestInfo)\n   at OpenQA.Selenium.Remote.HttpCommandExecutor.<>c__DisplayClass33_0.<<Execute>b__0>d.MoveNext()\n--- End of stack trace from previous location ---\n   at OpenQA.Selenium.Remote.HttpCommandExecutor.Execute(Command commandToExecute)\n--TimeoutException\n\n--TaskCanceledException\n   at System.Net.Http.HttpConnection.SendAsync(HttpRequestMessage request, Boolean async, CancellationToken cancellationToken)\n   at System.Net.Http.HttpConnectionPool.SendWithVersionDetectionAndRetryAsync(HttpRequestMessage request, Boolean async, Boolean doRequestAuth, CancellationToken cancellationToken)\n   at System.Net.Http.RedirectHandler.SendAsync(HttpRequestMessage request, Boolean async, CancellationToken cancellationToken)\n   at System.Net.Http.HttpClient.<SendAsync>g__Core|83_0(HttpRequestMessage request, HttpCompletionOption completionOption, CancellationTokenSource cts, Boolean disposeCts, CancellationTokenSource pendingRequestsCts, CancellationToken originalCancellationToken)\n--IOException\n   at System.Net.Sockets.Socket.AwaitableSocketAsyncEventArgs.ThrowException(SocketError error, CancellationToken cancellationToken)\n   at System.Net.Sockets.Socket.AwaitableSocketAsyncEventArgs.System.Threading.Tasks.Sources.IValueTaskSource<System.Int32>.GetResult(Int16 token)\n   at System.Net.Http.HttpConnection.InitialFillAsync(Boolean async)\n   at System.Net.Http.HttpConnection.SendAsync(HttpRequestMessage request, Boolean async, CancellationToken cancellationToken)\n--SocketException\n\n--TearDown\n   at System.Reflection.MethodBaseInvoker.InvokeWithManyArgs(Object obj, BindingFlags invokeAttr, Binder binder, Object[] parameters, CultureInfo culture)\n   at Allure.Net.Commons.Steps.AllureStepAspectBase.Around(String name, Object[] args, Func`2 target, MethodBase metadata, Type returnType)\n   at TestRail.BaseEntities.BaseTest.__a$_around_TearDown_100663461_w_1(Object[])\n   at Allure.NUnit.Internals.StopContainerAspect.StopTestContainerAfterTheLastOneTimeTearDown(Func`2 target, Object[] arguments, MethodBase metadata)\n   at TestRail.BaseEntities.BaseTest.__a$_around_TearDown_100663461_w_0(Object[])\n   at TestRail.BaseEntities.BaseTest.TearDown()\n   at InvokeStub_BaseTest.TearDown(Object, Object, IntPtr*)\n   at System.Reflection.MethodBaseInvoker.InvokeWithNoArgs(Object obj, BindingFlags invokeAttr)\n--NullReferenceException\n   at TestRail.BaseEntities.BaseTest.__a$_around_TearDown_100663461_o() in /home/runner/work/TestRail/TestRail/BaseEntities/BaseTest.cs:line 78\n   at TestRail.BaseEntities.BaseTest.__a$_around_TearDown_100663461_u(Object[])\n   at Allure.Net.Commons.Steps.AllureAbstractStepAspect.WrapSyncVoid(Func`2 target, Object[] args, MethodBase metadata, String stepName, List`1 stepParameters)\n   at InvokeStub_AllureAbstractStepAspect.WrapSyncVoid(Object, Span`1)\n   at System.Reflection.MethodBaseInvoker.InvokeWithManyArgs(Object obj, BindingFlags invokeAttr, Binder binder, Object[] parameters, CultureInfo culture)","steps":[],"attachments":[{"uid":"bc0bf3b536a288b4","name":"Console Output","source":"bc0bf3b536a288b4.txt","type":"text/plain","size":476}],"parameters":[],"shouldDisplayMessage":true,"stepsCount":0,"attachmentsCount":1,"hasContent":true},"afterStages":[{"name":"Driver quite","time":{"start":1717859832365,"stop":1717859832365,"duration":0},"status":"broken","statusMessage":"Object reference not set to an instance of an object.","statusTrace":"System.NullReferenceException: Object reference not set to an instance of an object.\n   at TestRail.BaseEntities.BaseTest.__a$_around_TearDown_100663461_o() in /home/runner/work/TestRail/TestRail/BaseEntities/BaseTest.cs:line 78\n   at TestRail.BaseEntities.BaseTest.__a$_around_TearDown_100663461_u(Object[])\n   at Allure.Net.Commons.Steps.AllureAbstractStepAspect.WrapSyncVoid(Func`2 target, Object[] args, MethodBase metadata, String stepName, List`1 stepParameters)","steps":[],"attachments":[],"parameters":[],"shouldDisplayMessage":true,"stepsCount":0,"attachmentsCount":0,"hasContent":true}],"labels":[{"name":"thread","value":"ParallelWorker#2"},{"name":"host","value":"fv-az1242-534"},{"name":"language","value":"C#"},{"name":"framework","value":"NUnit 3"},{"name":"package","value":"TestRail.Tests.UI"},{"name":"testMethod","value":"LoginWithoutUserNameAndPassword"},{"name":"testClass","value":"LoginTests"},{"name":"severity","value":"normal"},{"name":"feature","value":"Basic Functionality"},{"name":"story","value":"Login"},{"name":"owner","value":"EAntonova"},{"name":"epic","value":"TestRail"},{"name":"tag","value":"LoginTests"},{"name":"resultFormat","value":"allure2"}],"parameters":[],"links":[],"hidden":false,"retry":false,"extra":{"severity":"normal","owner":"EAntonova","retries":[],"categories":[{"name":"Test defects","matchedStatuses":[],"flaky":false}],"history":{"statistic":{"failed":0,"broken":1,"skipped":0,"passed":7,"unknown":0,"total":8},"items":[{"uid":"1acfd7ce61e13a09","reportUrl":"https://Liska07.github.io/TestRail/15//#testresult/1acfd7ce61e13a09","status":"passed","time":{"start":1717854987819,"stop":1717855000840,"duration":13021}},{"uid":"c2292fb5748e5d44","reportUrl":"https://Liska07.github.io/TestRail/14//#testresult/c2292fb5748e5d44","status":"passed","time":{"start":1717768568334,"stop":1717768573248,"duration":4914}},{"uid":"8f3cbfe22560f65","reportUrl":"https://Liska07.github.io/TestRail/13//#testresult/8f3cbfe22560f65","status":"passed","time":{"start":1717682188449,"stop":1717682197999,"duration":9550}},{"uid":"10f34687f4c0290f","reportUrl":"https://Liska07.github.io/TestRail/12//#testresult/10f34687f4c0290f","status":"passed","time":{"start":1717595787947,"stop":1717595800527,"duration":12580}},{"uid":"7806f8002df29817","reportUrl":"https://Liska07.github.io/TestRail/10//#testresult/7806f8002df29817","status":"passed","time":{"start":1717526621918,"stop":1717526625846,"duration":3928}},{"uid":"6a5f35cc8a9c299c","reportUrl":"https://Liska07.github.io/TestRail/8//#testresult/6a5f35cc8a9c299c","status":"passed","time":{"start":1717509723381,"stop":1717509725077,"duration":1696}},{"uid":"65d04314ce62e8ae","reportUrl":"https://Liska07.github.io/TestRail/5//#testresult/65d04314ce62e8ae","status":"passed","time":{"start":1717423268437,"stop":1717423281334,"duration":12897}}]},"tags":["LoginTests"]},"source":"3cef7112dd6e34d2.json","parameterValues":[]}