{"uid":"b9ffaf1c6c2cece2","name":"LoginWithWrongUserNameOrPassword(\"' OR '1'='1\",\"' OR '1'='1\")","fullName":"TestRail:TestRail.Tests.UI.LoginTests.LoginWithWrongUserNameOrPassword(System.String,System.String)","historyId":"0644b35e97dfa47689acbb53c6a00ebd","time":{"start":1717859832583,"stop":1717859892753,"duration":60170},"description":"Check the error messages if username or password are incorrect","descriptionHtml":"<p>Check the error messages if username or password are incorrect</p>\n","status":"broken","statusMessage":"System.Reflection.TargetInvocationException : Exception has been thrown by the target of an invocation.\n  ----> OpenQA.Selenium.WebDriverException : The HTTP request to the remote WebDriver server for URL http://localhost:41799/session timed out after 60 seconds.\n  ----> System.Threading.Tasks.TaskCanceledException : The request was canceled due to the configured HttpClient.Timeout of 60 seconds elapsing.\n  ----> System.TimeoutException : The operation was canceled.\n  ----> System.Threading.Tasks.TaskCanceledException : The operation was canceled.\n  ----> System.IO.IOException : Unable to read data from the transport connection: Operation canceled.\n  ----> System.Net.Sockets.SocketException : Operation canceled\nTearDown : System.Reflection.TargetInvocationException : Exception has been thrown by the target of an invocation.\n  ----> System.NullReferenceException : Object reference not set to an instance of an object.","statusTrace":"   at System.Reflection.MethodBaseInvoker.InvokeWithManyArgs(Object obj, BindingFlags invokeAttr, Binder binder, Object[] parameters, CultureInfo culture)\n   at Allure.Net.Commons.Steps.AllureStepAspectBase.Around(String name, Object[] args, Func`2 target, MethodBase metadata, Type returnType)\n   at TestRail.BaseEntities.BaseTest.__a$_around_Setup_100663460_w_0(Object[])\n   at TestRail.BaseEntities.BaseTest.Setup()\n   at InvokeStub_BaseTest.Setup(Object, Object, IntPtr*)\n   at System.Reflection.MethodBaseInvoker.InvokeWithNoArgs(Object obj, BindingFlags invokeAttr)\n--WebDriverException\n   at OpenQA.Selenium.Remote.HttpCommandExecutor.Execute(Command commandToExecute)\n   at OpenQA.Selenium.Remote.DriverServiceCommandExecutor.Execute(Command commandToExecute)\n   at OpenQA.Selenium.WebDriver.Execute(String driverCommandToExecute, Dictionary`2 parameters)\n   at OpenQA.Selenium.WebDriver.StartSession(ICapabilities capabilities)\n   at OpenQA.Selenium.WebDriver..ctor(ICommandExecutor executor, ICapabilities capabilities)\n   at OpenQA.Selenium.Chromium.ChromiumDriver..ctor(ChromiumDriverService service, ChromiumOptions options, TimeSpan commandTimeout)\n   at OpenQA.Selenium.Chrome.ChromeDriver..ctor(ChromeDriverService service, ChromeOptions options, TimeSpan commandTimeout)\n   at OpenQA.Selenium.Chrome.ChromeDriver..ctor(ChromeOptions options)\n   at TestRail.Core.DriverFactory.GetChromeDriver() in /home/runner/work/TestRail/TestRail/Core/DriverFactory.cs:line 23\n   at TestRail.Core.Browser..ctor() in /home/runner/work/TestRail/TestRail/Core/Browser.cs:line 17\n   at TestRail.BaseEntities.BaseTest.__a$_around_Setup_100663460_o() in /home/runner/work/TestRail/TestRail/BaseEntities/BaseTest.cs:line 45\n   at TestRail.BaseEntities.BaseTest.__a$_around_Setup_100663460_u(Object[])\n   at Allure.Net.Commons.Steps.AllureAbstractStepAspect.WrapSyncVoid(Func`2 target, Object[] args, MethodBase metadata, String stepName, List`1 stepParameters)\n   at InvokeStub_AllureAbstractStepAspect.WrapSyncVoid(Object, Span`1)\n   at System.Reflection.MethodBaseInvoker.InvokeWithManyArgs(Object obj, BindingFlags invokeAttr, Binder binder, Object[] parameters, CultureInfo culture)\n--TaskCanceledException\n   at System.Net.Http.HttpClient.HandleFailure(Exception e, Boolean telemetryStarted, HttpResponseMessage response, CancellationTokenSource cts, CancellationToken cancellationToken, CancellationTokenSource pendingRequestsCts)\n   at System.Net.Http.HttpClient.<SendAsync>g__Core|83_0(HttpRequestMessage request, HttpCompletionOption completionOption, CancellationTokenSource cts, Boolean disposeCts, CancellationTokenSource pendingRequestsCts, CancellationToken originalCancellationToken)\n   at OpenQA.Selenium.Remote.HttpCommandExecutor.MakeHttpRequest(HttpRequestInfo requestInfo)\n   at OpenQA.Selenium.Remote.HttpCommandExecutor.<>c__DisplayClass33_0.<<Execute>b__0>d.MoveNext()\n--- End of stack trace from previous location ---\n   at OpenQA.Selenium.Remote.HttpCommandExecutor.Execute(Command commandToExecute)\n--TimeoutException\n\n--TaskCanceledException\n   at System.Net.Http.HttpConnection.SendAsync(HttpRequestMessage request, Boolean async, CancellationToken cancellationToken)\n   at System.Net.Http.HttpConnectionPool.SendWithVersionDetectionAndRetryAsync(HttpRequestMessage request, Boolean async, Boolean doRequestAuth, CancellationToken cancellationToken)\n   at System.Net.Http.RedirectHandler.SendAsync(HttpRequestMessage request, Boolean async, CancellationToken cancellationToken)\n   at System.Net.Http.HttpClient.<SendAsync>g__Core|83_0(HttpRequestMessage request, HttpCompletionOption completionOption, CancellationTokenSource cts, Boolean disposeCts, CancellationTokenSource pendingRequestsCts, CancellationToken originalCancellationToken)\n--IOException\n   at System.Net.Sockets.Socket.AwaitableSocketAsyncEventArgs.ThrowException(SocketError error, CancellationToken cancellationToken)\n   at System.Net.Sockets.Socket.AwaitableSocketAsyncEventArgs.System.Threading.Tasks.Sources.IValueTaskSource<System.Int32>.GetResult(Int16 token)\n   at System.Net.Http.HttpConnection.InitialFillAsync(Boolean async)\n   at System.Net.Http.HttpConnection.SendAsync(HttpRequestMessage request, Boolean async, CancellationToken cancellationToken)\n--SocketException\n\n--TearDown\n   at System.Reflection.MethodBaseInvoker.InvokeWithManyArgs(Object obj, BindingFlags invokeAttr, Binder binder, Object[] parameters, CultureInfo culture)\n   at Allure.Net.Commons.Steps.AllureStepAspectBase.Around(String name, Object[] args, Func`2 target, MethodBase metadata, Type returnType)\n   at TestRail.BaseEntities.BaseTest.__a$_around_TearDown_100663461_w_1(Object[])\n   at Allure.NUnit.Internals.StopContainerAspect.StopTestContainerAfterTheLastOneTimeTearDown(Func`2 target, Object[] arguments, MethodBase metadata)\n   at TestRail.BaseEntities.BaseTest.__a$_around_TearDown_100663461_w_0(Object[])\n   at TestRail.BaseEntities.BaseTest.TearDown()\n   at InvokeStub_BaseTest.TearDown(Object, Object, IntPtr*)\n   at System.Reflection.MethodBaseInvoker.InvokeWithNoArgs(Object obj, BindingFlags invokeAttr)\n--NullReferenceException\n   at TestRail.BaseEntities.BaseTest.__a$_around_TearDown_100663461_o() in /home/runner/work/TestRail/TestRail/BaseEntities/BaseTest.cs:line 78\n   at TestRail.BaseEntities.BaseTest.__a$_around_TearDown_100663461_u(Object[])\n   at Allure.Net.Commons.Steps.AllureAbstractStepAspect.WrapSyncVoid(Func`2 target, Object[] args, MethodBase metadata, String stepName, List`1 stepParameters)\n   at InvokeStub_AllureAbstractStepAspect.WrapSyncVoid(Object, Span`1)\n   at System.Reflection.MethodBaseInvoker.InvokeWithManyArgs(Object obj, BindingFlags invokeAttr, Binder binder, Object[] parameters, CultureInfo culture)","flaky":false,"newFailed":false,"newBroken":true,"newPassed":false,"retriesCount":0,"retriesStatusChange":false,"beforeStages":[{"name":"Clear allure-results directory","time":{"start":1717859707627,"stop":1717859707628,"duration":1},"status":"passed","steps":[],"attachments":[],"parameters":[],"shouldDisplayMessage":false,"stepsCount":0,"attachmentsCount":0,"hasContent":false},{"name":"Set up driver","time":{"start":1717859832583,"stop":1717859892751,"duration":60168},"status":"broken","statusMessage":"The HTTP request to the remote WebDriver server for URL http://localhost:41799/session timed out after 60 seconds.","statusTrace":"OpenQA.Selenium.WebDriverException: The HTTP request to the remote WebDriver server for URL http://localhost:41799/session timed out after 60 seconds.\n ---> System.Threading.Tasks.TaskCanceledException: The request was canceled due to the configured HttpClient.Timeout of 60 seconds elapsing.\n ---> System.TimeoutException: The operation was canceled.\n ---> System.Threading.Tasks.TaskCanceledException: The operation was canceled.\n ---> System.IO.IOException: Unable to read data from the transport connection: Operation canceled.\n ---> System.Net.Sockets.SocketException (125): Operation canceled\n   --- End of inner exception stack trace ---\n   at System.Net.Sockets.Socket.AwaitableSocketAsyncEventArgs.ThrowException(SocketError error, CancellationToken cancellationToken)\n   at System.Net.Sockets.Socket.AwaitableSocketAsyncEventArgs.System.Threading.Tasks.Sources.IValueTaskSource<System.Int32>.GetResult(Int16 token)\n   at System.Net.Http.HttpConnection.InitialFillAsync(Boolean async)\n   at System.Net.Http.HttpConnection.SendAsync(HttpRequestMessage request, Boolean async, CancellationToken cancellationToken)\n   --- End of inner exception stack trace ---\n   at System.Net.Http.HttpConnection.SendAsync(HttpRequestMessage request, Boolean async, CancellationToken cancellationToken)\n   at System.Net.Http.HttpConnectionPool.SendWithVersionDetectionAndRetryAsync(HttpRequestMessage request, Boolean async, Boolean doRequestAuth, CancellationToken cancellationToken)\n   at System.Net.Http.RedirectHandler.SendAsync(HttpRequestMessage request, Boolean async, CancellationToken cancellationToken)\n   at System.Net.Http.HttpClient.<SendAsync>g__Core|83_0(HttpRequestMessage request, HttpCompletionOption completionOption, CancellationTokenSource cts, Boolean disposeCts, CancellationTokenSource pendingRequestsCts, CancellationToken originalCancellationToken)\n   --- End of inner exception stack trace ---\n   --- End of inner exception stack trace ---\n   at System.Net.Http.HttpClient.HandleFailure(Exception e, Boolean telemetryStarted, HttpResponseMessage response, CancellationTokenSource cts, CancellationToken cancellationToken, CancellationTokenSource pendingRequestsCts)\n   at System.Net.Http.HttpClient.<SendAsync>g__Core|83_0(HttpRequestMessage request, HttpCompletionOption completionOption, CancellationTokenSource cts, Boolean disposeCts, CancellationTokenSource pendingRequestsCts, CancellationToken originalCancellationToken)\n   at OpenQA.Selenium.Remote.HttpCommandExecutor.MakeHttpRequest(HttpRequestInfo requestInfo)\n   at OpenQA.Selenium.Remote.HttpCommandExecutor.<>c__DisplayClass33_0.<<Execute>b__0>d.MoveNext()\n--- End of stack trace from previous location ---\n   at OpenQA.Selenium.Remote.HttpCommandExecutor.Execute(Command commandToExecute)\n   --- End of inner exception stack trace ---\n   at OpenQA.Selenium.Remote.HttpCommandExecutor.Execute(Command commandToExecute)\n   at OpenQA.Selenium.Remote.DriverServiceCommandExecutor.Execute(Command commandToExecute)\n   at OpenQA.Selenium.WebDriver.Execute(String driverCommandToExecute, Dictionary`2 parameters)\n   at OpenQA.Selenium.WebDriver.StartSession(ICapabilities capabilities)\n   at OpenQA.Selenium.WebDriver..ctor(ICommandExecutor executor, ICapabilities capabilities)\n   at OpenQA.Selenium.Chromium.ChromiumDriver..ctor(ChromiumDriverService service, ChromiumOptions options, TimeSpan commandTimeout)\n   at OpenQA.Selenium.Chrome.ChromeDriver..ctor(ChromeDriverService service, ChromeOptions options, TimeSpan commandTimeout)\n   at OpenQA.Selenium.Chrome.ChromeDriver..ctor(ChromeOptions options)\n   at TestRail.Core.DriverFactory.GetChromeDriver() in /home/runner/work/TestRail/TestRail/Core/DriverFactory.cs:line 23\n   at TestRail.Core.Browser..ctor() in /home/runner/work/TestRail/TestRail/Core/Browser.cs:line 17\n   at TestRail.BaseEntities.BaseTest.__a$_around_Setup_100663460_o() in /home/runner/work/TestRail/TestRail/BaseEntities/BaseTest.cs:line 45\n   at TestRail.BaseEntities.BaseTest.__a$_around_Setup_100663460_u(Object[])\n   at Allure.Net.Commons.Steps.AllureAbstractStepAspect.WrapSyncVoid(Func`2 target, Object[] args, MethodBase metadata, String stepName, List`1 stepParameters)","steps":[],"attachments":[],"parameters":[],"shouldDisplayMessage":true,"stepsCount":0,"attachmentsCount":0,"hasContent":true}],"testStage":{"description":"Check the error messages if username or password are incorrect","status":"broken","statusMessage":"System.Reflection.TargetInvocationException : Exception has been thrown by the target of an invocation.\n  ----> OpenQA.Selenium.WebDriverException : The HTTP request to the remote WebDriver server for URL http://localhost:41799/session timed out after 60 seconds.\n  ----> System.Threading.Tasks.TaskCanceledException : The request was canceled due to the configured HttpClient.Timeout of 60 seconds elapsing.\n  ----> System.TimeoutException : The operation was canceled.\n  ----> System.Threading.Tasks.TaskCanceledException : The operation was canceled.\n  ----> System.IO.IOException : Unable to read data from the transport connection: Operation canceled.\n  ----> System.Net.Sockets.SocketException : Operation canceled\nTearDown : System.Reflection.TargetInvocationException : Exception has been thrown by the target of an invocation.\n  ----> System.NullReferenceException : Object reference not set to an instance of an object.","statusTrace":"   at System.Reflection.MethodBaseInvoker.InvokeWithManyArgs(Object obj, BindingFlags invokeAttr, Binder binder, Object[] parameters, CultureInfo culture)\n   at Allure.Net.Commons.Steps.AllureStepAspectBase.Around(String name, Object[] args, Func`2 target, MethodBase metadata, Type returnType)\n   at TestRail.BaseEntities.BaseTest.__a$_around_Setup_100663460_w_0(Object[])\n   at TestRail.BaseEntities.BaseTest.Setup()\n   at InvokeStub_BaseTest.Setup(Object, Object, IntPtr*)\n   at System.Reflection.MethodBaseInvoker.InvokeWithNoArgs(Object obj, BindingFlags invokeAttr)\n--WebDriverException\n   at OpenQA.Selenium.Remote.HttpCommandExecutor.Execute(Command commandToExecute)\n   at OpenQA.Selenium.Remote.DriverServiceCommandExecutor.Execute(Command commandToExecute)\n   at OpenQA.Selenium.WebDriver.Execute(String driverCommandToExecute, Dictionary`2 parameters)\n   at OpenQA.Selenium.WebDriver.StartSession(ICapabilities capabilities)\n   at OpenQA.Selenium.WebDriver..ctor(ICommandExecutor executor, ICapabilities capabilities)\n   at OpenQA.Selenium.Chromium.ChromiumDriver..ctor(ChromiumDriverService service, ChromiumOptions options, TimeSpan commandTimeout)\n   at OpenQA.Selenium.Chrome.ChromeDriver..ctor(ChromeDriverService service, ChromeOptions options, TimeSpan commandTimeout)\n   at OpenQA.Selenium.Chrome.ChromeDriver..ctor(ChromeOptions options)\n   at TestRail.Core.DriverFactory.GetChromeDriver() in /home/runner/work/TestRail/TestRail/Core/DriverFactory.cs:line 23\n   at TestRail.Core.Browser..ctor() in /home/runner/work/TestRail/TestRail/Core/Browser.cs:line 17\n   at TestRail.BaseEntities.BaseTest.__a$_around_Setup_100663460_o() in /home/runner/work/TestRail/TestRail/BaseEntities/BaseTest.cs:line 45\n   at TestRail.BaseEntities.BaseTest.__a$_around_Setup_100663460_u(Object[])\n   at Allure.Net.Commons.Steps.AllureAbstractStepAspect.WrapSyncVoid(Func`2 target, Object[] args, MethodBase metadata, String stepName, List`1 stepParameters)\n   at InvokeStub_AllureAbstractStepAspect.WrapSyncVoid(Object, Span`1)\n   at System.Reflection.MethodBaseInvoker.InvokeWithManyArgs(Object obj, BindingFlags invokeAttr, Binder binder, Object[] parameters, CultureInfo culture)\n--TaskCanceledException\n   at System.Net.Http.HttpClient.HandleFailure(Exception e, Boolean telemetryStarted, HttpResponseMessage response, CancellationTokenSource cts, CancellationToken cancellationToken, CancellationTokenSource pendingRequestsCts)\n   at System.Net.Http.HttpClient.<SendAsync>g__Core|83_0(HttpRequestMessage request, HttpCompletionOption completionOption, CancellationTokenSource cts, Boolean disposeCts, CancellationTokenSource pendingRequestsCts, CancellationToken originalCancellationToken)\n   at OpenQA.Selenium.Remote.HttpCommandExecutor.MakeHttpRequest(HttpRequestInfo requestInfo)\n   at OpenQA.Selenium.Remote.HttpCommandExecutor.<>c__DisplayClass33_0.<<Execute>b__0>d.MoveNext()\n--- End of stack trace from previous location ---\n   at OpenQA.Selenium.Remote.HttpCommandExecutor.Execute(Command commandToExecute)\n--TimeoutException\n\n--TaskCanceledException\n   at System.Net.Http.HttpConnection.SendAsync(HttpRequestMessage request, Boolean async, CancellationToken cancellationToken)\n   at System.Net.Http.HttpConnectionPool.SendWithVersionDetectionAndRetryAsync(HttpRequestMessage request, Boolean async, Boolean doRequestAuth, CancellationToken cancellationToken)\n   at System.Net.Http.RedirectHandler.SendAsync(HttpRequestMessage request, Boolean async, CancellationToken cancellationToken)\n   at System.Net.Http.HttpClient.<SendAsync>g__Core|83_0(HttpRequestMessage request, HttpCompletionOption completionOption, CancellationTokenSource cts, Boolean disposeCts, CancellationTokenSource pendingRequestsCts, CancellationToken originalCancellationToken)\n--IOException\n   at System.Net.Sockets.Socket.AwaitableSocketAsyncEventArgs.ThrowException(SocketError error, CancellationToken cancellationToken)\n   at System.Net.Sockets.Socket.AwaitableSocketAsyncEventArgs.System.Threading.Tasks.Sources.IValueTaskSource<System.Int32>.GetResult(Int16 token)\n   at System.Net.Http.HttpConnection.InitialFillAsync(Boolean async)\n   at System.Net.Http.HttpConnection.SendAsync(HttpRequestMessage request, Boolean async, CancellationToken cancellationToken)\n--SocketException\n\n--TearDown\n   at System.Reflection.MethodBaseInvoker.InvokeWithManyArgs(Object obj, BindingFlags invokeAttr, Binder binder, Object[] parameters, CultureInfo culture)\n   at Allure.Net.Commons.Steps.AllureStepAspectBase.Around(String name, Object[] args, Func`2 target, MethodBase metadata, Type returnType)\n   at TestRail.BaseEntities.BaseTest.__a$_around_TearDown_100663461_w_1(Object[])\n   at Allure.NUnit.Internals.StopContainerAspect.StopTestContainerAfterTheLastOneTimeTearDown(Func`2 target, Object[] arguments, MethodBase metadata)\n   at TestRail.BaseEntities.BaseTest.__a$_around_TearDown_100663461_w_0(Object[])\n   at TestRail.BaseEntities.BaseTest.TearDown()\n   at InvokeStub_BaseTest.TearDown(Object, Object, IntPtr*)\n   at System.Reflection.MethodBaseInvoker.InvokeWithNoArgs(Object obj, BindingFlags invokeAttr)\n--NullReferenceException\n   at TestRail.BaseEntities.BaseTest.__a$_around_TearDown_100663461_o() in /home/runner/work/TestRail/TestRail/BaseEntities/BaseTest.cs:line 78\n   at TestRail.BaseEntities.BaseTest.__a$_around_TearDown_100663461_u(Object[])\n   at Allure.Net.Commons.Steps.AllureAbstractStepAspect.WrapSyncVoid(Func`2 target, Object[] args, MethodBase metadata, String stepName, List`1 stepParameters)\n   at InvokeStub_AllureAbstractStepAspect.WrapSyncVoid(Object, Span`1)\n   at System.Reflection.MethodBaseInvoker.InvokeWithManyArgs(Object obj, BindingFlags invokeAttr, Binder binder, Object[] parameters, CultureInfo culture)","steps":[],"attachments":[{"uid":"4d1beef5a291ef88","name":"Console Output","source":"4d1beef5a291ef88.txt","type":"text/plain","size":476}],"parameters":[],"shouldDisplayMessage":true,"stepsCount":0,"attachmentsCount":1,"hasContent":true},"afterStages":[{"name":"Driver quite","time":{"start":1717859892752,"stop":1717859892752,"duration":0},"status":"broken","statusMessage":"Object reference not set to an instance of an object.","statusTrace":"System.NullReferenceException: Object reference not set to an instance of an object.\n   at TestRail.BaseEntities.BaseTest.__a$_around_TearDown_100663461_o() in /home/runner/work/TestRail/TestRail/BaseEntities/BaseTest.cs:line 78\n   at TestRail.BaseEntities.BaseTest.__a$_around_TearDown_100663461_u(Object[])\n   at Allure.Net.Commons.Steps.AllureAbstractStepAspect.WrapSyncVoid(Func`2 target, Object[] args, MethodBase metadata, String stepName, List`1 stepParameters)","steps":[],"attachments":[],"parameters":[],"shouldDisplayMessage":true,"stepsCount":0,"attachmentsCount":0,"hasContent":true}],"labels":[{"name":"thread","value":"ParallelWorker#1"},{"name":"host","value":"fv-az1242-534"},{"name":"language","value":"C#"},{"name":"framework","value":"NUnit 3"},{"name":"package","value":"TestRail.Tests.UI"},{"name":"testMethod","value":"LoginWithWrongUserNameOrPassword"},{"name":"testClass","value":"LoginTests"},{"name":"severity","value":"critical"},{"name":"feature","value":"Basic Functionality"},{"name":"story","value":"Login"},{"name":"owner","value":"EAntonova"},{"name":"epic","value":"TestRail"},{"name":"tag","value":"SmokeTests"},{"name":"tag","value":"LoginTests"},{"name":"resultFormat","value":"allure2"}],"parameters":[{"name":"password","value":"\"' OR '1'='1\""},{"name":"userName","value":"\"' OR '1'='1\""}],"links":[],"hidden":false,"retry":false,"extra":{"severity":"critical","owner":"EAntonova","retries":[],"categories":[{"name":"Test defects","matchedStatuses":[],"flaky":false}],"history":{"statistic":{"failed":0,"broken":2,"skipped":0,"passed":8,"unknown":0,"total":10},"items":[{"uid":"3872be1f2254e6fe","reportUrl":"https://Liska07.github.io/TestRail/15//#testresult/3872be1f2254e6fe","status":"passed","time":{"start":1717855008535,"stop":1717855010984,"duration":2449}},{"uid":"4a3eac829c68c6ba","reportUrl":"https://Liska07.github.io/TestRail/14//#testresult/4a3eac829c68c6ba","status":"passed","time":{"start":1717768574391,"stop":1717768576649,"duration":2258}},{"uid":"dfdf5e1d76235dea","reportUrl":"https://Liska07.github.io/TestRail/13//#testresult/dfdf5e1d76235dea","status":"passed","time":{"start":1717682205276,"stop":1717682207175,"duration":1899}},{"uid":"76309a7ff087abc1","reportUrl":"https://Liska07.github.io/TestRail/12//#testresult/76309a7ff087abc1","status":"passed","time":{"start":1717595802338,"stop":1717595804487,"duration":2149}},{"uid":"347f2c15c2c304ce","reportUrl":"https://Liska07.github.io/TestRail/10//#testresult/347f2c15c2c304ce","status":"passed","time":{"start":1717526625924,"stop":1717526628462,"duration":2538}},{"uid":"acce7c29d39247b","reportUrl":"https://Liska07.github.io/TestRail/8//#testresult/acce7c29d39247b","status":"passed","time":{"start":1717509725427,"stop":1717509727547,"duration":2120}},{"uid":"1cfaf6d5d6f9965f","reportUrl":"https://Liska07.github.io/TestRail/7//#testresult/1cfaf6d5d6f9965f","status":"passed","time":{"start":1717443363148,"stop":1717443375359,"duration":12211}},{"uid":"68eebf494b2fa4f6","reportUrl":"https://Liska07.github.io/TestRail/6//#testresult/68eebf494b2fa4f6","status":"broken","statusDetails":"System.Reflection.TargetInvocationException : Exception has been thrown by the target of an invocation.\n  ----> OpenQA.Selenium.WebDriverException : The HTTP request to the remote WebDriver server for URL http://localhost:39197/session timed out after 60 seconds.\n  ----> System.Threading.Tasks.TaskCanceledException : The request was canceled due to the configured HttpClient.Timeout of 60 seconds elapsing.\n  ----> System.TimeoutException : The operation was canceled.\n  ----> System.Threading.Tasks.TaskCanceledException : The operation was canceled.\n  ----> System.IO.IOException : Unable to read data from the transport connection: Operation canceled.\n  ----> System.Net.Sockets.SocketException : Operation canceled\nTearDown : System.Reflection.TargetInvocationException : Exception has been thrown by the target of an invocation.\n  ----> System.NullReferenceException : Object reference not set to an instance of an object.","time":{"start":1717442894870,"stop":1717442957276,"duration":62406}},{"uid":"6f29f850a5f9054d","reportUrl":"https://Liska07.github.io/TestRail/5//#testresult/6f29f850a5f9054d","status":"passed","time":{"start":1717423281411,"stop":1717423284662,"duration":3251}}]},"tags":["SmokeTests","LoginTests"]},"source":"b9ffaf1c6c2cece2.json","parameterValues":["\"' OR '1'='1\"","\"' OR '1'='1\""]}