{"uid":"4c6721a7dbf2e15","name":"DeleteAddedMilestone","fullName":"TestRail:TestRail.Tests.UI.MilestoneTests.DeleteAddedMilestone()","historyId":"d0f1fb21c7f2d414873022087cb99baf","time":{"start":1719322973863,"stop":1719323052572,"duration":78709},"description":"Verifying an added milestone has been deleted","descriptionHtml":"<p>Verifying an added milestone has been deleted</p>\n","status":"broken","statusMessage":"System.Reflection.TargetInvocationException : Exception has been thrown by the target of an invocation.\n  ----> OpenQA.Selenium.WebDriverException : The HTTP request to the remote WebDriver server for URL http://localhost:42183/session/ff7d68c62dbcf139d99e8df5abf5474d/url timed out after 60 seconds.\n  ----> System.Threading.Tasks.TaskCanceledException : The request was canceled due to the configured HttpClient.Timeout of 60 seconds elapsing.\n  ----> System.TimeoutException : The operation was canceled.\n  ----> System.Threading.Tasks.TaskCanceledException : The operation was canceled.\n  ----> System.IO.IOException : Unable to read data from the transport connection: Operation canceled.\n  ----> System.Net.Sockets.SocketException : Operation canceled","statusTrace":"   at System.Reflection.MethodBaseInvoker.InvokeWithManyArgs(Object obj, BindingFlags invokeAttr, Binder binder, Object[] parameters, CultureInfo culture)\n   at Allure.Net.Commons.Steps.AllureStepAspectBase.Around(String name, Object[] args, Func`2 target, MethodBase metadata, Type returnType)\n   at TestRail.BaseEntities.BaseTest.__a$_around_SetupBaseTest_100663580_w_0(Object[])\n   at TestRail.BaseEntities.BaseTest.SetupBaseTest()\n   at InvokeStub_BaseTest.SetupBaseTest(Object, Object, IntPtr*)\n   at System.Reflection.MethodBaseInvoker.InvokeWithNoArgs(Object obj, BindingFlags invokeAttr)\n--WebDriverException\n   at OpenQA.Selenium.Remote.HttpCommandExecutor.Execute(Command commandToExecute)\n   at OpenQA.Selenium.Remote.DriverServiceCommandExecutor.Execute(Command commandToExecute)\n   at OpenQA.Selenium.WebDriver.Execute(String driverCommandToExecute, Dictionary`2 parameters)\n   at OpenQA.Selenium.WebDriver.set_Url(String value)\n   at OpenQA.Selenium.Navigator.GoToUrl(String url)\n   at TestRail.BaseEntities.BasePage.ExecuteLoad() in /home/runner/work/TestRail/TestRail/BaseEntities/BasePage.cs:line 38\n   at TestRail.BaseEntities.BasePage..ctor(IWebDriver driver, Boolean openPageByUrl) in /home/runner/work/TestRail/TestRail/BaseEntities/BasePage.cs:line 18\n   at TestRail.Pages.LoginPage..ctor(IWebDriver driver, Boolean openPageByUrl) in /home/runner/work/TestRail/TestRail/Pages/LoginPage.cs:line 18\n   at TestRail.BaseEntities.BaseTest.__a$_around_SetupBaseTest_100663580_o() in /home/runner/work/TestRail/TestRail/BaseEntities/BaseTest.cs:line 31\n   at TestRail.BaseEntities.BaseTest.__a$_around_SetupBaseTest_100663580_u(Object[])\n   at Allure.Net.Commons.Steps.AllureAbstractStepAspect.WrapSyncVoid(Func`2 target, Object[] args, MethodBase metadata, String stepName, List`1 stepParameters)\n   at InvokeStub_AllureAbstractStepAspect.WrapSyncVoid(Object, Span`1)\n   at System.Reflection.MethodBaseInvoker.InvokeWithManyArgs(Object obj, BindingFlags invokeAttr, Binder binder, Object[] parameters, CultureInfo culture)\n--TaskCanceledException\n   at System.Net.Http.HttpClient.HandleFailure(Exception e, Boolean telemetryStarted, HttpResponseMessage response, CancellationTokenSource cts, CancellationToken cancellationToken, CancellationTokenSource pendingRequestsCts)\n   at System.Net.Http.HttpClient.<SendAsync>g__Core|83_0(HttpRequestMessage request, HttpCompletionOption completionOption, CancellationTokenSource cts, Boolean disposeCts, CancellationTokenSource pendingRequestsCts, CancellationToken originalCancellationToken)\n   at OpenQA.Selenium.Remote.HttpCommandExecutor.MakeHttpRequest(HttpRequestInfo requestInfo)\n   at OpenQA.Selenium.Remote.HttpCommandExecutor.<>c__DisplayClass33_0.<<Execute>b__0>d.MoveNext()\n--- End of stack trace from previous location ---\n   at OpenQA.Selenium.Remote.HttpCommandExecutor.Execute(Command commandToExecute)\n--TimeoutException\n\n--TaskCanceledException\n   at System.Net.Http.HttpConnection.SendAsync(HttpRequestMessage request, Boolean async, CancellationToken cancellationToken)\n   at System.Net.Http.HttpConnectionPool.SendWithVersionDetectionAndRetryAsync(HttpRequestMessage request, Boolean async, Boolean doRequestAuth, CancellationToken cancellationToken)\n   at System.Net.Http.RedirectHandler.SendAsync(HttpRequestMessage request, Boolean async, CancellationToken cancellationToken)\n   at System.Net.Http.HttpClient.<SendAsync>g__Core|83_0(HttpRequestMessage request, HttpCompletionOption completionOption, CancellationTokenSource cts, Boolean disposeCts, CancellationTokenSource pendingRequestsCts, CancellationToken originalCancellationToken)\n--IOException\n   at System.Net.Sockets.Socket.AwaitableSocketAsyncEventArgs.ThrowException(SocketError error, CancellationToken cancellationToken)\n   at System.Net.Sockets.Socket.AwaitableSocketAsyncEventArgs.System.Threading.Tasks.Sources.IValueTaskSource<System.Int32>.GetResult(Int16 token)\n   at System.Net.Http.HttpConnection.SendAsync(HttpRequestMessage request, Boolean async, CancellationToken cancellationToken)\n--SocketException\n","flaky":false,"newFailed":false,"newBroken":true,"newPassed":false,"retriesCount":0,"retriesStatusChange":false,"beforeStages":[{"name":"Setup API client","time":{"start":1719322973875,"stop":1719322973906,"duration":31},"status":"passed","steps":[],"attachments":[],"parameters":[],"shouldDisplayMessage":false,"stepsCount":0,"attachmentsCount":0,"hasContent":false},{"name":"Setup driver","time":{"start":1719322973906,"stop":1719323049121,"duration":75215},"status":"broken","statusMessage":"The HTTP request to the remote WebDriver server for URL http://localhost:42183/session/ff7d68c62dbcf139d99e8df5abf5474d/url timed out after 60 seconds.","statusTrace":"OpenQA.Selenium.WebDriverException: The HTTP request to the remote WebDriver server for URL http://localhost:42183/session/ff7d68c62dbcf139d99e8df5abf5474d/url timed out after 60 seconds.\n ---> System.Threading.Tasks.TaskCanceledException: The request was canceled due to the configured HttpClient.Timeout of 60 seconds elapsing.\n ---> System.TimeoutException: The operation was canceled.\n ---> System.Threading.Tasks.TaskCanceledException: The operation was canceled.\n ---> System.IO.IOException: Unable to read data from the transport connection: Operation canceled.\n ---> System.Net.Sockets.SocketException (125): Operation canceled\n   --- End of inner exception stack trace ---\n   at System.Net.Sockets.Socket.AwaitableSocketAsyncEventArgs.ThrowException(SocketError error, CancellationToken cancellationToken)\n   at System.Net.Sockets.Socket.AwaitableSocketAsyncEventArgs.System.Threading.Tasks.Sources.IValueTaskSource<System.Int32>.GetResult(Int16 token)\n   at System.Net.Http.HttpConnection.SendAsync(HttpRequestMessage request, Boolean async, CancellationToken cancellationToken)\n   --- End of inner exception stack trace ---\n   at System.Net.Http.HttpConnection.SendAsync(HttpRequestMessage request, Boolean async, CancellationToken cancellationToken)\n   at System.Net.Http.HttpConnectionPool.SendWithVersionDetectionAndRetryAsync(HttpRequestMessage request, Boolean async, Boolean doRequestAuth, CancellationToken cancellationToken)\n   at System.Net.Http.RedirectHandler.SendAsync(HttpRequestMessage request, Boolean async, CancellationToken cancellationToken)\n   at System.Net.Http.HttpClient.<SendAsync>g__Core|83_0(HttpRequestMessage request, HttpCompletionOption completionOption, CancellationTokenSource cts, Boolean disposeCts, CancellationTokenSource pendingRequestsCts, CancellationToken originalCancellationToken)\n   --- End of inner exception stack trace ---\n   --- End of inner exception stack trace ---\n   at System.Net.Http.HttpClient.HandleFailure(Exception e, Boolean telemetryStarted, HttpResponseMessage response, CancellationTokenSource cts, CancellationToken cancellationToken, CancellationTokenSource pendingRequestsCts)\n   at System.Net.Http.HttpClient.<SendAsync>g__Core|83_0(HttpRequestMessage request, HttpCompletionOption completionOption, CancellationTokenSource cts, Boolean disposeCts, CancellationTokenSource pendingRequestsCts, CancellationToken originalCancellationToken)\n   at OpenQA.Selenium.Remote.HttpCommandExecutor.MakeHttpRequest(HttpRequestInfo requestInfo)\n   at OpenQA.Selenium.Remote.HttpCommandExecutor.<>c__DisplayClass33_0.<<Execute>b__0>d.MoveNext()\n--- End of stack trace from previous location ---\n   at OpenQA.Selenium.Remote.HttpCommandExecutor.Execute(Command commandToExecute)\n   --- End of inner exception stack trace ---\n   at OpenQA.Selenium.Remote.HttpCommandExecutor.Execute(Command commandToExecute)\n   at OpenQA.Selenium.Remote.DriverServiceCommandExecutor.Execute(Command commandToExecute)\n   at OpenQA.Selenium.WebDriver.Execute(String driverCommandToExecute, Dictionary`2 parameters)\n   at OpenQA.Selenium.WebDriver.set_Url(String value)\n   at OpenQA.Selenium.Navigator.GoToUrl(String url)\n   at TestRail.BaseEntities.BasePage.ExecuteLoad() in /home/runner/work/TestRail/TestRail/BaseEntities/BasePage.cs:line 38\n   at TestRail.BaseEntities.BasePage..ctor(IWebDriver driver, Boolean openPageByUrl) in /home/runner/work/TestRail/TestRail/BaseEntities/BasePage.cs:line 18\n   at TestRail.Pages.LoginPage..ctor(IWebDriver driver, Boolean openPageByUrl) in /home/runner/work/TestRail/TestRail/Pages/LoginPage.cs:line 18\n   at TestRail.BaseEntities.BaseTest.__a$_around_SetupBaseTest_100663580_o() in /home/runner/work/TestRail/TestRail/BaseEntities/BaseTest.cs:line 31\n   at TestRail.BaseEntities.BaseTest.__a$_around_SetupBaseTest_100663580_u(Object[])\n   at Allure.Net.Commons.Steps.AllureAbstractStepAspect.WrapSyncVoid(Func`2 target, Object[] args, MethodBase metadata, String stepName, List`1 stepParameters)","steps":[],"attachments":[],"parameters":[],"shouldDisplayMessage":true,"stepsCount":0,"attachmentsCount":0,"hasContent":true}],"testStage":{"description":"Verifying an added milestone has been deleted","status":"broken","statusMessage":"System.Reflection.TargetInvocationException : Exception has been thrown by the target of an invocation.\n  ----> OpenQA.Selenium.WebDriverException : The HTTP request to the remote WebDriver server for URL http://localhost:42183/session/ff7d68c62dbcf139d99e8df5abf5474d/url timed out after 60 seconds.\n  ----> System.Threading.Tasks.TaskCanceledException : The request was canceled due to the configured HttpClient.Timeout of 60 seconds elapsing.\n  ----> System.TimeoutException : The operation was canceled.\n  ----> System.Threading.Tasks.TaskCanceledException : The operation was canceled.\n  ----> System.IO.IOException : Unable to read data from the transport connection: Operation canceled.\n  ----> System.Net.Sockets.SocketException : Operation canceled","statusTrace":"   at System.Reflection.MethodBaseInvoker.InvokeWithManyArgs(Object obj, BindingFlags invokeAttr, Binder binder, Object[] parameters, CultureInfo culture)\n   at Allure.Net.Commons.Steps.AllureStepAspectBase.Around(String name, Object[] args, Func`2 target, MethodBase metadata, Type returnType)\n   at TestRail.BaseEntities.BaseTest.__a$_around_SetupBaseTest_100663580_w_0(Object[])\n   at TestRail.BaseEntities.BaseTest.SetupBaseTest()\n   at InvokeStub_BaseTest.SetupBaseTest(Object, Object, IntPtr*)\n   at System.Reflection.MethodBaseInvoker.InvokeWithNoArgs(Object obj, BindingFlags invokeAttr)\n--WebDriverException\n   at OpenQA.Selenium.Remote.HttpCommandExecutor.Execute(Command commandToExecute)\n   at OpenQA.Selenium.Remote.DriverServiceCommandExecutor.Execute(Command commandToExecute)\n   at OpenQA.Selenium.WebDriver.Execute(String driverCommandToExecute, Dictionary`2 parameters)\n   at OpenQA.Selenium.WebDriver.set_Url(String value)\n   at OpenQA.Selenium.Navigator.GoToUrl(String url)\n   at TestRail.BaseEntities.BasePage.ExecuteLoad() in /home/runner/work/TestRail/TestRail/BaseEntities/BasePage.cs:line 38\n   at TestRail.BaseEntities.BasePage..ctor(IWebDriver driver, Boolean openPageByUrl) in /home/runner/work/TestRail/TestRail/BaseEntities/BasePage.cs:line 18\n   at TestRail.Pages.LoginPage..ctor(IWebDriver driver, Boolean openPageByUrl) in /home/runner/work/TestRail/TestRail/Pages/LoginPage.cs:line 18\n   at TestRail.BaseEntities.BaseTest.__a$_around_SetupBaseTest_100663580_o() in /home/runner/work/TestRail/TestRail/BaseEntities/BaseTest.cs:line 31\n   at TestRail.BaseEntities.BaseTest.__a$_around_SetupBaseTest_100663580_u(Object[])\n   at Allure.Net.Commons.Steps.AllureAbstractStepAspect.WrapSyncVoid(Func`2 target, Object[] args, MethodBase metadata, String stepName, List`1 stepParameters)\n   at InvokeStub_AllureAbstractStepAspect.WrapSyncVoid(Object, Span`1)\n   at System.Reflection.MethodBaseInvoker.InvokeWithManyArgs(Object obj, BindingFlags invokeAttr, Binder binder, Object[] parameters, CultureInfo culture)\n--TaskCanceledException\n   at System.Net.Http.HttpClient.HandleFailure(Exception e, Boolean telemetryStarted, HttpResponseMessage response, CancellationTokenSource cts, CancellationToken cancellationToken, CancellationTokenSource pendingRequestsCts)\n   at System.Net.Http.HttpClient.<SendAsync>g__Core|83_0(HttpRequestMessage request, HttpCompletionOption completionOption, CancellationTokenSource cts, Boolean disposeCts, CancellationTokenSource pendingRequestsCts, CancellationToken originalCancellationToken)\n   at OpenQA.Selenium.Remote.HttpCommandExecutor.MakeHttpRequest(HttpRequestInfo requestInfo)\n   at OpenQA.Selenium.Remote.HttpCommandExecutor.<>c__DisplayClass33_0.<<Execute>b__0>d.MoveNext()\n--- End of stack trace from previous location ---\n   at OpenQA.Selenium.Remote.HttpCommandExecutor.Execute(Command commandToExecute)\n--TimeoutException\n\n--TaskCanceledException\n   at System.Net.Http.HttpConnection.SendAsync(HttpRequestMessage request, Boolean async, CancellationToken cancellationToken)\n   at System.Net.Http.HttpConnectionPool.SendWithVersionDetectionAndRetryAsync(HttpRequestMessage request, Boolean async, Boolean doRequestAuth, CancellationToken cancellationToken)\n   at System.Net.Http.RedirectHandler.SendAsync(HttpRequestMessage request, Boolean async, CancellationToken cancellationToken)\n   at System.Net.Http.HttpClient.<SendAsync>g__Core|83_0(HttpRequestMessage request, HttpCompletionOption completionOption, CancellationTokenSource cts, Boolean disposeCts, CancellationTokenSource pendingRequestsCts, CancellationToken originalCancellationToken)\n--IOException\n   at System.Net.Sockets.Socket.AwaitableSocketAsyncEventArgs.ThrowException(SocketError error, CancellationToken cancellationToken)\n   at System.Net.Sockets.Socket.AwaitableSocketAsyncEventArgs.System.Threading.Tasks.Sources.IValueTaskSource<System.Int32>.GetResult(Int16 token)\n   at System.Net.Http.HttpConnection.SendAsync(HttpRequestMessage request, Boolean async, CancellationToken cancellationToken)\n--SocketException\n","steps":[],"attachments":[{"uid":"6ee7b51d2bca5cdd","name":"Console Output","source":"6ee7b51d2bca5cdd.txt","type":"text/plain","size":66}],"parameters":[],"shouldDisplayMessage":true,"stepsCount":0,"attachmentsCount":1,"hasContent":true},"afterStages":[{"name":"Driver dispose","time":{"start":1719323049125,"stop":1719323052571,"duration":3446},"status":"passed","steps":[],"attachments":[{"uid":"48a2a5b036b59683","name":"Screenshot","source":"48a2a5b036b59683.png","type":"image/png","size":19398}],"parameters":[],"shouldDisplayMessage":false,"stepsCount":0,"attachmentsCount":1,"hasContent":true},{"name":"API client dispose","time":{"start":1719323052571,"stop":1719323052571,"duration":0},"status":"passed","steps":[],"attachments":[],"parameters":[],"shouldDisplayMessage":false,"stepsCount":0,"attachmentsCount":0,"hasContent":false}],"labels":[{"name":"thread","value":"ParallelWorker#3"},{"name":"host","value":"fv-az777-193"},{"name":"language","value":"C#"},{"name":"framework","value":"NUnit 3"},{"name":"package","value":"TestRail.Tests.UI"},{"name":"testMethod","value":"DeleteAddedMilestone"},{"name":"testClass","value":"MilestoneTests"},{"name":"severity","value":"critical"},{"name":"story","value":"Delete a milestone"},{"name":"feature","value":"MilestoneTests"},{"name":"owner","value":"EAntonova"},{"name":"epic","value":"TestRail"},{"name":"tag","value":"SmokeTests"},{"name":"tag","value":"ProjectTests"},{"name":"tag","value":"MilestoneTests"},{"name":"resultFormat","value":"allure2"}],"parameters":[],"links":[],"hidden":false,"retry":false,"extra":{"severity":"critical","owner":"EAntonova","retries":[],"categories":[{"name":"Test defects","matchedStatuses":[],"flaky":false}],"history":{"statistic":{"failed":0,"broken":1,"skipped":0,"passed":9,"unknown":0,"total":10},"items":[{"uid":"b7c40dfca88ad977","reportUrl":"https://Liska07.github.io/TestRail/96//#testresult/b7c40dfca88ad977","status":"passed","time":{"start":1719236545953,"stop":1719236561964,"duration":16011}},{"uid":"8323d66a0496a843","reportUrl":"https://Liska07.github.io/TestRail/95//#testresult/8323d66a0496a843","status":"passed","time":{"start":1719150156767,"stop":1719150166892,"duration":10125}},{"uid":"52705189c78fd406","reportUrl":"https://Liska07.github.io/TestRail/94//#testresult/52705189c78fd406","status":"passed","time":{"start":1719063746024,"stop":1719063752127,"duration":6103}},{"uid":"7ab0c9f062a21914","reportUrl":"https://Liska07.github.io/TestRail/92//#testresult/7ab0c9f062a21914","status":"passed","time":{"start":1718977370930,"stop":1718977380006,"duration":9076}},{"uid":"6ba39e547010e3c","reportUrl":"https://Liska07.github.io/TestRail/91//#testresult/6ba39e547010e3c","status":"passed","time":{"start":1718890967786,"stop":1718890973752,"duration":5966}},{"uid":"7a968b520a4ceeac","reportUrl":"https://Liska07.github.io/TestRail/90//#testresult/7a968b520a4ceeac","status":"passed","time":{"start":1718809282566,"stop":1718809299414,"duration":16848}},{"uid":"78264fe676e134e6","reportUrl":"https://Liska07.github.io/TestRail/89//#testresult/78264fe676e134e6","status":"passed","time":{"start":1718808312169,"stop":1718808318922,"duration":6753}},{"uid":"956dee028297ebec","reportUrl":"https://Liska07.github.io/TestRail/88//#testresult/956dee028297ebec","status":"passed","time":{"start":1718804559253,"stop":1718804576305,"duration":17052}},{"uid":"50ba596ee62e6dd9","reportUrl":"https://Liska07.github.io/TestRail/86//#testresult/50ba596ee62e6dd9","status":"passed","time":{"start":1718718166899,"stop":1718718174867,"duration":7968}}]},"tags":["ProjectTests","MilestoneTests","SmokeTests"]},"source":"4c6721a7dbf2e15.json","parameterValues":[]}