{"uid":"754ca1e198753b12","name":"LoginWithShortPassword","fullName":"TestRail:TestRail.Tests.UI.LoginTests.LoginWithShortPassword()","historyId":"fcc5b758e886bab59b6cf598a19e0d5a","time":{"start":1719322973863,"stop":1719323053209,"duration":79346},"description":"Check the error message if password is less than 5 characters","descriptionHtml":"<p>Check the error message if password is less than 5 characters</p>\n","status":"broken","statusMessage":"System.Reflection.TargetInvocationException : Exception has been thrown by the target of an invocation.\n  ----> OpenQA.Selenium.WebDriverException : The HTTP request to the remote WebDriver server for URL http://localhost:38755/session/823596b9e88ccd677fc04542592b879c/url timed out after 60 seconds.\n  ----> System.Threading.Tasks.TaskCanceledException : The request was canceled due to the configured HttpClient.Timeout of 60 seconds elapsing.\n  ----> System.TimeoutException : The operation was canceled.\n  ----> System.Threading.Tasks.TaskCanceledException : The operation was canceled.\n  ----> System.IO.IOException : Unable to read data from the transport connection: Operation canceled.\n  ----> System.Net.Sockets.SocketException : Operation canceled","statusTrace":"   at System.Reflection.MethodBaseInvoker.InvokeWithManyArgs(Object obj, BindingFlags invokeAttr, Binder binder, Object[] parameters, CultureInfo culture)\n   at Allure.Net.Commons.Steps.AllureStepAspectBase.Around(String name, Object[] args, Func`2 target, MethodBase metadata, Type returnType)\n   at TestRail.BaseEntities.BaseTest.__a$_around_SetupBaseTest_100663580_w_0(Object[])\n   at TestRail.BaseEntities.BaseTest.SetupBaseTest()\n   at InvokeStub_BaseTest.SetupBaseTest(Object, Object, IntPtr*)\n   at System.Reflection.MethodBaseInvoker.InvokeWithNoArgs(Object obj, BindingFlags invokeAttr)\n--WebDriverException\n   at OpenQA.Selenium.Remote.HttpCommandExecutor.Execute(Command commandToExecute)\n   at OpenQA.Selenium.Remote.DriverServiceCommandExecutor.Execute(Command commandToExecute)\n   at OpenQA.Selenium.WebDriver.Execute(String driverCommandToExecute, Dictionary`2 parameters)\n   at OpenQA.Selenium.WebDriver.set_Url(String value)\n   at OpenQA.Selenium.Navigator.GoToUrl(String url)\n   at TestRail.BaseEntities.BasePage.ExecuteLoad() in /home/runner/work/TestRail/TestRail/BaseEntities/BasePage.cs:line 38\n   at TestRail.BaseEntities.BasePage..ctor(IWebDriver driver, Boolean openPageByUrl) in /home/runner/work/TestRail/TestRail/BaseEntities/BasePage.cs:line 18\n   at TestRail.Pages.LoginPage..ctor(IWebDriver driver, Boolean openPageByUrl) in /home/runner/work/TestRail/TestRail/Pages/LoginPage.cs:line 18\n   at TestRail.BaseEntities.BaseTest.__a$_around_SetupBaseTest_100663580_o() in /home/runner/work/TestRail/TestRail/BaseEntities/BaseTest.cs:line 31\n   at TestRail.BaseEntities.BaseTest.__a$_around_SetupBaseTest_100663580_u(Object[])\n   at Allure.Net.Commons.Steps.AllureAbstractStepAspect.WrapSyncVoid(Func`2 target, Object[] args, MethodBase metadata, String stepName, List`1 stepParameters)\n   at InvokeStub_AllureAbstractStepAspect.WrapSyncVoid(Object, Span`1)\n   at System.Reflection.MethodBaseInvoker.InvokeWithManyArgs(Object obj, BindingFlags invokeAttr, Binder binder, Object[] parameters, CultureInfo culture)\n--TaskCanceledException\n   at System.Net.Http.HttpClient.HandleFailure(Exception e, Boolean telemetryStarted, HttpResponseMessage response, CancellationTokenSource cts, CancellationToken cancellationToken, CancellationTokenSource pendingRequestsCts)\n   at System.Net.Http.HttpClient.<SendAsync>g__Core|83_0(HttpRequestMessage request, HttpCompletionOption completionOption, CancellationTokenSource cts, Boolean disposeCts, CancellationTokenSource pendingRequestsCts, CancellationToken originalCancellationToken)\n   at OpenQA.Selenium.Remote.HttpCommandExecutor.MakeHttpRequest(HttpRequestInfo requestInfo)\n   at OpenQA.Selenium.Remote.HttpCommandExecutor.<>c__DisplayClass33_0.<<Execute>b__0>d.MoveNext()\n--- End of stack trace from previous location ---\n   at OpenQA.Selenium.Remote.HttpCommandExecutor.Execute(Command commandToExecute)\n--TimeoutException\n\n--TaskCanceledException\n   at System.Net.Http.HttpConnection.SendAsync(HttpRequestMessage request, Boolean async, CancellationToken cancellationToken)\n   at System.Net.Http.HttpConnectionPool.SendWithVersionDetectionAndRetryAsync(HttpRequestMessage request, Boolean async, Boolean doRequestAuth, CancellationToken cancellationToken)\n   at System.Net.Http.RedirectHandler.SendAsync(HttpRequestMessage request, Boolean async, CancellationToken cancellationToken)\n   at System.Net.Http.HttpClient.<SendAsync>g__Core|83_0(HttpRequestMessage request, HttpCompletionOption completionOption, CancellationTokenSource cts, Boolean disposeCts, CancellationTokenSource pendingRequestsCts, CancellationToken originalCancellationToken)\n--IOException\n   at System.Net.Sockets.Socket.AwaitableSocketAsyncEventArgs.ThrowException(SocketError error, CancellationToken cancellationToken)\n   at System.Net.Sockets.Socket.AwaitableSocketAsyncEventArgs.System.Threading.Tasks.Sources.IValueTaskSource<System.Int32>.GetResult(Int16 token)\n   at System.Net.Http.HttpConnection.SendAsync(HttpRequestMessage request, Boolean async, CancellationToken cancellationToken)\n--SocketException\n","flaky":false,"newFailed":false,"newBroken":true,"newPassed":false,"retriesCount":0,"retriesStatusChange":false,"beforeStages":[{"name":"Setup API client","time":{"start":1719322973875,"stop":1719322973906,"duration":31},"status":"passed","steps":[],"attachments":[],"parameters":[],"shouldDisplayMessage":false,"stepsCount":0,"attachmentsCount":0,"hasContent":false},{"name":"Setup driver","time":{"start":1719322973906,"stop":1719323049121,"duration":75215},"status":"broken","statusMessage":"The HTTP request to the remote WebDriver server for URL http://localhost:38755/session/823596b9e88ccd677fc04542592b879c/url timed out after 60 seconds.","statusTrace":"OpenQA.Selenium.WebDriverException: The HTTP request to the remote WebDriver server for URL http://localhost:38755/session/823596b9e88ccd677fc04542592b879c/url timed out after 60 seconds.\n ---> System.Threading.Tasks.TaskCanceledException: The request was canceled due to the configured HttpClient.Timeout of 60 seconds elapsing.\n ---> System.TimeoutException: The operation was canceled.\n ---> System.Threading.Tasks.TaskCanceledException: The operation was canceled.\n ---> System.IO.IOException: Unable to read data from the transport connection: Operation canceled.\n ---> System.Net.Sockets.SocketException (125): Operation canceled\n   --- End of inner exception stack trace ---\n   at System.Net.Sockets.Socket.AwaitableSocketAsyncEventArgs.ThrowException(SocketError error, CancellationToken cancellationToken)\n   at System.Net.Sockets.Socket.AwaitableSocketAsyncEventArgs.System.Threading.Tasks.Sources.IValueTaskSource<System.Int32>.GetResult(Int16 token)\n   at System.Net.Http.HttpConnection.SendAsync(HttpRequestMessage request, Boolean async, CancellationToken cancellationToken)\n   --- End of inner exception stack trace ---\n   at System.Net.Http.HttpConnection.SendAsync(HttpRequestMessage request, Boolean async, CancellationToken cancellationToken)\n   at System.Net.Http.HttpConnectionPool.SendWithVersionDetectionAndRetryAsync(HttpRequestMessage request, Boolean async, Boolean doRequestAuth, CancellationToken cancellationToken)\n   at System.Net.Http.RedirectHandler.SendAsync(HttpRequestMessage request, Boolean async, CancellationToken cancellationToken)\n   at System.Net.Http.HttpClient.<SendAsync>g__Core|83_0(HttpRequestMessage request, HttpCompletionOption completionOption, CancellationTokenSource cts, Boolean disposeCts, CancellationTokenSource pendingRequestsCts, CancellationToken originalCancellationToken)\n   --- End of inner exception stack trace ---\n   --- End of inner exception stack trace ---\n   at System.Net.Http.HttpClient.HandleFailure(Exception e, Boolean telemetryStarted, HttpResponseMessage response, CancellationTokenSource cts, CancellationToken cancellationToken, CancellationTokenSource pendingRequestsCts)\n   at System.Net.Http.HttpClient.<SendAsync>g__Core|83_0(HttpRequestMessage request, HttpCompletionOption completionOption, CancellationTokenSource cts, Boolean disposeCts, CancellationTokenSource pendingRequestsCts, CancellationToken originalCancellationToken)\n   at OpenQA.Selenium.Remote.HttpCommandExecutor.MakeHttpRequest(HttpRequestInfo requestInfo)\n   at OpenQA.Selenium.Remote.HttpCommandExecutor.<>c__DisplayClass33_0.<<Execute>b__0>d.MoveNext()\n--- End of stack trace from previous location ---\n   at OpenQA.Selenium.Remote.HttpCommandExecutor.Execute(Command commandToExecute)\n   --- End of inner exception stack trace ---\n   at OpenQA.Selenium.Remote.HttpCommandExecutor.Execute(Command commandToExecute)\n   at OpenQA.Selenium.Remote.DriverServiceCommandExecutor.Execute(Command commandToExecute)\n   at OpenQA.Selenium.WebDriver.Execute(String driverCommandToExecute, Dictionary`2 parameters)\n   at OpenQA.Selenium.WebDriver.set_Url(String value)\n   at OpenQA.Selenium.Navigator.GoToUrl(String url)\n   at TestRail.BaseEntities.BasePage.ExecuteLoad() in /home/runner/work/TestRail/TestRail/BaseEntities/BasePage.cs:line 38\n   at TestRail.BaseEntities.BasePage..ctor(IWebDriver driver, Boolean openPageByUrl) in /home/runner/work/TestRail/TestRail/BaseEntities/BasePage.cs:line 18\n   at TestRail.Pages.LoginPage..ctor(IWebDriver driver, Boolean openPageByUrl) in /home/runner/work/TestRail/TestRail/Pages/LoginPage.cs:line 18\n   at TestRail.BaseEntities.BaseTest.__a$_around_SetupBaseTest_100663580_o() in /home/runner/work/TestRail/TestRail/BaseEntities/BaseTest.cs:line 31\n   at TestRail.BaseEntities.BaseTest.__a$_around_SetupBaseTest_100663580_u(Object[])\n   at Allure.Net.Commons.Steps.AllureAbstractStepAspect.WrapSyncVoid(Func`2 target, Object[] args, MethodBase metadata, String stepName, List`1 stepParameters)","steps":[],"attachments":[],"parameters":[],"shouldDisplayMessage":true,"stepsCount":0,"attachmentsCount":0,"hasContent":true}],"testStage":{"description":"Check the error message if password is less than 5 characters","status":"broken","statusMessage":"System.Reflection.TargetInvocationException : Exception has been thrown by the target of an invocation.\n  ----> OpenQA.Selenium.WebDriverException : The HTTP request to the remote WebDriver server for URL http://localhost:38755/session/823596b9e88ccd677fc04542592b879c/url timed out after 60 seconds.\n  ----> System.Threading.Tasks.TaskCanceledException : The request was canceled due to the configured HttpClient.Timeout of 60 seconds elapsing.\n  ----> System.TimeoutException : The operation was canceled.\n  ----> System.Threading.Tasks.TaskCanceledException : The operation was canceled.\n  ----> System.IO.IOException : Unable to read data from the transport connection: Operation canceled.\n  ----> System.Net.Sockets.SocketException : Operation canceled","statusTrace":"   at System.Reflection.MethodBaseInvoker.InvokeWithManyArgs(Object obj, BindingFlags invokeAttr, Binder binder, Object[] parameters, CultureInfo culture)\n   at Allure.Net.Commons.Steps.AllureStepAspectBase.Around(String name, Object[] args, Func`2 target, MethodBase metadata, Type returnType)\n   at TestRail.BaseEntities.BaseTest.__a$_around_SetupBaseTest_100663580_w_0(Object[])\n   at TestRail.BaseEntities.BaseTest.SetupBaseTest()\n   at InvokeStub_BaseTest.SetupBaseTest(Object, Object, IntPtr*)\n   at System.Reflection.MethodBaseInvoker.InvokeWithNoArgs(Object obj, BindingFlags invokeAttr)\n--WebDriverException\n   at OpenQA.Selenium.Remote.HttpCommandExecutor.Execute(Command commandToExecute)\n   at OpenQA.Selenium.Remote.DriverServiceCommandExecutor.Execute(Command commandToExecute)\n   at OpenQA.Selenium.WebDriver.Execute(String driverCommandToExecute, Dictionary`2 parameters)\n   at OpenQA.Selenium.WebDriver.set_Url(String value)\n   at OpenQA.Selenium.Navigator.GoToUrl(String url)\n   at TestRail.BaseEntities.BasePage.ExecuteLoad() in /home/runner/work/TestRail/TestRail/BaseEntities/BasePage.cs:line 38\n   at TestRail.BaseEntities.BasePage..ctor(IWebDriver driver, Boolean openPageByUrl) in /home/runner/work/TestRail/TestRail/BaseEntities/BasePage.cs:line 18\n   at TestRail.Pages.LoginPage..ctor(IWebDriver driver, Boolean openPageByUrl) in /home/runner/work/TestRail/TestRail/Pages/LoginPage.cs:line 18\n   at TestRail.BaseEntities.BaseTest.__a$_around_SetupBaseTest_100663580_o() in /home/runner/work/TestRail/TestRail/BaseEntities/BaseTest.cs:line 31\n   at TestRail.BaseEntities.BaseTest.__a$_around_SetupBaseTest_100663580_u(Object[])\n   at Allure.Net.Commons.Steps.AllureAbstractStepAspect.WrapSyncVoid(Func`2 target, Object[] args, MethodBase metadata, String stepName, List`1 stepParameters)\n   at InvokeStub_AllureAbstractStepAspect.WrapSyncVoid(Object, Span`1)\n   at System.Reflection.MethodBaseInvoker.InvokeWithManyArgs(Object obj, BindingFlags invokeAttr, Binder binder, Object[] parameters, CultureInfo culture)\n--TaskCanceledException\n   at System.Net.Http.HttpClient.HandleFailure(Exception e, Boolean telemetryStarted, HttpResponseMessage response, CancellationTokenSource cts, CancellationToken cancellationToken, CancellationTokenSource pendingRequestsCts)\n   at System.Net.Http.HttpClient.<SendAsync>g__Core|83_0(HttpRequestMessage request, HttpCompletionOption completionOption, CancellationTokenSource cts, Boolean disposeCts, CancellationTokenSource pendingRequestsCts, CancellationToken originalCancellationToken)\n   at OpenQA.Selenium.Remote.HttpCommandExecutor.MakeHttpRequest(HttpRequestInfo requestInfo)\n   at OpenQA.Selenium.Remote.HttpCommandExecutor.<>c__DisplayClass33_0.<<Execute>b__0>d.MoveNext()\n--- End of stack trace from previous location ---\n   at OpenQA.Selenium.Remote.HttpCommandExecutor.Execute(Command commandToExecute)\n--TimeoutException\n\n--TaskCanceledException\n   at System.Net.Http.HttpConnection.SendAsync(HttpRequestMessage request, Boolean async, CancellationToken cancellationToken)\n   at System.Net.Http.HttpConnectionPool.SendWithVersionDetectionAndRetryAsync(HttpRequestMessage request, Boolean async, Boolean doRequestAuth, CancellationToken cancellationToken)\n   at System.Net.Http.RedirectHandler.SendAsync(HttpRequestMessage request, Boolean async, CancellationToken cancellationToken)\n   at System.Net.Http.HttpClient.<SendAsync>g__Core|83_0(HttpRequestMessage request, HttpCompletionOption completionOption, CancellationTokenSource cts, Boolean disposeCts, CancellationTokenSource pendingRequestsCts, CancellationToken originalCancellationToken)\n--IOException\n   at System.Net.Sockets.Socket.AwaitableSocketAsyncEventArgs.ThrowException(SocketError error, CancellationToken cancellationToken)\n   at System.Net.Sockets.Socket.AwaitableSocketAsyncEventArgs.System.Threading.Tasks.Sources.IValueTaskSource<System.Int32>.GetResult(Int16 token)\n   at System.Net.Http.HttpConnection.SendAsync(HttpRequestMessage request, Boolean async, CancellationToken cancellationToken)\n--SocketException\n","steps":[],"attachments":[{"uid":"b3bc76c709119a2f","name":"Console Output","source":"b3bc76c709119a2f.txt","type":"text/plain","size":66}],"parameters":[],"shouldDisplayMessage":true,"stepsCount":0,"attachmentsCount":1,"hasContent":true},"afterStages":[{"name":"Driver dispose","time":{"start":1719323049125,"stop":1719323053208,"duration":4083},"status":"passed","steps":[],"attachments":[{"uid":"2e2f9fa92c91f6fe","name":"Screenshot","source":"2e2f9fa92c91f6fe.png","type":"image/png","size":19425}],"parameters":[],"shouldDisplayMessage":false,"stepsCount":0,"attachmentsCount":1,"hasContent":true},{"name":"API client dispose","time":{"start":1719323053208,"stop":1719323053208,"duration":0},"status":"passed","steps":[],"attachments":[],"parameters":[],"shouldDisplayMessage":false,"stepsCount":0,"attachmentsCount":0,"hasContent":false}],"labels":[{"name":"thread","value":"ParallelWorker#4"},{"name":"host","value":"fv-az777-193"},{"name":"language","value":"C#"},{"name":"framework","value":"NUnit 3"},{"name":"package","value":"TestRail.Tests.UI"},{"name":"testMethod","value":"LoginWithShortPassword"},{"name":"testClass","value":"LoginTests"},{"name":"severity","value":"normal"},{"name":"feature","value":"LoginTests"},{"name":"owner","value":"EAntonova"},{"name":"epic","value":"TestRail"},{"name":"tag","value":"LoginTests"},{"name":"resultFormat","value":"allure2"}],"parameters":[],"links":[],"hidden":false,"retry":false,"extra":{"severity":"normal","owner":"EAntonova","retries":[],"categories":[{"name":"Test defects","matchedStatuses":[],"flaky":false}],"history":{"statistic":{"failed":0,"broken":1,"skipped":0,"passed":8,"unknown":0,"total":9},"items":[{"uid":"5b203a89630618f8","reportUrl":"https://Liska07.github.io/TestRail/96//#testresult/5b203a89630618f8","status":"passed","time":{"start":1719236561968,"stop":1719236563503,"duration":1535}},{"uid":"91f635db797557f","reportUrl":"https://Liska07.github.io/TestRail/95//#testresult/91f635db797557f","status":"passed","time":{"start":1719150156767,"stop":1719150161352,"duration":4585}},{"uid":"c3d03b13d02d32a9","reportUrl":"https://Liska07.github.io/TestRail/94//#testresult/c3d03b13d02d32a9","status":"passed","time":{"start":1719063748169,"stop":1719063750410,"duration":2241}},{"uid":"7a56335d4b98661e","reportUrl":"https://Liska07.github.io/TestRail/92//#testresult/7a56335d4b98661e","status":"passed","time":{"start":1718977359213,"stop":1718977366705,"duration":7492}},{"uid":"674f1ddd60ba4375","reportUrl":"https://Liska07.github.io/TestRail/91//#testresult/674f1ddd60ba4375","status":"passed","time":{"start":1718890970825,"stop":1718890972879,"duration":2054}},{"uid":"7b8ca1b8329e4162","reportUrl":"https://Liska07.github.io/TestRail/89//#testresult/7b8ca1b8329e4162","status":"passed","time":{"start":1718808309593,"stop":1718808312168,"duration":2575}},{"uid":"d965c44056a194b1","reportUrl":"https://Liska07.github.io/TestRail/88//#testresult/d965c44056a194b1","status":"passed","time":{"start":1718804576327,"stop":1718804578325,"duration":1998}},{"uid":"f0a6d235bec07c65","reportUrl":"https://Liska07.github.io/TestRail/86//#testresult/f0a6d235bec07c65","status":"passed","time":{"start":1718718176818,"stop":1718718179723,"duration":2905}}]},"tags":["LoginTests"]},"source":"754ca1e198753b12.json","parameterValues":[]}