{"uid":"3f951b726c0e80d","name":"AddProject","fullName":"TestRail:TestRail.Tests.UI.ProjectTests.AddProject()","historyId":"b5b2667e12685692a9f9c88e33340209","time":{"start":1720020822686,"stop":1720020884156,"duration":61470},"description":"Verifying for adding a project with model data","descriptionHtml":"<p>Verifying for adding a project with model data</p>\n","status":"broken","statusMessage":"System.Reflection.TargetInvocationException : Exception has been thrown by the target of an invocation.\n  ----> OpenQA.Selenium.WebDriverException : The HTTP request to the remote WebDriver server for URL http://localhost:39233/session timed out after 60 seconds.\n  ----> System.Threading.Tasks.TaskCanceledException : The request was canceled due to the configured HttpClient.Timeout of 60 seconds elapsing.\n  ----> System.TimeoutException : The operation was canceled.\n  ----> System.Threading.Tasks.TaskCanceledException : The operation was canceled.\n  ----> System.IO.IOException : Unable to read data from the transport connection: Operation canceled.\n  ----> System.Net.Sockets.SocketException : Operation canceled\nTearDown : System.Reflection.TargetInvocationException : Exception has been thrown by the target of an invocation.\n  ----> System.NullReferenceException : Object reference not set to an instance of an object.","statusTrace":"   at System.Reflection.MethodBaseInvoker.InvokeWithManyArgs(Object obj, BindingFlags invokeAttr, Binder binder, Object[] parameters, CultureInfo culture)\n   at Allure.Net.Commons.Steps.AllureStepAspectBase.Around(String name, Object[] args, Func`2 target, MethodBase metadata, Type returnType)\n   at TestRail.BaseEntities.BaseTest.__a$_around_SetupBaseTest_100663594_w_0(Object[])\n   at TestRail.BaseEntities.BaseTest.SetupBaseTest()\n   at InvokeStub_BaseTest.SetupBaseTest(Object, Object, IntPtr*)\n   at System.Reflection.MethodBaseInvoker.InvokeWithNoArgs(Object obj, BindingFlags invokeAttr)\n--WebDriverException\n   at OpenQA.Selenium.Remote.HttpCommandExecutor.Execute(Command commandToExecute)\n   at OpenQA.Selenium.Remote.DriverServiceCommandExecutor.Execute(Command commandToExecute)\n   at OpenQA.Selenium.WebDriver.Execute(String driverCommandToExecute, Dictionary`2 parameters)\n   at OpenQA.Selenium.WebDriver.StartSession(ICapabilities capabilities)\n   at OpenQA.Selenium.WebDriver..ctor(ICommandExecutor executor, ICapabilities capabilities)\n   at OpenQA.Selenium.Chromium.ChromiumDriver..ctor(ChromiumDriverService service, ChromiumOptions options, TimeSpan commandTimeout)\n   at OpenQA.Selenium.Chrome.ChromeDriver..ctor(ChromeDriverService service, ChromeOptions options, TimeSpan commandTimeout)\n   at OpenQA.Selenium.Chrome.ChromeDriver..ctor(ChromeOptions options)\n   at TestRail.Core.DriverFactory.GetChromeDriver() in /home/runner/work/TestRail/TestRail/Core/DriverFactory.cs:line 23\n   at TestRail.Core.Browser..ctor() in /home/runner/work/TestRail/TestRail/Core/Browser.cs:line 17\n   at TestRail.BaseEntities.BaseTest.__a$_around_SetupBaseTest_100663594_o() in /home/runner/work/TestRail/TestRail/BaseEntities/BaseTest.cs:line 30\n   at TestRail.BaseEntities.BaseTest.__a$_around_SetupBaseTest_100663594_u(Object[])\n   at Allure.Net.Commons.Steps.AllureAbstractStepAspect.WrapSyncVoid(Func`2 target, Object[] args, MethodBase metadata, String stepName, List`1 stepParameters)\n   at InvokeStub_AllureAbstractStepAspect.WrapSyncVoid(Object, Span`1)\n   at System.Reflection.MethodBaseInvoker.InvokeWithManyArgs(Object obj, BindingFlags invokeAttr, Binder binder, Object[] parameters, CultureInfo culture)\n--TaskCanceledException\n   at System.Net.Http.HttpClient.HandleFailure(Exception e, Boolean telemetryStarted, HttpResponseMessage response, CancellationTokenSource cts, CancellationToken cancellationToken, CancellationTokenSource pendingRequestsCts)\n   at System.Net.Http.HttpClient.<SendAsync>g__Core|83_0(HttpRequestMessage request, HttpCompletionOption completionOption, CancellationTokenSource cts, Boolean disposeCts, CancellationTokenSource pendingRequestsCts, CancellationToken originalCancellationToken)\n   at OpenQA.Selenium.Remote.HttpCommandExecutor.MakeHttpRequest(HttpRequestInfo requestInfo)\n   at OpenQA.Selenium.Remote.HttpCommandExecutor.<>c__DisplayClass33_0.<<Execute>b__0>d.MoveNext()\n--- End of stack trace from previous location ---\n   at OpenQA.Selenium.Remote.HttpCommandExecutor.Execute(Command commandToExecute)\n--TimeoutException\n\n--TaskCanceledException\n   at System.Net.Http.HttpConnection.SendAsync(HttpRequestMessage request, Boolean async, CancellationToken cancellationToken)\n   at System.Net.Http.HttpConnectionPool.SendWithVersionDetectionAndRetryAsync(HttpRequestMessage request, Boolean async, Boolean doRequestAuth, CancellationToken cancellationToken)\n   at System.Net.Http.RedirectHandler.SendAsync(HttpRequestMessage request, Boolean async, CancellationToken cancellationToken)\n   at System.Net.Http.HttpClient.<SendAsync>g__Core|83_0(HttpRequestMessage request, HttpCompletionOption completionOption, CancellationTokenSource cts, Boolean disposeCts, CancellationTokenSource pendingRequestsCts, CancellationToken originalCancellationToken)\n--IOException\n   at System.Net.Sockets.Socket.AwaitableSocketAsyncEventArgs.ThrowException(SocketError error, CancellationToken cancellationToken)\n   at System.Net.Sockets.Socket.AwaitableSocketAsyncEventArgs.System.Threading.Tasks.Sources.IValueTaskSource<System.Int32>.GetResult(Int16 token)\n   at System.Net.Http.HttpConnection.InitialFillAsync(Boolean async)\n   at System.Net.Http.HttpConnection.SendAsync(HttpRequestMessage request, Boolean async, CancellationToken cancellationToken)\n--SocketException\n\n--TearDown\n   at System.Reflection.MethodBaseInvoker.InvokeWithManyArgs(Object obj, BindingFlags invokeAttr, Binder binder, Object[] parameters, CultureInfo culture)\n   at Allure.Net.Commons.Steps.AllureStepAspectBase.Around(String name, Object[] args, Func`2 target, MethodBase metadata, Type returnType)\n   at TestRail.BaseEntities.BaseTest.__a$_around_TearDownBaseTest_100663595_w_1(Object[])\n   at Allure.NUnit.Internals.StopContainerAspect.StopTestContainerAfterTheLastOneTimeTearDown(Func`2 target, Object[] arguments, MethodBase metadata)\n   at TestRail.BaseEntities.BaseTest.__a$_around_TearDownBaseTest_100663595_w_0(Object[])\n   at TestRail.BaseEntities.BaseTest.TearDownBaseTest()\n   at InvokeStub_BaseTest.TearDownBaseTest(Object, Object, IntPtr*)\n   at System.Reflection.MethodBaseInvoker.InvokeWithNoArgs(Object obj, BindingFlags invokeAttr)\n--NullReferenceException\n   at TestRail.BaseEntities.BaseTest.__a$_around_TearDownBaseTest_100663595_o() in /home/runner/work/TestRail/TestRail/BaseEntities/BaseTest.cs:line 64\n   at TestRail.BaseEntities.BaseTest.__a$_around_TearDownBaseTest_100663595_u(Object[])\n   at Allure.Net.Commons.Steps.AllureAbstractStepAspect.WrapSyncVoid(Func`2 target, Object[] args, MethodBase metadata, String stepName, List`1 stepParameters)\n   at InvokeStub_AllureAbstractStepAspect.WrapSyncVoid(Object, Span`1)\n   at System.Reflection.MethodBaseInvoker.InvokeWithManyArgs(Object obj, BindingFlags invokeAttr, Binder binder, Object[] parameters, CultureInfo culture)","flaky":false,"newFailed":false,"newBroken":false,"newPassed":false,"retriesCount":0,"retriesStatusChange":false,"beforeStages":[{"name":"Setup API client","time":{"start":1720020822698,"stop":1720020822731,"duration":33},"status":"passed","steps":[],"attachments":[],"parameters":[],"shouldDisplayMessage":false,"stepsCount":0,"attachmentsCount":0,"hasContent":false},{"name":"Setup driver","time":{"start":1720020822732,"stop":1720020884155,"duration":61423},"status":"broken","statusMessage":"The HTTP request to the remote WebDriver server for URL http://localhost:39233/session timed out after 60 seconds.","statusTrace":"OpenQA.Selenium.WebDriverException: The HTTP request to the remote WebDriver server for URL http://localhost:39233/session timed out after 60 seconds.\n ---> System.Threading.Tasks.TaskCanceledException: The request was canceled due to the configured HttpClient.Timeout of 60 seconds elapsing.\n ---> System.TimeoutException: The operation was canceled.\n ---> System.Threading.Tasks.TaskCanceledException: The operation was canceled.\n ---> System.IO.IOException: Unable to read data from the transport connection: Operation canceled.\n ---> System.Net.Sockets.SocketException (125): Operation canceled\n   --- End of inner exception stack trace ---\n   at System.Net.Sockets.Socket.AwaitableSocketAsyncEventArgs.ThrowException(SocketError error, CancellationToken cancellationToken)\n   at System.Net.Sockets.Socket.AwaitableSocketAsyncEventArgs.System.Threading.Tasks.Sources.IValueTaskSource<System.Int32>.GetResult(Int16 token)\n   at System.Net.Http.HttpConnection.InitialFillAsync(Boolean async)\n   at System.Net.Http.HttpConnection.SendAsync(HttpRequestMessage request, Boolean async, CancellationToken cancellationToken)\n   --- End of inner exception stack trace ---\n   at System.Net.Http.HttpConnection.SendAsync(HttpRequestMessage request, Boolean async, CancellationToken cancellationToken)\n   at System.Net.Http.HttpConnectionPool.SendWithVersionDetectionAndRetryAsync(HttpRequestMessage request, Boolean async, Boolean doRequestAuth, CancellationToken cancellationToken)\n   at System.Net.Http.RedirectHandler.SendAsync(HttpRequestMessage request, Boolean async, CancellationToken cancellationToken)\n   at System.Net.Http.HttpClient.<SendAsync>g__Core|83_0(HttpRequestMessage request, HttpCompletionOption completionOption, CancellationTokenSource cts, Boolean disposeCts, CancellationTokenSource pendingRequestsCts, CancellationToken originalCancellationToken)\n   --- End of inner exception stack trace ---\n   --- End of inner exception stack trace ---\n   at System.Net.Http.HttpClient.HandleFailure(Exception e, Boolean telemetryStarted, HttpResponseMessage response, CancellationTokenSource cts, CancellationToken cancellationToken, CancellationTokenSource pendingRequestsCts)\n   at System.Net.Http.HttpClient.<SendAsync>g__Core|83_0(HttpRequestMessage request, HttpCompletionOption completionOption, CancellationTokenSource cts, Boolean disposeCts, CancellationTokenSource pendingRequestsCts, CancellationToken originalCancellationToken)\n   at OpenQA.Selenium.Remote.HttpCommandExecutor.MakeHttpRequest(HttpRequestInfo requestInfo)\n   at OpenQA.Selenium.Remote.HttpCommandExecutor.<>c__DisplayClass33_0.<<Execute>b__0>d.MoveNext()\n--- End of stack trace from previous location ---\n   at OpenQA.Selenium.Remote.HttpCommandExecutor.Execute(Command commandToExecute)\n   --- End of inner exception stack trace ---\n   at OpenQA.Selenium.Remote.HttpCommandExecutor.Execute(Command commandToExecute)\n   at OpenQA.Selenium.Remote.DriverServiceCommandExecutor.Execute(Command commandToExecute)\n   at OpenQA.Selenium.WebDriver.Execute(String driverCommandToExecute, Dictionary`2 parameters)\n   at OpenQA.Selenium.WebDriver.StartSession(ICapabilities capabilities)\n   at OpenQA.Selenium.WebDriver..ctor(ICommandExecutor executor, ICapabilities capabilities)\n   at OpenQA.Selenium.Chromium.ChromiumDriver..ctor(ChromiumDriverService service, ChromiumOptions options, TimeSpan commandTimeout)\n   at OpenQA.Selenium.Chrome.ChromeDriver..ctor(ChromeDriverService service, ChromeOptions options, TimeSpan commandTimeout)\n   at OpenQA.Selenium.Chrome.ChromeDriver..ctor(ChromeOptions options)\n   at TestRail.Core.DriverFactory.GetChromeDriver() in /home/runner/work/TestRail/TestRail/Core/DriverFactory.cs:line 23\n   at TestRail.Core.Browser..ctor() in /home/runner/work/TestRail/TestRail/Core/Browser.cs:line 17\n   at TestRail.BaseEntities.BaseTest.__a$_around_SetupBaseTest_100663594_o() in /home/runner/work/TestRail/TestRail/BaseEntities/BaseTest.cs:line 30\n   at TestRail.BaseEntities.BaseTest.__a$_around_SetupBaseTest_100663594_u(Object[])\n   at Allure.Net.Commons.Steps.AllureAbstractStepAspect.WrapSyncVoid(Func`2 target, Object[] args, MethodBase metadata, String stepName, List`1 stepParameters)","steps":[],"attachments":[],"parameters":[],"shouldDisplayMessage":true,"stepsCount":0,"attachmentsCount":0,"hasContent":true}],"testStage":{"description":"Verifying for adding a project with model data","status":"broken","statusMessage":"System.Reflection.TargetInvocationException : Exception has been thrown by the target of an invocation.\n  ----> OpenQA.Selenium.WebDriverException : The HTTP request to the remote WebDriver server for URL http://localhost:39233/session timed out after 60 seconds.\n  ----> System.Threading.Tasks.TaskCanceledException : The request was canceled due to the configured HttpClient.Timeout of 60 seconds elapsing.\n  ----> System.TimeoutException : The operation was canceled.\n  ----> System.Threading.Tasks.TaskCanceledException : The operation was canceled.\n  ----> System.IO.IOException : Unable to read data from the transport connection: Operation canceled.\n  ----> System.Net.Sockets.SocketException : Operation canceled\nTearDown : System.Reflection.TargetInvocationException : Exception has been thrown by the target of an invocation.\n  ----> System.NullReferenceException : Object reference not set to an instance of an object.","statusTrace":"   at System.Reflection.MethodBaseInvoker.InvokeWithManyArgs(Object obj, BindingFlags invokeAttr, Binder binder, Object[] parameters, CultureInfo culture)\n   at Allure.Net.Commons.Steps.AllureStepAspectBase.Around(String name, Object[] args, Func`2 target, MethodBase metadata, Type returnType)\n   at TestRail.BaseEntities.BaseTest.__a$_around_SetupBaseTest_100663594_w_0(Object[])\n   at TestRail.BaseEntities.BaseTest.SetupBaseTest()\n   at InvokeStub_BaseTest.SetupBaseTest(Object, Object, IntPtr*)\n   at System.Reflection.MethodBaseInvoker.InvokeWithNoArgs(Object obj, BindingFlags invokeAttr)\n--WebDriverException\n   at OpenQA.Selenium.Remote.HttpCommandExecutor.Execute(Command commandToExecute)\n   at OpenQA.Selenium.Remote.DriverServiceCommandExecutor.Execute(Command commandToExecute)\n   at OpenQA.Selenium.WebDriver.Execute(String driverCommandToExecute, Dictionary`2 parameters)\n   at OpenQA.Selenium.WebDriver.StartSession(ICapabilities capabilities)\n   at OpenQA.Selenium.WebDriver..ctor(ICommandExecutor executor, ICapabilities capabilities)\n   at OpenQA.Selenium.Chromium.ChromiumDriver..ctor(ChromiumDriverService service, ChromiumOptions options, TimeSpan commandTimeout)\n   at OpenQA.Selenium.Chrome.ChromeDriver..ctor(ChromeDriverService service, ChromeOptions options, TimeSpan commandTimeout)\n   at OpenQA.Selenium.Chrome.ChromeDriver..ctor(ChromeOptions options)\n   at TestRail.Core.DriverFactory.GetChromeDriver() in /home/runner/work/TestRail/TestRail/Core/DriverFactory.cs:line 23\n   at TestRail.Core.Browser..ctor() in /home/runner/work/TestRail/TestRail/Core/Browser.cs:line 17\n   at TestRail.BaseEntities.BaseTest.__a$_around_SetupBaseTest_100663594_o() in /home/runner/work/TestRail/TestRail/BaseEntities/BaseTest.cs:line 30\n   at TestRail.BaseEntities.BaseTest.__a$_around_SetupBaseTest_100663594_u(Object[])\n   at Allure.Net.Commons.Steps.AllureAbstractStepAspect.WrapSyncVoid(Func`2 target, Object[] args, MethodBase metadata, String stepName, List`1 stepParameters)\n   at InvokeStub_AllureAbstractStepAspect.WrapSyncVoid(Object, Span`1)\n   at System.Reflection.MethodBaseInvoker.InvokeWithManyArgs(Object obj, BindingFlags invokeAttr, Binder binder, Object[] parameters, CultureInfo culture)\n--TaskCanceledException\n   at System.Net.Http.HttpClient.HandleFailure(Exception e, Boolean telemetryStarted, HttpResponseMessage response, CancellationTokenSource cts, CancellationToken cancellationToken, CancellationTokenSource pendingRequestsCts)\n   at System.Net.Http.HttpClient.<SendAsync>g__Core|83_0(HttpRequestMessage request, HttpCompletionOption completionOption, CancellationTokenSource cts, Boolean disposeCts, CancellationTokenSource pendingRequestsCts, CancellationToken originalCancellationToken)\n   at OpenQA.Selenium.Remote.HttpCommandExecutor.MakeHttpRequest(HttpRequestInfo requestInfo)\n   at OpenQA.Selenium.Remote.HttpCommandExecutor.<>c__DisplayClass33_0.<<Execute>b__0>d.MoveNext()\n--- End of stack trace from previous location ---\n   at OpenQA.Selenium.Remote.HttpCommandExecutor.Execute(Command commandToExecute)\n--TimeoutException\n\n--TaskCanceledException\n   at System.Net.Http.HttpConnection.SendAsync(HttpRequestMessage request, Boolean async, CancellationToken cancellationToken)\n   at System.Net.Http.HttpConnectionPool.SendWithVersionDetectionAndRetryAsync(HttpRequestMessage request, Boolean async, Boolean doRequestAuth, CancellationToken cancellationToken)\n   at System.Net.Http.RedirectHandler.SendAsync(HttpRequestMessage request, Boolean async, CancellationToken cancellationToken)\n   at System.Net.Http.HttpClient.<SendAsync>g__Core|83_0(HttpRequestMessage request, HttpCompletionOption completionOption, CancellationTokenSource cts, Boolean disposeCts, CancellationTokenSource pendingRequestsCts, CancellationToken originalCancellationToken)\n--IOException\n   at System.Net.Sockets.Socket.AwaitableSocketAsyncEventArgs.ThrowException(SocketError error, CancellationToken cancellationToken)\n   at System.Net.Sockets.Socket.AwaitableSocketAsyncEventArgs.System.Threading.Tasks.Sources.IValueTaskSource<System.Int32>.GetResult(Int16 token)\n   at System.Net.Http.HttpConnection.InitialFillAsync(Boolean async)\n   at System.Net.Http.HttpConnection.SendAsync(HttpRequestMessage request, Boolean async, CancellationToken cancellationToken)\n--SocketException\n\n--TearDown\n   at System.Reflection.MethodBaseInvoker.InvokeWithManyArgs(Object obj, BindingFlags invokeAttr, Binder binder, Object[] parameters, CultureInfo culture)\n   at Allure.Net.Commons.Steps.AllureStepAspectBase.Around(String name, Object[] args, Func`2 target, MethodBase metadata, Type returnType)\n   at TestRail.BaseEntities.BaseTest.__a$_around_TearDownBaseTest_100663595_w_1(Object[])\n   at Allure.NUnit.Internals.StopContainerAspect.StopTestContainerAfterTheLastOneTimeTearDown(Func`2 target, Object[] arguments, MethodBase metadata)\n   at TestRail.BaseEntities.BaseTest.__a$_around_TearDownBaseTest_100663595_w_0(Object[])\n   at TestRail.BaseEntities.BaseTest.TearDownBaseTest()\n   at InvokeStub_BaseTest.TearDownBaseTest(Object, Object, IntPtr*)\n   at System.Reflection.MethodBaseInvoker.InvokeWithNoArgs(Object obj, BindingFlags invokeAttr)\n--NullReferenceException\n   at TestRail.BaseEntities.BaseTest.__a$_around_TearDownBaseTest_100663595_o() in /home/runner/work/TestRail/TestRail/BaseEntities/BaseTest.cs:line 64\n   at TestRail.BaseEntities.BaseTest.__a$_around_TearDownBaseTest_100663595_u(Object[])\n   at Allure.Net.Commons.Steps.AllureAbstractStepAspect.WrapSyncVoid(Func`2 target, Object[] args, MethodBase metadata, String stepName, List`1 stepParameters)\n   at InvokeStub_AllureAbstractStepAspect.WrapSyncVoid(Object, Span`1)\n   at System.Reflection.MethodBaseInvoker.InvokeWithManyArgs(Object obj, BindingFlags invokeAttr, Binder binder, Object[] parameters, CultureInfo culture)","steps":[],"attachments":[{"uid":"77e3108e23b842b7","name":"Console Output","source":"77e3108e23b842b7.txt","type":"text/plain","size":484}],"parameters":[],"shouldDisplayMessage":true,"stepsCount":0,"attachmentsCount":1,"hasContent":true},"afterStages":[{"name":"Driver dispose","time":{"start":1720020884155,"stop":1720020884156,"duration":1},"status":"broken","statusMessage":"Object reference not set to an instance of an object.","statusTrace":"System.NullReferenceException: Object reference not set to an instance of an object.\n   at TestRail.BaseEntities.BaseTest.__a$_around_TearDownBaseTest_100663595_o() in /home/runner/work/TestRail/TestRail/BaseEntities/BaseTest.cs:line 64\n   at TestRail.BaseEntities.BaseTest.__a$_around_TearDownBaseTest_100663595_u(Object[])\n   at Allure.Net.Commons.Steps.AllureAbstractStepAspect.WrapSyncVoid(Func`2 target, Object[] args, MethodBase metadata, String stepName, List`1 stepParameters)","steps":[],"attachments":[],"parameters":[],"shouldDisplayMessage":true,"stepsCount":0,"attachmentsCount":0,"hasContent":true},{"name":"API client dispose","time":{"start":1720020884156,"stop":1720020884156,"duration":0},"status":"passed","steps":[],"attachments":[],"parameters":[],"shouldDisplayMessage":false,"stepsCount":0,"attachmentsCount":0,"hasContent":false}],"labels":[{"name":"thread","value":"ParallelWorker#4"},{"name":"host","value":"fv-az774-564"},{"name":"language","value":"C#"},{"name":"framework","value":"NUnit 3"},{"name":"package","value":"TestRail.Tests.UI"},{"name":"testMethod","value":"AddProject"},{"name":"testClass","value":"ProjectTests"},{"name":"severity","value":"critical"},{"name":"story","value":"Add a project"},{"name":"feature","value":"Project Tests"},{"name":"owner","value":"EAntonova"},{"name":"epic","value":"TestRail"},{"name":"tag","value":"SmokeTests"},{"name":"tag","value":"ProjectTests"},{"name":"resultFormat","value":"allure2"}],"parameters":[],"links":[],"hidden":false,"retry":false,"extra":{"severity":"critical","owner":"EAntonova","retries":[],"categories":[{"name":"Test defects","matchedStatuses":[],"flaky":false}],"history":{"statistic":{"failed":0,"broken":2,"skipped":0,"passed":22,"unknown":0,"total":24},"items":[{"uid":"e63d083bb29f35ff","reportUrl":"https://Liska07.github.io/TestRail/110//#testresult/e63d083bb29f35ff","status":"broken","statusDetails":"System.Reflection.TargetInvocationException : Exception has been thrown by the target of an invocation.\n  ----> OpenQA.Selenium.WebDriverException : The HTTP request to the remote WebDriver server for URL http://localhost:40789/session timed out after 60 seconds.\n  ----> System.Threading.Tasks.TaskCanceledException : The request was canceled due to the configured HttpClient.Timeout of 60 seconds elapsing.\n  ----> System.TimeoutException : The operation was canceled.\n  ----> System.Threading.Tasks.TaskCanceledException : The operation was canceled.\n  ----> System.Net.Http.HttpIOException : The response ended prematurely. (ResponseEnded)\nTearDown : System.Reflection.TargetInvocationException : Exception has been thrown by the target of an invocation.\n  ----> System.NullReferenceException : Object reference not set to an instance of an object.","time":{"start":1720020555761,"stop":1720020617373,"duration":61612}},{"uid":"e4a2e5817cd4b48","reportUrl":"https://Liska07.github.io/TestRail/109//#testresult/e4a2e5817cd4b48","status":"passed","time":{"start":1720014151113,"stop":1720014158679,"duration":7566}},{"uid":"8ba214023743dfe0","reportUrl":"https://Liska07.github.io/TestRail/108//#testresult/8ba214023743dfe0","status":"passed","time":{"start":1719970401176,"stop":1719970408039,"duration":6863}},{"uid":"78676929918b2b84","reportUrl":"https://Liska07.github.io/TestRail/107//#testresult/78676929918b2b84","status":"passed","time":{"start":1719970007104,"stop":1719970015250,"duration":8146}},{"uid":"7fd62a902820cd17","reportUrl":"https://Liska07.github.io/TestRail/106//#testresult/7fd62a902820cd17","status":"passed","time":{"start":1719969662323,"stop":1719969669702,"duration":7379}},{"uid":"fc36d1eba7de7169","reportUrl":"https://Liska07.github.io/TestRail/105//#testresult/fc36d1eba7de7169","status":"passed","time":{"start":1719927735741,"stop":1719927743376,"duration":7635}},{"uid":"eadea8d9901d4183","reportUrl":"https://Liska07.github.io/TestRail/104//#testresult/eadea8d9901d4183","status":"passed","time":{"start":1719841369414,"stop":1719841377513,"duration":8099}},{"uid":"9ac2e43bdf88d05d","reportUrl":"https://Liska07.github.io/TestRail/103//#testresult/9ac2e43bdf88d05d","status":"passed","time":{"start":1719754940829,"stop":1719754946253,"duration":5424}},{"uid":"2ed472c49f08822c","reportUrl":"https://Liska07.github.io/TestRail/102//#testresult/2ed472c49f08822c","status":"passed","time":{"start":1719668549986,"stop":1719668569521,"duration":19535}},{"uid":"9f1b8419026c3e70","reportUrl":"https://Liska07.github.io/TestRail/101//#testresult/9f1b8419026c3e70","status":"passed","time":{"start":1719582141470,"stop":1719582149891,"duration":8421}},{"uid":"73c75f151d911554","reportUrl":"https://Liska07.github.io/TestRail/100//#testresult/73c75f151d911554","status":"passed","time":{"start":1719495763431,"stop":1719495783554,"duration":20123}},{"uid":"abe8fc50082f63ab","reportUrl":"https://Liska07.github.io/TestRail/99//#testresult/abe8fc50082f63ab","status":"passed","time":{"start":1719409345773,"stop":1719409364326,"duration":18553}},{"uid":"9150d941911e96d4","reportUrl":"https://Liska07.github.io/TestRail/98//#testresult/9150d941911e96d4","status":"passed","time":{"start":1719323712287,"stop":1719323731176,"duration":18889}},{"uid":"46be9b141f81f514","reportUrl":"https://Liska07.github.io/TestRail/97//#testresult/46be9b141f81f514","status":"passed","time":{"start":1719323013135,"stop":1719323062578,"duration":49443}},{"uid":"312564bbd3d5199e","reportUrl":"https://Liska07.github.io/TestRail/96//#testresult/312564bbd3d5199e","status":"passed","time":{"start":1719236545953,"stop":1719236586207,"duration":40254}},{"uid":"1dc4beebb262ad24","reportUrl":"https://Liska07.github.io/TestRail/95//#testresult/1dc4beebb262ad24","status":"passed","time":{"start":1719150165199,"stop":1719150172026,"duration":6827}},{"uid":"22d173adc0d2c9e1","reportUrl":"https://Liska07.github.io/TestRail/94//#testresult/22d173adc0d2c9e1","status":"passed","time":{"start":1719063738746,"stop":1719063746090,"duration":7344}},{"uid":"c92d8af0d8739899","reportUrl":"https://Liska07.github.io/TestRail/92//#testresult/c92d8af0d8739899","status":"passed","time":{"start":1718977359212,"stop":1718977371301,"duration":12089}},{"uid":"1d944f458fe1da3f","reportUrl":"https://Liska07.github.io/TestRail/91//#testresult/1d944f458fe1da3f","status":"passed","time":{"start":1718890960194,"stop":1718890967785,"duration":7591}},{"uid":"8e544197bc3ccd14","reportUrl":"https://Liska07.github.io/TestRail/90//#testresult/8e544197bc3ccd14","status":"passed","time":{"start":1718809282566,"stop":1718809298665,"duration":16099}}]},"tags":["ProjectTests","SmokeTests"]},"source":"3f951b726c0e80d.json","parameterValues":[]}