2024/06/10 14:42:57.449|INFO|Successful login     
2024/06/10 14:43:03.383|ERROR|'Add Project Button' on the 'Project List Page' is not  displayed! OpenQA.Selenium.NoSuchElementException: no such element: Unable to locate element: {"method":"xpath","selector":"//a[contains(text(), 'Add Project')]"}
  (Session info: chrome-headless-shell=125.0.6422.141); For documentation on this error, please visit: https://www.selenium.dev/documentation/webdriver/troubleshooting/errors#no-such-element-exception
   at OpenQA.Selenium.WebDriver.UnpackAndThrowOnError(Response errorResponse, String commandToExecute)
   at OpenQA.Selenium.WebDriver.Execute(String driverCommandToExecute, Dictionary`2 parameters)
   at OpenQA.Selenium.WebDriver.FindElement(String mechanism, String value)
   at OpenQA.Selenium.By.<.ctor>b__11_0(ISearchContext context)
   at OpenQA.Selenium.By.FindElement(ISearchContext context)
   at OpenQA.Selenium.WebDriver.FindElement(By by)
   at TestRail.Elements.UiElement..ctor(IWebDriver driver, By locator) in /home/runner/work/TestRail/TestRail/Elements/UiElement.cs:line 54
   at TestRail.Elements.Button..ctor(IWebDriver driver, By locator) in /home/runner/work/TestRail/TestRail/Elements/Button.cs:line 12
   at TestRail.Pages.ProjectPages.ProjectListPage.AddProjectButton() in /home/runner/work/TestRail/TestRail/Pages/ProjectPages/ProjectListPage.cs:line 17
   at TestRail.Pages.ProjectPages.ProjectListPage.EvaluateLoadedStatus() in /home/runner/work/TestRail/TestRail/Pages/ProjectPages/ProjectListPage.cs:line 28     
2024/06/10 14:43:09.592|ERROR|'Add Project Button' on the 'Project List Page' is not  displayed! OpenQA.Selenium.NoSuchElementException: no such element: Unable to locate element: {"method":"xpath","selector":"//a[contains(text(), 'Add Project')]"}
  (Session info: chrome-headless-shell=125.0.6422.141); For documentation on this error, please visit: https://www.selenium.dev/documentation/webdriver/troubleshooting/errors#no-such-element-exception
   at OpenQA.Selenium.WebDriver.UnpackAndThrowOnError(Response errorResponse, String commandToExecute)
   at OpenQA.Selenium.WebDriver.Execute(String driverCommandToExecute, Dictionary`2 parameters)
   at OpenQA.Selenium.WebDriver.FindElement(String mechanism, String value)
   at TestRail.Elements.UiElement..ctor(IWebDriver driver, By locator) in /home/runner/work/TestRail/TestRail/Elements/UiElement.cs:line 54
   at TestRail.Elements.Button..ctor(IWebDriver driver, By locator) in /home/runner/work/TestRail/TestRail/Elements/Button.cs:line 12
   at TestRail.Pages.ProjectPages.ProjectListPage.AddProjectButton() in /home/runner/work/TestRail/TestRail/Pages/ProjectPages/ProjectListPage.cs:line 17
   at TestRail.Pages.ProjectPages.ProjectListPage.EvaluateLoadedStatus() in /home/runner/work/TestRail/TestRail/Pages/ProjectPages/ProjectListPage.cs:line 28     
2024/06/10 14:43:09.626|INFO|Attached a screenshot to Allure     
